--------------------
./configure --prefix=/home/cro/Sdk/luckfox-pico/sysdrv/tools/board/toolkits/zlib/out
Thu Jul 25 15:11:08 CST 2024
=== ztest416528.c ===
extern int getchar();
int hello() {return getchar();}
===
arm-rockchip830-linux-uclibcgnueabihf-gcc -c ztest416528.c
... using gcc

Checking for obsessive-compulsive compiler options...
=== ztest416528.c ===
int foo() { return 0; }
===
arm-rockchip830-linux-uclibcgnueabihf-gcc -c -march=armv7-a -mfpu=neon -mfloat-abi=hard -march=armv7-a -mfpu=neon -mfloat-abi=hard -march=armv7-a -mfpu=neon -mfloat-abi=hard -march=armv7-a -mfpu=neon -mfloat-abi=hard -D_LARGEFILE_SOURCE -D_LARGEFILE64_SOURCE -D_FILE_OFFSET_BITS=64 -Os -mthumb -Wa,-mimplicit-it=thumb -mthumb-interwork ztest416528.c

Checking for shared library support...
=== ztest416528.c ===
extern int getchar();
int hello() {return getchar();}
===
arm-rockchip830-linux-uclibcgnueabihf-gcc -w -c -march=armv7-a -mfpu=neon -mfloat-abi=hard -march=armv7-a -mfpu=neon -mfloat-abi=hard -march=armv7-a -mfpu=neon -mfloat-abi=hard -march=armv7-a -mfpu=neon -mfloat-abi=hard -D_LARGEFILE_SOURCE -D_LARGEFILE64_SOURCE -D_FILE_OFFSET_BITS=64 -Os -mthumb -Wa,-mimplicit-it=thumb -mthumb-interwork -fPIC ztest416528.c
arm-rockchip830-linux-uclibcgnueabihf-gcc -shared -Wl,-soname,libz.so.1,--version-script,zlib.map -march=armv7-a -mfpu=neon -mfloat-abi=hard -march=armv7-a -mfpu=neon -mfloat-abi=hard -march=armv7-a -mfpu=neon -mfloat-abi=hard -march=armv7-a -mfpu=neon -mfloat-abi=hard -D_LARGEFILE_SOURCE -D_LARGEFILE64_SOURCE -D_FILE_OFFSET_BITS=64 -Os -mthumb -Wa,-mimplicit-it=thumb -mthumb-interwork -fPIC -o ztest416528.so ztest416528.o
Building shared library libz.so.1.2.11 with arm-rockchip830-linux-uclibcgnueabihf-gcc.

=== ztest416528.c ===
#include <stdio.h>
#include <stdlib.h>
size_t dummy = 0;
===
arm-rockchip830-linux-uclibcgnueabihf-gcc -c -march=armv7-a -mfpu=neon -mfloat-abi=hard -march=armv7-a -mfpu=neon -mfloat-abi=hard -march=armv7-a -mfpu=neon -mfloat-abi=hard -march=armv7-a -mfpu=neon -mfloat-abi=hard -D_LARGEFILE_SOURCE -D_LARGEFILE64_SOURCE -D_FILE_OFFSET_BITS=64 -Os -mthumb -Wa,-mimplicit-it=thumb -mthumb-interwork ztest416528.c
Checking for size_t... Yes.


=== ztest416528.c ===
#include <sys/types.h>
off64_t dummy = 0;
===
arm-rockchip830-linux-uclibcgnueabihf-gcc -c -march=armv7-a -mfpu=neon -mfloat-abi=hard -march=armv7-a -mfpu=neon -mfloat-abi=hard -march=armv7-a -mfpu=neon -mfloat-abi=hard -march=armv7-a -mfpu=neon -mfloat-abi=hard -D_LARGEFILE_SOURCE -D_LARGEFILE64_SOURCE -D_FILE_OFFSET_BITS=64 -Os -mthumb -Wa,-mimplicit-it=thumb -mthumb-interwork -D_LARGEFILE64_SOURCE=1 ztest416528.c
Checking for off64_t... Yes.
Checking for fseeko... Yes.

=== ztest416528.c ===
#include <string.h>
#include <errno.h>
int main() { return strlen(strerror(errno)); }
===
arm-rockchip830-linux-uclibcgnueabihf-gcc -march=armv7-a -mfpu=neon -mfloat-abi=hard -march=armv7-a -mfpu=neon -mfloat-abi=hard -march=armv7-a -mfpu=neon -mfloat-abi=hard -march=armv7-a -mfpu=neon -mfloat-abi=hard -D_LARGEFILE_SOURCE -D_LARGEFILE64_SOURCE -D_FILE_OFFSET_BITS=64 -Os -mthumb -Wa,-mimplicit-it=thumb -mthumb-interwork -D_LARGEFILE64_SOURCE=1 -o ztest416528 ztest416528.c
Checking for strerror... Yes.

=== ztest416528.c ===
#include <unistd.h>
int main() { return 0; }
===
arm-rockchip830-linux-uclibcgnueabihf-gcc -c -march=armv7-a -mfpu=neon -mfloat-abi=hard -march=armv7-a -mfpu=neon -mfloat-abi=hard -march=armv7-a -mfpu=neon -mfloat-abi=hard -march=armv7-a -mfpu=neon -mfloat-abi=hard -D_LARGEFILE_SOURCE -D_LARGEFILE64_SOURCE -D_FILE_OFFSET_BITS=64 -Os -mthumb -Wa,-mimplicit-it=thumb -mthumb-interwork -D_LARGEFILE64_SOURCE=1 ztest416528.c
Checking for unistd.h... Yes.

=== ztest416528.c ===
#include <stdarg.h>
int main() { return 0; }
===
arm-rockchip830-linux-uclibcgnueabihf-gcc -c -march=armv7-a -mfpu=neon -mfloat-abi=hard -march=armv7-a -mfpu=neon -mfloat-abi=hard -march=armv7-a -mfpu=neon -mfloat-abi=hard -march=armv7-a -mfpu=neon -mfloat-abi=hard -D_LARGEFILE_SOURCE -D_LARGEFILE64_SOURCE -D_FILE_OFFSET_BITS=64 -Os -mthumb -Wa,-mimplicit-it=thumb -mthumb-interwork -D_LARGEFILE64_SOURCE=1 ztest416528.c
Checking for stdarg.h... Yes.

=== ztest416528.c ===
#include <stdio.h>
#include <stdarg.h>
#include "zconf.h"
int main()
{
#ifndef STDC
  choke me
#endif
  return 0;
}
===
arm-rockchip830-linux-uclibcgnueabihf-gcc -c -march=armv7-a -mfpu=neon -mfloat-abi=hard -march=armv7-a -mfpu=neon -mfloat-abi=hard -march=armv7-a -mfpu=neon -mfloat-abi=hard -march=armv7-a -mfpu=neon -mfloat-abi=hard -D_LARGEFILE_SOURCE -D_LARGEFILE64_SOURCE -D_FILE_OFFSET_BITS=64 -Os -mthumb -Wa,-mimplicit-it=thumb -mthumb-interwork -D_LARGEFILE64_SOURCE=1 ztest416528.c
Checking whether to use vs[n]printf() or s[n]printf()... using vs[n]printf().

=== ztest416528.c ===
#include <stdio.h>
#include <stdarg.h>
int mytest(const char *fmt, ...)
{
  char buf[20];
  va_list ap;
  va_start(ap, fmt);
  vsnprintf(buf, sizeof(buf), fmt, ap);
  va_end(ap);
  return 0;
}
int main()
{
  return (mytest("Hello%d\n", 1));
}
===
arm-rockchip830-linux-uclibcgnueabihf-gcc -march=armv7-a -mfpu=neon -mfloat-abi=hard -march=armv7-a -mfpu=neon -mfloat-abi=hard -march=armv7-a -mfpu=neon -mfloat-abi=hard -march=armv7-a -mfpu=neon -mfloat-abi=hard -D_LARGEFILE_SOURCE -D_LARGEFILE64_SOURCE -D_FILE_OFFSET_BITS=64 -Os -mthumb -Wa,-mimplicit-it=thumb -mthumb-interwork -D_LARGEFILE64_SOURCE=1 -o ztest416528 ztest416528.c
Checking for vsnprintf() in stdio.h... Yes.

=== ztest416528.c ===
#include <stdio.h>
#include <stdarg.h>
int mytest(const char *fmt, ...)
{
  int n;
  char buf[20];
  va_list ap;
  va_start(ap, fmt);
  n = vsnprintf(buf, sizeof(buf), fmt, ap);
  va_end(ap);
  return n;
}
int main()
{
  return (mytest("Hello%d\n", 1));
}
===
arm-rockchip830-linux-uclibcgnueabihf-gcc -c -march=armv7-a -mfpu=neon -mfloat-abi=hard -march=armv7-a -mfpu=neon -mfloat-abi=hard -march=armv7-a -mfpu=neon -mfloat-abi=hard -march=armv7-a -mfpu=neon -mfloat-abi=hard -D_LARGEFILE_SOURCE -D_LARGEFILE64_SOURCE -D_FILE_OFFSET_BITS=64 -Os -mthumb -Wa,-mimplicit-it=thumb -mthumb-interwork -D_LARGEFILE64_SOURCE=1 ztest416528.c
Checking for return value of vsnprintf()... Yes.

=== ztest416528.c ===
#define ZLIB_INTERNAL __attribute__((visibility ("hidden")))
int ZLIB_INTERNAL foo;
int main()
{
  return 0;
}
===
arm-rockchip830-linux-uclibcgnueabihf-gcc -c -march=armv7-a -mfpu=neon -mfloat-abi=hard -march=armv7-a -mfpu=neon -mfloat-abi=hard -march=armv7-a -mfpu=neon -mfloat-abi=hard -march=armv7-a -mfpu=neon -mfloat-abi=hard -D_LARGEFILE_SOURCE -D_LARGEFILE64_SOURCE -D_FILE_OFFSET_BITS=64 -Os -mthumb -Wa,-mimplicit-it=thumb -mthumb-interwork -D_LARGEFILE64_SOURCE=1 ztest416528.c
Checking for attribute(visibility) support... Yes.

ALL = static shared all64
AR = ar
ARFLAGS = rc
CC = arm-rockchip830-linux-uclibcgnueabihf-gcc
CFLAGS = -march=armv7-a -mfpu=neon -mfloat-abi=hard -march=armv7-a -mfpu=neon -mfloat-abi=hard -march=armv7-a -mfpu=neon -mfloat-abi=hard -march=armv7-a -mfpu=neon -mfloat-abi=hard -D_LARGEFILE_SOURCE -D_LARGEFILE64_SOURCE -D_FILE_OFFSET_BITS=64 -Os -mthumb -Wa,-mimplicit-it=thumb -mthumb-interwork -D_LARGEFILE64_SOURCE=1 -DHAVE_HIDDEN
CPP = arm-rockchip830-linux-uclibcgnueabihf-cpp
EXE =
LDCONFIG = ldconfig
LDFLAGS = -march=armv7-a -mfpu=neon -mfloat-abi=hard -march=armv7-a -mfpu=neon -mfloat-abi=hard -march=armv7-a -mfpu=neon -mfloat-abi=hard -march=armv7-a -mfpu=neon -mfloat-abi=hard -D_LARGEFILE_SOURCE -D_LARGEFILE64_SOURCE -D_FILE_OFFSET_BITS=64 -Os -mthumb -Wa,-mimplicit-it=thumb -mthumb-interwork
LDSHARED = arm-rockchip830-linux-uclibcgnueabihf-gcc -shared -Wl,-soname,libz.so.1,--version-script,zlib.map
LDSHAREDLIBC = -lc
OBJC = $(OBJZ) $(OBJG)
PIC_OBJC = $(PIC_OBJZ) $(PIC_OBJG)
RANLIB = ranlib
SFLAGS = -march=armv7-a -mfpu=neon -mfloat-abi=hard -march=armv7-a -mfpu=neon -mfloat-abi=hard -march=armv7-a -mfpu=neon -mfloat-abi=hard -march=armv7-a -mfpu=neon -mfloat-abi=hard -D_LARGEFILE_SOURCE -D_LARGEFILE64_SOURCE -D_FILE_OFFSET_BITS=64 -Os -mthumb -Wa,-mimplicit-it=thumb -mthumb-interwork -fPIC -D_LARGEFILE64_SOURCE=1 -DHAVE_HIDDEN
SHAREDLIB = libz.so
SHAREDLIBM = libz.so.1
SHAREDLIBV = libz.so.1.2.11
STATICLIB = libz.a
TEST = all teststatic testshared test64
VER = 1.2.11
Z_U4 =
SRCDIR =
exec_prefix = ${prefix}
includedir = ${prefix}/include
libdir = ${exec_prefix}/lib
mandir = ${prefix}/share/man
prefix = /home/cro/Sdk/luckfox-pico/sysdrv/tools/board/toolkits/zlib/out
sharedlibdir = ${libdir}
uname = Linux
--------------------


