This file contains any messages produced by compilers while
running configure, to aid debugging if configure makes a mistake.

It was created by opcodes configure 2.35.50, which was
generated by GNU Autoconf 2.69.  Invocation command line was

  $ /home/cro/Sdk/luckfox-pico/sysdrv/tools/board/gdb/gdb-10.2/opcodes/configure --srcdir=.././opcodes --cache-file=./config.cache --prefix=/home/cro/Sdk/luckfox-pico/sysdrv/tools/board/gdb/gdb-10.2/out --disable-gtk-doc --disable-gtk-doc-html --disable-doc --disable-docs --disable-documentation --with-xmlto=no --with-fop=no --disable-dependency-tracking --enable-ipv6 --disable-nls --disable-static --enable-shared --without-uiout --disable-gdbtk --without-x --disable-sim --disable-binutils --disable-install-libbfd --disable-ld --disable-gas --enable-gdbserver --with-curses --without-included-gettext --disable-werror --enable-static --without-mpfr --disable-tui --without-python --without-lzma --with-expat --with-libexpat-prefix=/home/cro/Sdk/luckfox-pico/sysdrv/tools/board/gdb/expat-2.4.1/out --with-zlib --program-transform-name=s,y,y, --disable-option-checking --build=x86_64-pc-linux-gnu --host=arm-rockchip830-linux-uclibcgnueabihf --target=arm-rockchip830-linux-uclibcgnueabihf

## --------- ##
## Platform. ##
## --------- ##

hostname = DESKTOP-RUMO6US
uname -m = x86_64
uname -r = 5.15.153.1-microsoft-standard-WSL2
uname -s = Linux
uname -v = #1 SMP Fri Mar 29 23:14:13 UTC 2024

/usr/bin/uname -p = x86_64
/bin/uname -X     = unknown

/bin/arch              = x86_64
/usr/bin/arch -k       = unknown
/usr/convex/getsysinfo = unknown
/usr/bin/hostinfo      = unknown
/bin/machine           = unknown
/usr/bin/oslevel       = unknown
/bin/universe          = unknown

PATH: /home/cro/Sdk/luckfox-pico/sysdrv/tools/pc/toolkits
PATH: /home/cro/Sdk/luckfox-pico/sysdrv/tools/pc/uboot_tools
PATH: /home/cro/Sdk/luckfox-pico/sysdrv/out/bin/pc
PATH: /home/cro/Sdk/luckfox-pico/sysdrv/tools/pc/toolkits
PATH: /home/cro/Sdk/luckfox-pico/sysdrv/tools/pc/uboot_tools
PATH: /home/cro/Sdk/luckfox-pico/sysdrv/out/bin/pc
PATH: /home/cro/Sdk/luckfox-pico/tools/linux/toolchain/arm-rockchip830-linux-uclibcgnueabihf/bin
PATH: /home/cro/Sdk/luckfox-pico/output/out/sysdrv_out/pc
PATH: /home/cro/miniconda3/bin
PATH: /home/cro/miniconda3/condabin
PATH: /usr/local/sbin
PATH: /usr/local/bin
PATH: /usr/sbin
PATH: /usr/bin
PATH: /sbin
PATH: /bin
PATH: /usr/games
PATH: /usr/local/games
PATH: /usr/lib/wsl/lib
PATH: /home/cro/Sdk/luckfox-pico/tools/linux/toolchain/arm-rockchip830-linux-uclibcgnueabihf/bin
PATH: /opt/gcc-linaro-11.3.1-2022.06-x86_64_arm-linux-gnueabihf/bin
PATH: /home/cro/doc/clipboard-provider
PATH: /home/cro/Sdk/luckfox-pico/sysdrv/source/kernel/scripts/dtc


## ----------- ##
## Core tests. ##
## ----------- ##

configure:2228: creating cache ./config.cache
configure:2339: checking build system type
configure:2353: result: x86_64-pc-linux-gnu
configure:2373: checking host system type
configure:2386: result: arm-rockchip830-linux-uclibcgnueabihf
configure:2406: checking target system type
configure:2419: result: arm-rockchip830-linux-uclibcgnueabihf
configure:2456: checking for arm-rockchip830-linux-uclibcgnueabihf-gcc
configure:2483: result: arm-rockchip830-linux-uclibcgnueabihf-gcc
configure:2752: checking for C compiler version
configure:2761: arm-rockchip830-linux-uclibcgnueabihf-gcc --version >&5
arm-rockchip830-linux-uclibcgnueabihf-gcc (crosstool-NG 1.24.0) 8.3.0
Copyright (C) 2018 Free Software Foundation, Inc.
This is free software; see the source for copying conditions.  There is NO
warranty; not even for MERCHANTABILITY or FITNESS FOR A PARTICULAR PURPOSE.

configure:2772: $? = 0
configure:2761: arm-rockchip830-linux-uclibcgnueabihf-gcc -v >&5
Using built-in specs.
COLLECT_GCC=arm-rockchip830-linux-uclibcgnueabihf-gcc
COLLECT_LTO_WRAPPER=/home/cro/Sdk/luckfox-pico/tools/linux/toolchain/arm-rockchip830-linux-uclibcgnueabihf/bin/../libexec/gcc/arm-rockchip830-linux-uclibcgnueabihf/8.3.0/lto-wrapper
Target: arm-rockchip830-linux-uclibcgnueabihf
Configured with: /opt/.build/arm-rockchip830-linux-uclibcgnueabihf/src/gcc/configure --build=x86_64-build_pc-linux-gnu --host=x86_64-build_pc-linux-gnu --target=arm-rockchip830-linux-uclibcgnueabihf --prefix=/opt/x-tool/arm-rockchip830-linux-uclibcgnueabihf --with-sysroot=/opt/x-tool/arm-rockchip830-linux-uclibcgnueabihf/arm-rockchip830-linux-uclibcgnueabihf/sysroot --enable-languages=c,c++ --with-arch=armv7-a --with-fpu=neon-vfpv4 --with-float=hard --with-pkgversion='crosstool-NG 1.24.0' --enable-__cxa_atexit --disable-libmudflap --disable-libgomp --disable-libssp --disable-libquadmath --disable-libquadmath-support --disable-libsanitizer --disable-libmpx --with-gmp=/opt/.build/arm-rockchip830-linux-uclibcgnueabihf/buildtools --with-mpfr=/opt/.build/arm-rockchip830-linux-uclibcgnueabihf/buildtools --with-mpc=/opt/.build/arm-rockchip830-linux-uclibcgnueabihf/buildtools --with-isl=/opt/.build/arm-rockchip830-linux-uclibcgnueabihf/buildtools --enable-lto --with-host-libstdcxx='-static-libgcc -Wl,-Bstatic,-lstdc++,-Bdynamic -lm' --enable-threads=posix --enable-target-optspace --enable-plugin --enable-gold --disable-nls --disable-multilib --with-local-prefix=/opt/x-tool/arm-rockchip830-linux-uclibcgnueabihf/arm-rockchip830-linux-uclibcgnueabihf/sysroot --enable-long-long
Thread model: posix
gcc version 8.3.0 (crosstool-NG 1.24.0) 
configure:2772: $? = 0
configure:2761: arm-rockchip830-linux-uclibcgnueabihf-gcc -V >&5
arm-rockchip830-linux-uclibcgnueabihf-gcc: error: unrecognized command line option '-V'
arm-rockchip830-linux-uclibcgnueabihf-gcc: fatal error: no input files
compilation terminated.
configure:2772: $? = 1
configure:2761: arm-rockchip830-linux-uclibcgnueabihf-gcc -qversion >&5
arm-rockchip830-linux-uclibcgnueabihf-gcc: error: unrecognized command line option '-qversion'; did you mean '--version'?
arm-rockchip830-linux-uclibcgnueabihf-gcc: fatal error: no input files
compilation terminated.
configure:2772: $? = 1
configure:2792: checking whether the C compiler works
configure:2814: arm-rockchip830-linux-uclibcgnueabihf-gcc -D_LARGEFILE_SOURCE -D_LARGEFILE64_SOURCE -D_FILE_OFFSET_BITS=64 -Os -march=armv7-a -mfpu=neon -mfloat-abi=hard -march=armv7-a -mfpu=neon -mfloat-abi=hard -mthumb -Wa,-mimplicit-it=thumb -mthumb-interwork   -D_LARGEFILE_SOURCE -D_LARGEFILE64_SOURCE -D_FILE_OFFSET_BITS=64 -Os -march=armv7-a -mfpu=neon -mfloat-abi=hard -march=armv7-a -mfpu=neon -mfloat-abi=hard -mthumb -Wa,-mimplicit-it=thumb -mthumb-interwork conftest.c  >&5
configure:2818: $? = 0
configure:2866: result: yes
configure:2869: checking for C compiler default output file name
configure:2871: result: a.out
configure:2877: checking for suffix of executables
configure:2884: arm-rockchip830-linux-uclibcgnueabihf-gcc -o conftest -D_LARGEFILE_SOURCE -D_LARGEFILE64_SOURCE -D_FILE_OFFSET_BITS=64 -Os -march=armv7-a -mfpu=neon -mfloat-abi=hard -march=armv7-a -mfpu=neon -mfloat-abi=hard -mthumb -Wa,-mimplicit-it=thumb -mthumb-interwork   -D_LARGEFILE_SOURCE -D_LARGEFILE64_SOURCE -D_FILE_OFFSET_BITS=64 -Os -march=armv7-a -mfpu=neon -mfloat-abi=hard -march=armv7-a -mfpu=neon -mfloat-abi=hard -mthumb -Wa,-mimplicit-it=thumb -mthumb-interwork conftest.c  >&5
configure:2888: $? = 0
configure:2910: result: 
configure:2932: checking whether we are cross compiling
configure:2970: result: yes
configure:2975: checking for suffix of object files
configure:2997: arm-rockchip830-linux-uclibcgnueabihf-gcc -c -D_LARGEFILE_SOURCE -D_LARGEFILE64_SOURCE -D_FILE_OFFSET_BITS=64 -Os -march=armv7-a -mfpu=neon -mfloat-abi=hard -march=armv7-a -mfpu=neon -mfloat-abi=hard -mthumb -Wa,-mimplicit-it=thumb -mthumb-interwork  conftest.c >&5
configure:3001: $? = 0
configure:3022: result: o
configure:3026: checking whether we are using the GNU C compiler
configure:3045: arm-rockchip830-linux-uclibcgnueabihf-gcc -c -D_LARGEFILE_SOURCE -D_LARGEFILE64_SOURCE -D_FILE_OFFSET_BITS=64 -Os -march=armv7-a -mfpu=neon -mfloat-abi=hard -march=armv7-a -mfpu=neon -mfloat-abi=hard -mthumb -Wa,-mimplicit-it=thumb -mthumb-interwork  conftest.c >&5
configure:3045: $? = 0
configure:3054: result: yes
configure:3063: checking whether arm-rockchip830-linux-uclibcgnueabihf-gcc accepts -g
configure:3083: arm-rockchip830-linux-uclibcgnueabihf-gcc -c -g  conftest.c >&5
configure:3083: $? = 0
configure:3124: result: yes
configure:3141: checking for arm-rockchip830-linux-uclibcgnueabihf-gcc option to accept ISO C89
configure:3204: arm-rockchip830-linux-uclibcgnueabihf-gcc  -c -D_LARGEFILE_SOURCE -D_LARGEFILE64_SOURCE -D_FILE_OFFSET_BITS=64 -Os -march=armv7-a -mfpu=neon -mfloat-abi=hard -march=armv7-a -mfpu=neon -mfloat-abi=hard -mthumb -Wa,-mimplicit-it=thumb -mthumb-interwork  conftest.c >&5
configure:3204: $? = 0
configure:3217: result: none needed
configure:3242: checking whether arm-rockchip830-linux-uclibcgnueabihf-gcc understands -c and -o together
configure:3264: arm-rockchip830-linux-uclibcgnueabihf-gcc -c conftest.c -o conftest2.o
configure:3267: $? = 0
configure:3264: arm-rockchip830-linux-uclibcgnueabihf-gcc -c conftest.c -o conftest2.o
configure:3267: $? = 0
configure:3279: result: yes
configure:3297: checking for library containing strerror
configure:3328: arm-rockchip830-linux-uclibcgnueabihf-gcc -o conftest -D_LARGEFILE_SOURCE -D_LARGEFILE64_SOURCE -D_FILE_OFFSET_BITS=64 -Os -march=armv7-a -mfpu=neon -mfloat-abi=hard -march=armv7-a -mfpu=neon -mfloat-abi=hard -mthumb -Wa,-mimplicit-it=thumb -mthumb-interwork   -D_LARGEFILE_SOURCE -D_LARGEFILE64_SOURCE -D_FILE_OFFSET_BITS=64 -Os -march=armv7-a -mfpu=neon -mfloat-abi=hard -march=armv7-a -mfpu=neon -mfloat-abi=hard -mthumb -Wa,-mimplicit-it=thumb -mthumb-interwork conftest.c  >&5
configure:3328: $? = 0
configure:3345: result: none required
configure:3370: checking for a BSD-compatible install
configure:3438: result: /usr/bin/install -c
configure:3449: checking whether build environment is sane
configure:3504: result: yes
configure:3560: checking for arm-rockchip830-linux-uclibcgnueabihf-strip
configure:3576: found /home/cro/Sdk/luckfox-pico/tools/linux/toolchain/arm-rockchip830-linux-uclibcgnueabihf/bin/arm-rockchip830-linux-uclibcgnueabihf-strip
configure:3587: result: arm-rockchip830-linux-uclibcgnueabihf-strip
configure:3652: checking for a thread-safe mkdir -p
configure:3691: result: /usr/bin/mkdir -p
configure:3698: checking for gawk
configure:3725: result: gawk
configure:3736: checking whether make sets $(MAKE)
configure:3758: result: yes
configure:3788: checking for style of include used by make
configure:3816: result: GNU
configure:3850: checking whether make supports nested variables
configure:3867: result: yes
configure:3952: checking dependency style of arm-rockchip830-linux-uclibcgnueabihf-gcc
configure:4063: result: none
configure:4130: checking for arm-rockchip830-linux-uclibcgnueabihf-gcc
configure:4157: result: arm-rockchip830-linux-uclibcgnueabihf-gcc
configure:4426: checking for C compiler version
configure:4435: arm-rockchip830-linux-uclibcgnueabihf-gcc --version >&5
arm-rockchip830-linux-uclibcgnueabihf-gcc (crosstool-NG 1.24.0) 8.3.0
Copyright (C) 2018 Free Software Foundation, Inc.
This is free software; see the source for copying conditions.  There is NO
warranty; not even for MERCHANTABILITY or FITNESS FOR A PARTICULAR PURPOSE.

configure:4446: $? = 0
configure:4435: arm-rockchip830-linux-uclibcgnueabihf-gcc -v >&5
Using built-in specs.
COLLECT_GCC=arm-rockchip830-linux-uclibcgnueabihf-gcc
COLLECT_LTO_WRAPPER=/home/cro/Sdk/luckfox-pico/tools/linux/toolchain/arm-rockchip830-linux-uclibcgnueabihf/bin/../libexec/gcc/arm-rockchip830-linux-uclibcgnueabihf/8.3.0/lto-wrapper
Target: arm-rockchip830-linux-uclibcgnueabihf
Configured with: /opt/.build/arm-rockchip830-linux-uclibcgnueabihf/src/gcc/configure --build=x86_64-build_pc-linux-gnu --host=x86_64-build_pc-linux-gnu --target=arm-rockchip830-linux-uclibcgnueabihf --prefix=/opt/x-tool/arm-rockchip830-linux-uclibcgnueabihf --with-sysroot=/opt/x-tool/arm-rockchip830-linux-uclibcgnueabihf/arm-rockchip830-linux-uclibcgnueabihf/sysroot --enable-languages=c,c++ --with-arch=armv7-a --with-fpu=neon-vfpv4 --with-float=hard --with-pkgversion='crosstool-NG 1.24.0' --enable-__cxa_atexit --disable-libmudflap --disable-libgomp --disable-libssp --disable-libquadmath --disable-libquadmath-support --disable-libsanitizer --disable-libmpx --with-gmp=/opt/.build/arm-rockchip830-linux-uclibcgnueabihf/buildtools --with-mpfr=/opt/.build/arm-rockchip830-linux-uclibcgnueabihf/buildtools --with-mpc=/opt/.build/arm-rockchip830-linux-uclibcgnueabihf/buildtools --with-isl=/opt/.build/arm-rockchip830-linux-uclibcgnueabihf/buildtools --enable-lto --with-host-libstdcxx='-static-libgcc -Wl,-Bstatic,-lstdc++,-Bdynamic -lm' --enable-threads=posix --enable-target-optspace --enable-plugin --enable-gold --disable-nls --disable-multilib --with-local-prefix=/opt/x-tool/arm-rockchip830-linux-uclibcgnueabihf/arm-rockchip830-linux-uclibcgnueabihf/sysroot --enable-long-long
Thread model: posix
gcc version 8.3.0 (crosstool-NG 1.24.0) 
configure:4446: $? = 0
configure:4435: arm-rockchip830-linux-uclibcgnueabihf-gcc -V >&5
arm-rockchip830-linux-uclibcgnueabihf-gcc: error: unrecognized command line option '-V'
arm-rockchip830-linux-uclibcgnueabihf-gcc: fatal error: no input files
compilation terminated.
configure:4446: $? = 1
configure:4435: arm-rockchip830-linux-uclibcgnueabihf-gcc -qversion >&5
arm-rockchip830-linux-uclibcgnueabihf-gcc: error: unrecognized command line option '-qversion'; did you mean '--version'?
arm-rockchip830-linux-uclibcgnueabihf-gcc: fatal error: no input files
compilation terminated.
configure:4446: $? = 1
configure:4450: checking whether we are using the GNU C compiler
configure:4478: result: yes
configure:4487: checking whether arm-rockchip830-linux-uclibcgnueabihf-gcc accepts -g
configure:4548: result: yes
configure:4565: checking for arm-rockchip830-linux-uclibcgnueabihf-gcc option to accept ISO C89
configure:4641: result: none needed
configure:4666: checking whether arm-rockchip830-linux-uclibcgnueabihf-gcc understands -c and -o together
configure:4703: result: yes
configure:4725: checking how to run the C preprocessor
configure:4756: arm-rockchip830-linux-uclibcgnueabihf-gcc -E  conftest.c
configure:4756: $? = 0
configure:4770: arm-rockchip830-linux-uclibcgnueabihf-gcc -E  conftest.c
conftest.c:11:10: fatal error: ac_nonexistent.h: No such file or directory
 #include <ac_nonexistent.h>
          ^~~~~~~~~~~~~~~~~~
compilation terminated.
configure:4770: $? = 1
configure: failed program was:
| /* confdefs.h */
| #define PACKAGE_NAME "opcodes"
| #define PACKAGE_TARNAME "opcodes"
| #define PACKAGE_VERSION "2.35.50"
| #define PACKAGE_STRING "opcodes 2.35.50"
| #define PACKAGE_BUGREPORT ""
| #define PACKAGE_URL ""
| #define PACKAGE "opcodes"
| #define VERSION "2.35.50"
| /* end confdefs.h.  */
| #include <ac_nonexistent.h>
configure:4795: result: arm-rockchip830-linux-uclibcgnueabihf-gcc -E
configure:4815: arm-rockchip830-linux-uclibcgnueabihf-gcc -E  conftest.c
configure:4815: $? = 0
configure:4829: arm-rockchip830-linux-uclibcgnueabihf-gcc -E  conftest.c
conftest.c:11:10: fatal error: ac_nonexistent.h: No such file or directory
 #include <ac_nonexistent.h>
          ^~~~~~~~~~~~~~~~~~
compilation terminated.
configure:4829: $? = 1
configure: failed program was:
| /* confdefs.h */
| #define PACKAGE_NAME "opcodes"
| #define PACKAGE_TARNAME "opcodes"
| #define PACKAGE_VERSION "2.35.50"
| #define PACKAGE_STRING "opcodes 2.35.50"
| #define PACKAGE_BUGREPORT ""
| #define PACKAGE_URL ""
| #define PACKAGE "opcodes"
| #define VERSION "2.35.50"
| /* end confdefs.h.  */
| #include <ac_nonexistent.h>
configure:4858: checking for grep that handles long lines and -e
configure:4916: result: /usr/bin/grep
configure:4921: checking for egrep
configure:4983: result: /usr/bin/grep -E
configure:4988: checking for ANSI C header files
configure:5008: arm-rockchip830-linux-uclibcgnueabihf-gcc -c -D_LARGEFILE_SOURCE -D_LARGEFILE64_SOURCE -D_FILE_OFFSET_BITS=64 -Os -march=armv7-a -mfpu=neon -mfloat-abi=hard -march=armv7-a -mfpu=neon -mfloat-abi=hard -mthumb -Wa,-mimplicit-it=thumb -mthumb-interwork  conftest.c >&5
configure:5008: $? = 0
configure:5092: result: yes
configure:5105: checking for sys/types.h
configure:5105: arm-rockchip830-linux-uclibcgnueabihf-gcc -c -D_LARGEFILE_SOURCE -D_LARGEFILE64_SOURCE -D_FILE_OFFSET_BITS=64 -Os -march=armv7-a -mfpu=neon -mfloat-abi=hard -march=armv7-a -mfpu=neon -mfloat-abi=hard -mthumb -Wa,-mimplicit-it=thumb -mthumb-interwork  conftest.c >&5
configure:5105: $? = 0
configure:5105: result: yes
configure:5105: checking for sys/stat.h
configure:5105: arm-rockchip830-linux-uclibcgnueabihf-gcc -c -D_LARGEFILE_SOURCE -D_LARGEFILE64_SOURCE -D_FILE_OFFSET_BITS=64 -Os -march=armv7-a -mfpu=neon -mfloat-abi=hard -march=armv7-a -mfpu=neon -mfloat-abi=hard -mthumb -Wa,-mimplicit-it=thumb -mthumb-interwork  conftest.c >&5
configure:5105: $? = 0
configure:5105: result: yes
configure:5105: checking for stdlib.h
configure:5105: arm-rockchip830-linux-uclibcgnueabihf-gcc -c -D_LARGEFILE_SOURCE -D_LARGEFILE64_SOURCE -D_FILE_OFFSET_BITS=64 -Os -march=armv7-a -mfpu=neon -mfloat-abi=hard -march=armv7-a -mfpu=neon -mfloat-abi=hard -mthumb -Wa,-mimplicit-it=thumb -mthumb-interwork  conftest.c >&5
configure:5105: $? = 0
configure:5105: result: yes
configure:5105: checking for string.h
configure:5105: arm-rockchip830-linux-uclibcgnueabihf-gcc -c -D_LARGEFILE_SOURCE -D_LARGEFILE64_SOURCE -D_FILE_OFFSET_BITS=64 -Os -march=armv7-a -mfpu=neon -mfloat-abi=hard -march=armv7-a -mfpu=neon -mfloat-abi=hard -mthumb -Wa,-mimplicit-it=thumb -mthumb-interwork  conftest.c >&5
configure:5105: $? = 0
configure:5105: result: yes
configure:5105: checking for memory.h
configure:5105: arm-rockchip830-linux-uclibcgnueabihf-gcc -c -D_LARGEFILE_SOURCE -D_LARGEFILE64_SOURCE -D_FILE_OFFSET_BITS=64 -Os -march=armv7-a -mfpu=neon -mfloat-abi=hard -march=armv7-a -mfpu=neon -mfloat-abi=hard -mthumb -Wa,-mimplicit-it=thumb -mthumb-interwork  conftest.c >&5
configure:5105: $? = 0
configure:5105: result: yes
configure:5105: checking for strings.h
configure:5105: arm-rockchip830-linux-uclibcgnueabihf-gcc -c -D_LARGEFILE_SOURCE -D_LARGEFILE64_SOURCE -D_FILE_OFFSET_BITS=64 -Os -march=armv7-a -mfpu=neon -mfloat-abi=hard -march=armv7-a -mfpu=neon -mfloat-abi=hard -mthumb -Wa,-mimplicit-it=thumb -mthumb-interwork  conftest.c >&5
configure:5105: $? = 0
configure:5105: result: yes
configure:5105: checking for inttypes.h
configure:5105: arm-rockchip830-linux-uclibcgnueabihf-gcc -c -D_LARGEFILE_SOURCE -D_LARGEFILE64_SOURCE -D_FILE_OFFSET_BITS=64 -Os -march=armv7-a -mfpu=neon -mfloat-abi=hard -march=armv7-a -mfpu=neon -mfloat-abi=hard -mthumb -Wa,-mimplicit-it=thumb -mthumb-interwork  conftest.c >&5
configure:5105: $? = 0
configure:5105: result: yes
configure:5105: checking for stdint.h
configure:5105: arm-rockchip830-linux-uclibcgnueabihf-gcc -c -D_LARGEFILE_SOURCE -D_LARGEFILE64_SOURCE -D_FILE_OFFSET_BITS=64 -Os -march=armv7-a -mfpu=neon -mfloat-abi=hard -march=armv7-a -mfpu=neon -mfloat-abi=hard -mthumb -Wa,-mimplicit-it=thumb -mthumb-interwork  conftest.c >&5
configure:5105: $? = 0
configure:5105: result: yes
configure:5105: checking for unistd.h
configure:5105: arm-rockchip830-linux-uclibcgnueabihf-gcc -c -D_LARGEFILE_SOURCE -D_LARGEFILE64_SOURCE -D_FILE_OFFSET_BITS=64 -Os -march=armv7-a -mfpu=neon -mfloat-abi=hard -march=armv7-a -mfpu=neon -mfloat-abi=hard -mthumb -Wa,-mimplicit-it=thumb -mthumb-interwork  conftest.c >&5
configure:5105: $? = 0
configure:5105: result: yes
configure:5118: checking minix/config.h usability
configure:5118: arm-rockchip830-linux-uclibcgnueabihf-gcc -c -D_LARGEFILE_SOURCE -D_LARGEFILE64_SOURCE -D_FILE_OFFSET_BITS=64 -Os -march=armv7-a -mfpu=neon -mfloat-abi=hard -march=armv7-a -mfpu=neon -mfloat-abi=hard -mthumb -Wa,-mimplicit-it=thumb -mthumb-interwork  conftest.c >&5
conftest.c:54:10: fatal error: minix/config.h: No such file or directory
 #include <minix/config.h>
          ^~~~~~~~~~~~~~~~
compilation terminated.
configure:5118: $? = 1
configure: failed program was:
| /* confdefs.h */
| #define PACKAGE_NAME "opcodes"
| #define PACKAGE_TARNAME "opcodes"
| #define PACKAGE_VERSION "2.35.50"
| #define PACKAGE_STRING "opcodes 2.35.50"
| #define PACKAGE_BUGREPORT ""
| #define PACKAGE_URL ""
| #define PACKAGE "opcodes"
| #define VERSION "2.35.50"
| #define STDC_HEADERS 1
| #define HAVE_SYS_TYPES_H 1
| #define HAVE_SYS_STAT_H 1
| #define HAVE_STDLIB_H 1
| #define HAVE_STRING_H 1
| #define HAVE_MEMORY_H 1
| #define HAVE_STRINGS_H 1
| #define HAVE_INTTYPES_H 1
| #define HAVE_STDINT_H 1
| #define HAVE_UNISTD_H 1
| /* end confdefs.h.  */
| #include <stdio.h>
| #ifdef HAVE_SYS_TYPES_H
| # include <sys/types.h>
| #endif
| #ifdef HAVE_SYS_STAT_H
| # include <sys/stat.h>
| #endif
| #ifdef STDC_HEADERS
| # include <stdlib.h>
| # include <stddef.h>
| #else
| # ifdef HAVE_STDLIB_H
| #  include <stdlib.h>
| # endif
| #endif
| #ifdef HAVE_STRING_H
| # if !defined STDC_HEADERS && defined HAVE_MEMORY_H
| #  include <memory.h>
| # endif
| # include <string.h>
| #endif
| #ifdef HAVE_STRINGS_H
| # include <strings.h>
| #endif
| #ifdef HAVE_INTTYPES_H
| # include <inttypes.h>
| #endif
| #ifdef HAVE_STDINT_H
| # include <stdint.h>
| #endif
| #ifdef HAVE_UNISTD_H
| # include <unistd.h>
| #endif
| #include <minix/config.h>
configure:5118: result: no
configure:5118: checking minix/config.h presence
configure:5118: arm-rockchip830-linux-uclibcgnueabihf-gcc -E  conftest.c
conftest.c:21:10: fatal error: minix/config.h: No such file or directory
 #include <minix/config.h>
          ^~~~~~~~~~~~~~~~
compilation terminated.
configure:5118: $? = 1
configure: failed program was:
| /* confdefs.h */
| #define PACKAGE_NAME "opcodes"
| #define PACKAGE_TARNAME "opcodes"
| #define PACKAGE_VERSION "2.35.50"
| #define PACKAGE_STRING "opcodes 2.35.50"
| #define PACKAGE_BUGREPORT ""
| #define PACKAGE_URL ""
| #define PACKAGE "opcodes"
| #define VERSION "2.35.50"
| #define STDC_HEADERS 1
| #define HAVE_SYS_TYPES_H 1
| #define HAVE_SYS_STAT_H 1
| #define HAVE_STDLIB_H 1
| #define HAVE_STRING_H 1
| #define HAVE_MEMORY_H 1
| #define HAVE_STRINGS_H 1
| #define HAVE_INTTYPES_H 1
| #define HAVE_STDINT_H 1
| #define HAVE_UNISTD_H 1
| /* end confdefs.h.  */
| #include <minix/config.h>
configure:5118: result: no
configure:5118: checking for minix/config.h
configure:5118: result: no
configure:5139: checking whether it is safe to define __EXTENSIONS__
configure:5157: arm-rockchip830-linux-uclibcgnueabihf-gcc -c -D_LARGEFILE_SOURCE -D_LARGEFILE64_SOURCE -D_FILE_OFFSET_BITS=64 -Os -march=armv7-a -mfpu=neon -mfloat-abi=hard -march=armv7-a -mfpu=neon -mfloat-abi=hard -mthumb -Wa,-mimplicit-it=thumb -mthumb-interwork  conftest.c >&5
configure:5157: $? = 0
configure:5164: result: yes
configure:5184: checking for arm-rockchip830-linux-uclibcgnueabihf-ar
configure:5211: result: arm-rockchip830-linux-uclibcgnueabihf-ar
configure:5276: checking for arm-rockchip830-linux-uclibcgnueabihf-ranlib
configure:5303: result: arm-rockchip830-linux-uclibcgnueabihf-ranlib
configure:5444: checking how to print strings
configure:5471: result: printf
configure:5492: checking for a sed that does not truncate output
configure:5556: result: /usr/bin/sed
configure:5574: checking for fgrep
configure:5636: result: /usr/bin/grep -F
configure:5671: checking for ld used by arm-rockchip830-linux-uclibcgnueabihf-gcc
configure:5738: result: /home/cro/Sdk/luckfox-pico/tools/linux/toolchain/arm-rockchip830-linux-uclibcgnueabihf/bin/../lib/gcc/arm-rockchip830-linux-uclibcgnueabihf/8.3.0/../../../../arm-rockchip830-linux-uclibcgnueabihf/bin/ld
configure:5745: checking if the linker (/home/cro/Sdk/luckfox-pico/tools/linux/toolchain/arm-rockchip830-linux-uclibcgnueabihf/bin/../lib/gcc/arm-rockchip830-linux-uclibcgnueabihf/8.3.0/../../../../arm-rockchip830-linux-uclibcgnueabihf/bin/ld) is GNU ld
configure:5760: result: yes
configure:5772: checking for BSD- or MS-compatible name lister (nm)
configure:5821: result: arm-rockchip830-linux-uclibcgnueabihf-nm
configure:5951: checking the name lister (arm-rockchip830-linux-uclibcgnueabihf-nm) interface
configure:5958: arm-rockchip830-linux-uclibcgnueabihf-gcc -c -D_LARGEFILE_SOURCE -D_LARGEFILE64_SOURCE -D_FILE_OFFSET_BITS=64 -Os -march=armv7-a -mfpu=neon -mfloat-abi=hard -march=armv7-a -mfpu=neon -mfloat-abi=hard -mthumb -Wa,-mimplicit-it=thumb -mthumb-interwork  conftest.c >&5
configure:5961: arm-rockchip830-linux-uclibcgnueabihf-nm "conftest.o"
configure:5964: output
00000000 B some_variable
configure:5971: result: BSD nm
configure:5974: checking whether ln -s works
configure:5978: result: yes
configure:5986: checking the maximum length of command line arguments
configure:6111: result: 1572864
configure:6128: checking whether the shell understands some XSI constructs
configure:6138: result: yes
configure:6142: checking whether the shell understands "+="
configure:6148: result: yes
configure:6183: checking for /home/cro/Sdk/luckfox-pico/tools/linux/toolchain/arm-rockchip830-linux-uclibcgnueabihf/bin/../lib/gcc/arm-rockchip830-linux-uclibcgnueabihf/8.3.0/../../../../arm-rockchip830-linux-uclibcgnueabihf/bin/ld option to reload object files
configure:6190: result: -r
configure:6219: checking for arm-rockchip830-linux-uclibcgnueabihf-objdump
configure:6246: result: arm-rockchip830-linux-uclibcgnueabihf-objdump
configure:6318: checking how to recognize dependent libraries
configure:6519: result: pass_all
configure:6539: checking for arm-rockchip830-linux-uclibcgnueabihf-ar
configure:6566: result: arm-rockchip830-linux-uclibcgnueabihf-ar
configure:6644: checking for arm-rockchip830-linux-uclibcgnueabihf-strip
configure:6671: result: arm-rockchip830-linux-uclibcgnueabihf-strip
configure:6743: checking for arm-rockchip830-linux-uclibcgnueabihf-ranlib
configure:6770: result: arm-rockchip830-linux-uclibcgnueabihf-ranlib
configure:6912: checking command to parse arm-rockchip830-linux-uclibcgnueabihf-nm output from arm-rockchip830-linux-uclibcgnueabihf-gcc object
configure:7030: arm-rockchip830-linux-uclibcgnueabihf-gcc -c -D_LARGEFILE_SOURCE -D_LARGEFILE64_SOURCE -D_FILE_OFFSET_BITS=64 -Os -march=armv7-a -mfpu=neon -mfloat-abi=hard -march=armv7-a -mfpu=neon -mfloat-abi=hard -mthumb -Wa,-mimplicit-it=thumb -mthumb-interwork  conftest.c >&5
configure:7033: $? = 0
configure:7037: arm-rockchip830-linux-uclibcgnueabihf-nm conftest.o \| sed -n -e 's/^.*[ ]\([ABCDGIRSTW][ABCDGIRSTW]*\)[ ][ ]*\([_A-Za-z][_A-Za-z0-9]*\)$/\1 \2 \2/p' \> conftest.nm
configure:7040: $? = 0
configure:7094: arm-rockchip830-linux-uclibcgnueabihf-gcc -o conftest -D_LARGEFILE_SOURCE -D_LARGEFILE64_SOURCE -D_FILE_OFFSET_BITS=64 -Os -march=armv7-a -mfpu=neon -mfloat-abi=hard -march=armv7-a -mfpu=neon -mfloat-abi=hard -mthumb -Wa,-mimplicit-it=thumb -mthumb-interwork   -D_LARGEFILE_SOURCE -D_LARGEFILE64_SOURCE -D_FILE_OFFSET_BITS=64 -Os -march=armv7-a -mfpu=neon -mfloat-abi=hard -march=armv7-a -mfpu=neon -mfloat-abi=hard -mthumb -Wa,-mimplicit-it=thumb -mthumb-interwork conftest.c conftstm.o >&5
configure:7097: $? = 0
configure:7135: result: ok
configure:7983: checking for dlfcn.h
configure:7983: arm-rockchip830-linux-uclibcgnueabihf-gcc -c -D_LARGEFILE_SOURCE -D_LARGEFILE64_SOURCE -D_FILE_OFFSET_BITS=64 -Os -march=armv7-a -mfpu=neon -mfloat-abi=hard -march=armv7-a -mfpu=neon -mfloat-abi=hard -mthumb -Wa,-mimplicit-it=thumb -mthumb-interwork  conftest.c >&5
configure:7983: $? = 0
configure:7983: result: yes
configure:8140: checking for objdir
configure:8155: result: .libs
configure:8426: checking if arm-rockchip830-linux-uclibcgnueabihf-gcc supports -fno-rtti -fno-exceptions
configure:8444: arm-rockchip830-linux-uclibcgnueabihf-gcc -c -D_LARGEFILE_SOURCE -D_LARGEFILE64_SOURCE -D_FILE_OFFSET_BITS=64 -Os -march=armv7-a -mfpu=neon -mfloat-abi=hard -march=armv7-a -mfpu=neon -mfloat-abi=hard -mthumb -Wa,-mimplicit-it=thumb -mthumb-interwork  -fno-rtti -fno-exceptions conftest.c >&5
cc1: warning: command line option '-fno-rtti' is valid for C++/ObjC++ but not for C
configure:8448: $? = 0
configure:8461: result: no
configure:8481: checking for arm-rockchip830-linux-uclibcgnueabihf-gcc option to produce PIC
configure:8767: result: -fPIC -DPIC
configure:8779: checking if arm-rockchip830-linux-uclibcgnueabihf-gcc PIC flag -fPIC -DPIC works
configure:8797: arm-rockchip830-linux-uclibcgnueabihf-gcc -c -D_LARGEFILE_SOURCE -D_LARGEFILE64_SOURCE -D_FILE_OFFSET_BITS=64 -Os -march=armv7-a -mfpu=neon -mfloat-abi=hard -march=armv7-a -mfpu=neon -mfloat-abi=hard -mthumb -Wa,-mimplicit-it=thumb -mthumb-interwork  -fPIC -DPIC -DPIC conftest.c >&5
configure:8801: $? = 0
configure:8814: result: yes
configure:8838: checking if arm-rockchip830-linux-uclibcgnueabihf-gcc static flag -static works
configure:8866: result: yes
configure:8881: checking if arm-rockchip830-linux-uclibcgnueabihf-gcc supports -c -o file.o
configure:8902: arm-rockchip830-linux-uclibcgnueabihf-gcc -c -D_LARGEFILE_SOURCE -D_LARGEFILE64_SOURCE -D_FILE_OFFSET_BITS=64 -Os -march=armv7-a -mfpu=neon -mfloat-abi=hard -march=armv7-a -mfpu=neon -mfloat-abi=hard -mthumb -Wa,-mimplicit-it=thumb -mthumb-interwork  -o out/conftest2.o conftest.c >&5
configure:8906: $? = 0
configure:8928: result: yes
configure:8936: checking if arm-rockchip830-linux-uclibcgnueabihf-gcc supports -c -o file.o
configure:8983: result: yes
configure:9016: checking whether the arm-rockchip830-linux-uclibcgnueabihf-gcc linker (/home/cro/Sdk/luckfox-pico/tools/linux/toolchain/arm-rockchip830-linux-uclibcgnueabihf/bin/../lib/gcc/arm-rockchip830-linux-uclibcgnueabihf/8.3.0/../../../../arm-rockchip830-linux-uclibcgnueabihf/bin/ld) supports shared libraries
configure:10087: result: yes
configure:10124: checking whether -lc should be explicitly linked in
configure:10132: arm-rockchip830-linux-uclibcgnueabihf-gcc -c -D_LARGEFILE_SOURCE -D_LARGEFILE64_SOURCE -D_FILE_OFFSET_BITS=64 -Os -march=armv7-a -mfpu=neon -mfloat-abi=hard -march=armv7-a -mfpu=neon -mfloat-abi=hard -mthumb -Wa,-mimplicit-it=thumb -mthumb-interwork  conftest.c >&5
configure:10135: $? = 0
configure:10150: arm-rockchip830-linux-uclibcgnueabihf-gcc -shared  -fPIC -DPIC conftest.o  -v -Wl,-soname -Wl,conftest -o conftest 2\>\&1 \| /usr/bin/grep  -lc  \>/dev/null 2\>\&1
configure:10153: $? = 0
configure:10167: result: no
configure:10332: checking dynamic linker characteristics
configure:10783: arm-rockchip830-linux-uclibcgnueabihf-gcc -o conftest -D_LARGEFILE_SOURCE -D_LARGEFILE64_SOURCE -D_FILE_OFFSET_BITS=64 -Os -march=armv7-a -mfpu=neon -mfloat-abi=hard -march=armv7-a -mfpu=neon -mfloat-abi=hard -mthumb -Wa,-mimplicit-it=thumb -mthumb-interwork   -D_LARGEFILE_SOURCE -D_LARGEFILE64_SOURCE -D_FILE_OFFSET_BITS=64 -Os -march=armv7-a -mfpu=neon -mfloat-abi=hard -march=armv7-a -mfpu=neon -mfloat-abi=hard -mthumb -Wa,-mimplicit-it=thumb -mthumb-interwork -Wl,-rpath -Wl,/foo conftest.c  >&5
configure:10783: $? = 0
configure:11005: result: GNU/Linux ld.so
configure:11112: checking how to hardcode library paths into programs
configure:11137: result: immediate
configure:11677: checking whether stripping libraries is possible
configure:11682: result: yes
configure:11717: checking if libtool supports shared libraries
configure:11719: result: yes
configure:11722: checking whether to build shared libraries
configure:11743: result: yes
configure:11746: checking whether to build static libraries
configure:11750: result: yes
configure:11960: checking whether to enable maintainer-specific portions of Makefiles
configure:11969: result: no
configure:11997: checking whether to install libbfd
configure:12010: result: no
configure:12056: checking whether NLS is requested
configure:12059: result: no
configure:12127: checking whether NLS is requested
configure:12136: result: no
configure:12174: checking for msgfmt
configure:12208: result: no
configure:12214: checking for gmsgfmt
configure:12245: result: :
configure:12285: checking for xgettext
configure:12319: result: no
configure:12356: checking for msgmerge
configure:12389: result: no
configure:12437: checking for build system executable suffix
configure:12455: result: no
configure:12468: checking for string.h
configure:12468: result: yes
configure:12468: checking for strings.h
configure:12468: result: yes
configure:12468: checking for stdlib.h
configure:12468: result: yes
configure:12468: checking limits.h usability
configure:12468: arm-rockchip830-linux-uclibcgnueabihf-gcc -c -D_LARGEFILE_SOURCE -D_LARGEFILE64_SOURCE -D_FILE_OFFSET_BITS=64 -Os -march=armv7-a -mfpu=neon -mfloat-abi=hard -march=armv7-a -mfpu=neon -mfloat-abi=hard -mthumb -Wa,-mimplicit-it=thumb -mthumb-interwork  conftest.c >&5
configure:12468: $? = 0
configure:12468: result: yes
configure:12468: checking limits.h presence
configure:12468: arm-rockchip830-linux-uclibcgnueabihf-gcc -E  conftest.c
configure:12468: $? = 0
configure:12468: result: yes
configure:12468: checking for limits.h
configure:12468: result: yes
configure:12478: checking whether string.h and strings.h may both be included
configure:12495: arm-rockchip830-linux-uclibcgnueabihf-gcc -c -D_LARGEFILE_SOURCE -D_LARGEFILE64_SOURCE -D_FILE_OFFSET_BITS=64 -Os -march=armv7-a -mfpu=neon -mfloat-abi=hard -march=armv7-a -mfpu=neon -mfloat-abi=hard -mthumb -Wa,-mimplicit-it=thumb -mthumb-interwork  conftest.c >&5
configure:12495: $? = 0
configure:12502: result: yes
configure:12511: checking whether basename is declared
configure:12511: arm-rockchip830-linux-uclibcgnueabihf-gcc -c -D_LARGEFILE_SOURCE -D_LARGEFILE64_SOURCE -D_FILE_OFFSET_BITS=64 -Os -march=armv7-a -mfpu=neon -mfloat-abi=hard -march=armv7-a -mfpu=neon -mfloat-abi=hard -mthumb -Wa,-mimplicit-it=thumb -mthumb-interwork  conftest.c >&5
configure:12511: $? = 0
configure:12511: result: yes
configure:12521: checking whether stpcpy is declared
configure:12521: arm-rockchip830-linux-uclibcgnueabihf-gcc -c -D_LARGEFILE_SOURCE -D_LARGEFILE64_SOURCE -D_FILE_OFFSET_BITS=64 -Os -march=armv7-a -mfpu=neon -mfloat-abi=hard -march=armv7-a -mfpu=neon -mfloat-abi=hard -mthumb -Wa,-mimplicit-it=thumb -mthumb-interwork  conftest.c >&5
configure:12521: $? = 0
configure:12521: result: yes
configure:12535: checking for sigsetjmp
configure:12553: arm-rockchip830-linux-uclibcgnueabihf-gcc -c -D_LARGEFILE_SOURCE -D_LARGEFILE64_SOURCE -D_FILE_OFFSET_BITS=64 -Os -march=armv7-a -mfpu=neon -mfloat-abi=hard -march=armv7-a -mfpu=neon -mfloat-abi=hard -mthumb -Wa,-mimplicit-it=thumb -mthumb-interwork  conftest.c >&5
configure:12553: $? = 0
configure:12560: result: 
configure:12604: checking linker --as-needed support
configure:12615: result: yes
configure:12706: checking for cos in -lm
configure:12731: arm-rockchip830-linux-uclibcgnueabihf-gcc -o conftest -D_LARGEFILE_SOURCE -D_LARGEFILE64_SOURCE -D_FILE_OFFSET_BITS=64 -Os -march=armv7-a -mfpu=neon -mfloat-abi=hard -march=armv7-a -mfpu=neon -mfloat-abi=hard -mthumb -Wa,-mimplicit-it=thumb -mthumb-interwork   -D_LARGEFILE_SOURCE -D_LARGEFILE64_SOURCE -D_FILE_OFFSET_BITS=64 -Os -march=armv7-a -mfpu=neon -mfloat-abi=hard -march=armv7-a -mfpu=neon -mfloat-abi=hard -mthumb -Wa,-mimplicit-it=thumb -mthumb-interwork conftest.c -lm   >&5
conftest.c:43:6: warning: conflicting types for built-in function 'cos' [-Wbuiltin-declaration-mismatch]
 char cos ();
      ^~~
configure:12731: $? = 0
configure:12740: result: yes
configure:13051: updating cache ./config.cache
configure:13095: checking that generated files are newer than configure
configure:13101: result: done
configure:13136: creating ./config.status

## ---------------------- ##
## Running config.status. ##
## ---------------------- ##

This file was extended by opcodes config.status 2.35.50, which was
generated by GNU Autoconf 2.69.  Invocation command line was

  CONFIG_FILES    = 
  CONFIG_HEADERS  = 
  CONFIG_LINKS    = 
  CONFIG_COMMANDS = 
  $ ./config.status 

on DESKTOP-RUMO6US

config.status:1136: creating Makefile
config.status:1136: creating po/Makefile.in
config.status:1136: creating config.h
config.status:1365: executing depfiles commands
config.status:1365: executing libtool commands
config.status:1365: executing default-1 commands

## ---------------- ##
## Cache variables. ##
## ---------------- ##

ac_cv_build=x86_64-pc-linux-gnu
ac_cv_c_compiler_gnu=yes
ac_cv_env_CC_set=set
ac_cv_env_CC_value=arm-rockchip830-linux-uclibcgnueabihf-gcc
ac_cv_env_CFLAGS_set=set
ac_cv_env_CFLAGS_value='-D_LARGEFILE_SOURCE -D_LARGEFILE64_SOURCE -D_FILE_OFFSET_BITS=64 -Os -march=armv7-a -mfpu=neon -mfloat-abi=hard -march=armv7-a -mfpu=neon -mfloat-abi=hard -mthumb -Wa,-mimplicit-it=thumb -mthumb-interwork'
ac_cv_env_CPPFLAGS_set=
ac_cv_env_CPPFLAGS_value=
ac_cv_env_CPP_set=
ac_cv_env_CPP_value=
ac_cv_env_LDFLAGS_set=set
ac_cv_env_LDFLAGS_value=' -D_LARGEFILE_SOURCE -D_LARGEFILE64_SOURCE -D_FILE_OFFSET_BITS=64 -Os -march=armv7-a -mfpu=neon -mfloat-abi=hard -march=armv7-a -mfpu=neon -mfloat-abi=hard -mthumb -Wa,-mimplicit-it=thumb -mthumb-interwork'
ac_cv_env_LIBS_set=
ac_cv_env_LIBS_value=
ac_cv_env_build_alias_set=set
ac_cv_env_build_alias_value=x86_64-pc-linux-gnu
ac_cv_env_host_alias_set=set
ac_cv_env_host_alias_value=arm-rockchip830-linux-uclibcgnueabihf
ac_cv_env_target_alias_set=set
ac_cv_env_target_alias_value=arm-rockchip830-linux-uclibcgnueabihf
ac_cv_have_decl_basename=yes
ac_cv_have_decl_stpcpy=yes
ac_cv_header_dlfcn_h=yes
ac_cv_header_inttypes_h=yes
ac_cv_header_limits_h=yes
ac_cv_header_memory_h=yes
ac_cv_header_minix_config_h=no
ac_cv_header_stdc=yes
ac_cv_header_stdint_h=yes
ac_cv_header_stdlib_h=yes
ac_cv_header_string_h=yes
ac_cv_header_strings_h=yes
ac_cv_header_sys_stat_h=yes
ac_cv_header_sys_types_h=yes
ac_cv_header_unistd_h=yes
ac_cv_host=arm-rockchip830-linux-uclibcgnueabihf
ac_cv_lib_m_cos=yes
ac_cv_objext=o
ac_cv_path_EGREP='/usr/bin/grep -E'
ac_cv_path_FGREP='/usr/bin/grep -F'
ac_cv_path_GMSGFMT=:
ac_cv_path_GREP=/usr/bin/grep
ac_cv_path_MSGFMT=:
ac_cv_path_MSGMERGE=:
ac_cv_path_SED=/usr/bin/sed
ac_cv_path_XGETTEXT=:
ac_cv_path_mkdir=/usr/bin/mkdir
ac_cv_prog_AR=arm-rockchip830-linux-uclibcgnueabihf-ar
ac_cv_prog_AWK=gawk
ac_cv_prog_CC=arm-rockchip830-linux-uclibcgnueabihf-gcc
ac_cv_prog_CPP='arm-rockchip830-linux-uclibcgnueabihf-gcc -E'
ac_cv_prog_OBJDUMP=arm-rockchip830-linux-uclibcgnueabihf-objdump
ac_cv_prog_RANLIB=arm-rockchip830-linux-uclibcgnueabihf-ranlib
ac_cv_prog_STRIP=arm-rockchip830-linux-uclibcgnueabihf-strip
ac_cv_prog_cc_c89=
ac_cv_prog_cc_g=yes
ac_cv_prog_make_make_set=yes
ac_cv_safe_to_define___extensions__=yes
ac_cv_search_strerror='none required'
ac_cv_target=arm-rockchip830-linux-uclibcgnueabihf
am_cv_CC_dependencies_compiler_type=none
am_cv_make_support_nested_variables=yes
am_cv_prog_cc_c_o=yes
bfd_cv_build_exeext=no
bfd_cv_func_sigsetjmp=yes
bfd_cv_ld_as_needed=yes
gcc_cv_header_string=yes
lt_cv_archive_cmds_need_lc=no
lt_cv_deplibs_check_method=pass_all
lt_cv_file_magic_cmd='$MAGIC_CMD'
lt_cv_file_magic_test_file=
lt_cv_ld_reload_flag=-r
lt_cv_nm_interface='BSD nm'
lt_cv_objdir=.libs
lt_cv_path_LD=/home/cro/Sdk/luckfox-pico/tools/linux/toolchain/arm-rockchip830-linux-uclibcgnueabihf/bin/../lib/gcc/arm-rockchip830-linux-uclibcgnueabihf/8.3.0/../../../../arm-rockchip830-linux-uclibcgnueabihf/bin/ld
lt_cv_path_NM=arm-rockchip830-linux-uclibcgnueabihf-nm
lt_cv_prog_compiler_c_o=yes
lt_cv_prog_compiler_pic_works=yes
lt_cv_prog_compiler_rtti_exceptions=no
lt_cv_prog_compiler_static_works=yes
lt_cv_prog_gnu_ld=yes
lt_cv_shlibpath_overrides_runpath=no
lt_cv_sys_global_symbol_pipe='sed -n -e '\''s/^.*[	 ]\([ABCDGIRSTW][ABCDGIRSTW]*\)[	 ][	 ]*\([_A-Za-z][_A-Za-z0-9]*\)$/\1 \2 \2/p'\'''
lt_cv_sys_global_symbol_to_c_name_address='sed -n -e '\''s/^: \([^ ]*\) $/  {\"\1\", (void *) 0},/p'\'' -e '\''s/^[ABCDGIRSTW]* \([^ ]*\) \([^ ]*\)$/  {"\2", (void *) \&\2},/p'\'''
lt_cv_sys_global_symbol_to_c_name_address_lib_prefix='sed -n -e '\''s/^: \([^ ]*\) $/  {\"\1\", (void *) 0},/p'\'' -e '\''s/^[ABCDGIRSTW]* \([^ ]*\) \(lib[^ ]*\)$/  {"\2", (void *) \&\2},/p'\'' -e '\''s/^[ABCDGIRSTW]* \([^ ]*\) \([^ ]*\)$/  {"lib\2", (void *) \&\2},/p'\'''
lt_cv_sys_global_symbol_to_cdecl='sed -n -e '\''s/^T .* \(.*\)$/extern int \1();/p'\'' -e '\''s/^[ABCDGIRSTW]* .* \(.*\)$/extern char \1;/p'\'''
lt_cv_sys_max_cmd_len=1572864

## ----------------- ##
## Output variables. ##
## ----------------- ##

ACLOCAL='${SHELL} /home/cro/Sdk/luckfox-pico/sysdrv/tools/board/gdb/gdb-10.2/missing aclocal-1.15'
AMDEPBACKSLASH=''
AMDEP_FALSE=''
AMDEP_TRUE='#'
AMTAR='$${TAR-tar}'
AM_BACKSLASH='\'
AM_DEFAULT_V='$(AM_DEFAULT_VERBOSITY)'
AM_DEFAULT_VERBOSITY='1'
AM_V='$(V)'
AR='arm-rockchip830-linux-uclibcgnueabihf-ar'
AUTOCONF='${SHELL} /home/cro/Sdk/luckfox-pico/sysdrv/tools/board/gdb/gdb-10.2/missing autoconf'
AUTOHEADER='${SHELL} /home/cro/Sdk/luckfox-pico/sysdrv/tools/board/gdb/gdb-10.2/missing autoheader'
AUTOMAKE='${SHELL} /home/cro/Sdk/luckfox-pico/sysdrv/tools/board/gdb/gdb-10.2/missing automake-1.15'
AWK='gawk'
BFD_MACHINES=' arm-dis.lo'
BUILD_LIBS='-liberty '
BUILD_LIB_DEPS=' '
CATALOGS=''
CATOBJEXT=''
CC='arm-rockchip830-linux-uclibcgnueabihf-gcc'
CCDEPMODE='depmode=none'
CC_FOR_BUILD='gcc'
CFLAGS='-D_LARGEFILE_SOURCE -D_LARGEFILE64_SOURCE -D_FILE_OFFSET_BITS=64 -Os -march=armv7-a -mfpu=neon -mfloat-abi=hard -march=armv7-a -mfpu=neon -mfloat-abi=hard -mthumb -Wa,-mimplicit-it=thumb -mthumb-interwork'
CGEN_MAINT_FALSE=''
CGEN_MAINT_TRUE='#'
CPP='arm-rockchip830-linux-uclibcgnueabihf-gcc -E'
CPPFLAGS=''
CYGPATH_W='echo'
DATADIRNAME=''
DEFS='-DHAVE_CONFIG_H'
DEPDIR='.deps'
DSYMUTIL=''
DUMPBIN=''
ECHO_C=''
ECHO_N='-n'
ECHO_T=''
EGREP='/usr/bin/grep -E'
EXEEXT=''
EXEEXT_FOR_BUILD=''
FGREP='/usr/bin/grep -F'
GENCAT=''
GMSGFMT=':'
GREP='/usr/bin/grep'
HDEFINES=''
INCINTL=''
INSTALL_DATA='/usr/bin/install -c -m 644'
INSTALL_LIBBFD_FALSE=''
INSTALL_LIBBFD_TRUE='#'
INSTALL_PROGRAM='/usr/bin/install -c'
INSTALL_SCRIPT='/usr/bin/install -c'
INSTALL_STRIP_PROGRAM='$(install_sh) -c -s'
INSTOBJEXT=''
LD='/home/cro/Sdk/luckfox-pico/tools/linux/toolchain/arm-rockchip830-linux-uclibcgnueabihf/bin/../lib/gcc/arm-rockchip830-linux-uclibcgnueabihf/8.3.0/../../../../arm-rockchip830-linux-uclibcgnueabihf/bin/ld'
LDFLAGS=' -D_LARGEFILE_SOURCE -D_LARGEFILE64_SOURCE -D_FILE_OFFSET_BITS=64 -Os -march=armv7-a -mfpu=neon -mfloat-abi=hard -march=armv7-a -mfpu=neon -mfloat-abi=hard -mthumb -Wa,-mimplicit-it=thumb -mthumb-interwork'
LIBINTL=''
LIBINTL_DEP=''
LIBM='-lm'
LIBOBJS=''
LIBS=''
LIBTOOL='$(SHELL) $(top_builddir)/libtool'
LIPO=''
LN_S='ln -s'
LTLIBOBJS=''
MAINT='#'
MAINTAINER_MODE_FALSE=''
MAINTAINER_MODE_TRUE='#'
MAKEINFO='makeinfo --split-size=5000000'
MKDIR_P='/usr/bin/mkdir -p'
MKINSTALLDIRS='$(top_builddir)/./../mkinstalldirs'
MSGFMT=':'
MSGMERGE=':'
NM='arm-rockchip830-linux-uclibcgnueabihf-nm'
NMEDIT=''
NO_WERROR=''
OBJDUMP='arm-rockchip830-linux-uclibcgnueabihf-objdump'
OBJEXT='o'
OTOOL64=''
OTOOL=''
PACKAGE='opcodes'
PACKAGE_BUGREPORT=''
PACKAGE_NAME='opcodes'
PACKAGE_STRING='opcodes 2.35.50'
PACKAGE_TARNAME='opcodes'
PACKAGE_URL=''
PACKAGE_VERSION='2.35.50'
PATH_SEPARATOR=':'
POSUB=''
RANLIB='arm-rockchip830-linux-uclibcgnueabihf-ranlib'
SED='/usr/bin/sed'
SET_MAKE=''
SHARED_DEPENDENCIES='../bfd/libbfd.la'
SHARED_LDFLAGS=''
SHARED_LIBADD='-Wl,/home/cro/Sdk/luckfox-pico/sysdrv/tools/board/gdb/gdb-10.2/opcodes/../bfd/.libs/libbfd.so -L/home/cro/Sdk/luckfox-pico/sysdrv/tools/board/gdb/gdb-10.2/opcodes/../libiberty/pic -liberty -Wl,-lc,--as-needed,-lm,--no-as-needed'
SHELL='/bin/bash'
STRIP='arm-rockchip830-linux-uclibcgnueabihf-strip'
USE_NLS='no'
VERSION='2.35.50'
WARN_CFLAGS='-W -Wall -Wstrict-prototypes -Wmissing-prototypes -Wshadow -Wstack-usage=262144'
WARN_CFLAGS_FOR_BUILD='-W -Wall -Wstrict-prototypes -Wmissing-prototypes -Wshadow -Wstack-usage=262144'
WARN_WRITE_STRINGS='-Wwrite-strings'
XGETTEXT=':'
ac_ct_CC=''
ac_ct_DUMPBIN=''
am__EXEEXT_FALSE=''
am__EXEEXT_TRUE='#'
am__fastdepCC_FALSE=''
am__fastdepCC_TRUE='#'
am__include='include'
am__isrc=''
am__leading_dot='.'
am__nodep=''
am__quote=''
am__tar='$${TAR-tar} chof - "$$tardir"'
am__untar='$${TAR-tar} xf -'
archdefs=' -DARCH_arm'
bfdincludedir='$(includedir)'
bfdlibdir='$(libdir)'
bindir='${exec_prefix}/bin'
build='x86_64-pc-linux-gnu'
build_alias='x86_64-pc-linux-gnu'
build_cpu='x86_64'
build_os='linux-gnu'
build_vendor='pc'
cgendir='$(srcdir)/../cgen'
datadir='${datarootdir}'
datarootdir='${prefix}/share'
docdir='${datarootdir}/doc/${PACKAGE_TARNAME}'
dvidir='${docdir}'
exec_prefix='${prefix}'
host='arm-rockchip830-linux-uclibcgnueabihf'
host_alias='arm-rockchip830-linux-uclibcgnueabihf'
host_cpu='arm'
host_noncanonical='arm-rockchip830-linux-uclibcgnueabihf'
host_os='linux-uclibcgnueabihf'
host_vendor='rockchip830'
htmldir='${docdir}'
includedir='${prefix}/include'
infodir='${datarootdir}/info'
install_sh='${SHELL} /home/cro/Sdk/luckfox-pico/sysdrv/tools/board/gdb/gdb-10.2/install-sh'
libdir='${exec_prefix}/lib'
libexecdir='${exec_prefix}/libexec'
localedir='${datarootdir}/locale'
localstatedir='${prefix}/var'
mandir='${datarootdir}/man'
mkdir_p='$(MKDIR_P)'
oldincludedir='/usr/include'
pdfdir='${docdir}'
prefix='/home/cro/Sdk/luckfox-pico/sysdrv/tools/board/gdb/gdb-10.2/out'
program_transform_name='s,y,y,'
psdir='${docdir}'
sbindir='${exec_prefix}/sbin'
sharedstatedir='${prefix}/com'
sysconfdir='${prefix}/etc'
target='arm-rockchip830-linux-uclibcgnueabihf'
target_alias='arm-rockchip830-linux-uclibcgnueabihf'
target_cpu='arm'
target_noncanonical='arm-rockchip830-linux-uclibcgnueabihf'
target_os='linux-uclibcgnueabihf'
target_vendor='rockchip830'

## ----------- ##
## confdefs.h. ##
## ----------- ##

/* confdefs.h */
#define PACKAGE_NAME "opcodes"
#define PACKAGE_TARNAME "opcodes"
#define PACKAGE_VERSION "2.35.50"
#define PACKAGE_STRING "opcodes 2.35.50"
#define PACKAGE_BUGREPORT ""
#define PACKAGE_URL ""
#define PACKAGE "opcodes"
#define VERSION "2.35.50"
#define STDC_HEADERS 1
#define HAVE_SYS_TYPES_H 1
#define HAVE_SYS_STAT_H 1
#define HAVE_STDLIB_H 1
#define HAVE_STRING_H 1
#define HAVE_MEMORY_H 1
#define HAVE_STRINGS_H 1
#define HAVE_INTTYPES_H 1
#define HAVE_STDINT_H 1
#define HAVE_UNISTD_H 1
#define __EXTENSIONS__ 1
#define _ALL_SOURCE 1
#define _GNU_SOURCE 1
#define _POSIX_PTHREAD_SEMANTICS 1
#define _TANDEM_SOURCE 1
#define HAVE_DLFCN_H 1
#define LT_OBJDIR ".libs/"
#define HAVE_STRING_H 1
#define HAVE_STRINGS_H 1
#define HAVE_STDLIB_H 1
#define HAVE_LIMITS_H 1
#define STRING_WITH_STRINGS 1
#define HAVE_DECL_BASENAME 1
#define HAVE_DECL_STPCPY 1
#define HAVE_SIGSETJMP 1

configure: exit 0
