This file contains any messages produced by compilers while
running configure, to aid debugging if configure makes a mistake.

It was created by configure, which was
generated by GNU Autoconf 2.69.  Invocation command line was

  $ ./configure --host=arm-rockchip830-linux-uclibcgnueabihf --target=arm-rockchip830-linux-uclibcgnueabihf --prefix=/home/cro/Sdk/luckfox-pico/sysdrv/tools/board/gdb/gdb-10.2/out --disable-gtk-doc --disable-gtk-doc-html --disable-doc --disable-docs --disable-documentation --with-xmlto=no --with-fop=no --disable-dependency-tracking --enable-ipv6 --disable-nls --disable-static --enable-shared --without-uiout --disable-gdbtk --without-x --disable-sim --disable-binutils --disable-install-libbfd --disable-ld --disable-gas --enable-gdbserver --with-curses --without-included-gettext --disable-werror --enable-static --without-mpfr --disable-tui --without-python --without-lzma --with-expat --with-libexpat-prefix=/home/cro/Sdk/luckfox-pico/sysdrv/tools/board/gdb/expat-2.4.1/out --with-zlib

## --------- ##
## Platform. ##
## --------- ##

hostname = DESKTOP-RUMO6US
uname -m = x86_64
uname -r = 5.15.153.1-microsoft-standard-WSL2
uname -s = Linux
uname -v = #1 SMP Fri Mar 29 23:14:13 UTC 2024

/usr/bin/uname -p = x86_64
/bin/uname -X     = unknown

/bin/arch              = x86_64
/usr/bin/arch -k       = unknown
/usr/convex/getsysinfo = unknown
/usr/bin/hostinfo      = unknown
/bin/machine           = unknown
/usr/bin/oslevel       = unknown
/bin/universe          = unknown

PATH: /home/cro/Sdk/luckfox-pico/sysdrv/tools/pc/toolkits
PATH: /home/cro/Sdk/luckfox-pico/sysdrv/tools/pc/uboot_tools
PATH: /home/cro/Sdk/luckfox-pico/sysdrv/out/bin/pc
PATH: /home/cro/Sdk/luckfox-pico/sysdrv/tools/pc/toolkits
PATH: /home/cro/Sdk/luckfox-pico/sysdrv/tools/pc/uboot_tools
PATH: /home/cro/Sdk/luckfox-pico/sysdrv/out/bin/pc
PATH: /home/cro/Sdk/luckfox-pico/tools/linux/toolchain/arm-rockchip830-linux-uclibcgnueabihf/bin
PATH: /home/cro/Sdk/luckfox-pico/output/out/sysdrv_out/pc
PATH: /home/cro/miniconda3/bin
PATH: /home/cro/miniconda3/condabin
PATH: /usr/local/sbin
PATH: /usr/local/bin
PATH: /usr/sbin
PATH: /usr/bin
PATH: /sbin
PATH: /bin
PATH: /usr/games
PATH: /usr/local/games
PATH: /usr/lib/wsl/lib
PATH: /home/cro/Sdk/luckfox-pico/tools/linux/toolchain/arm-rockchip830-linux-uclibcgnueabihf/bin
PATH: /opt/gcc-linaro-11.3.1-2022.06-x86_64_arm-linux-gnueabihf/bin
PATH: /home/cro/doc/clipboard-provider
PATH: /home/cro/Sdk/luckfox-pico/sysdrv/source/kernel/scripts/dtc


## ----------- ##
## Core tests. ##
## ----------- ##

configure:2344: checking build system type
configure:2358: result: x86_64-pc-linux-gnu
configure:2405: checking host system type
configure:2418: result: arm-rockchip830-linux-uclibcgnueabihf
configure:2438: checking target system type
configure:2451: result: arm-rockchip830-linux-uclibcgnueabihf
configure:2505: checking for a BSD-compatible install
configure:2573: result: /usr/bin/install -c
configure:2584: checking whether ln works
configure:2606: result: yes
configure:2610: checking whether ln -s works
configure:2614: result: yes
configure:2621: checking for a sed that does not truncate output
configure:2685: result: /usr/bin/sed
configure:2694: checking for gawk
configure:2710: found /usr/bin/gawk
configure:2721: result: gawk
configure:3057: WARNING: neither ld nor gold are enabled
configure:4020: checking for arm-rockchip830-linux-uclibcgnueabihf-gcc
configure:4036: found /home/cro/Sdk/luckfox-pico/tools/linux/toolchain/arm-rockchip830-linux-uclibcgnueabihf/bin/arm-rockchip830-linux-uclibcgnueabihf-gcc
configure:4047: result: arm-rockchip830-linux-uclibcgnueabihf-gcc
configure:4316: checking for C compiler version
configure:4325: arm-rockchip830-linux-uclibcgnueabihf-gcc --version >&5
arm-rockchip830-linux-uclibcgnueabihf-gcc (crosstool-NG 1.24.0) 8.3.0
Copyright (C) 2018 Free Software Foundation, Inc.
This is free software; see the source for copying conditions.  There is NO
warranty; not even for MERCHANTABILITY or FITNESS FOR A PARTICULAR PURPOSE.

configure:4336: $? = 0
configure:4325: arm-rockchip830-linux-uclibcgnueabihf-gcc -v >&5
Using built-in specs.
COLLECT_GCC=arm-rockchip830-linux-uclibcgnueabihf-gcc
COLLECT_LTO_WRAPPER=/home/cro/Sdk/luckfox-pico/tools/linux/toolchain/arm-rockchip830-linux-uclibcgnueabihf/bin/../libexec/gcc/arm-rockchip830-linux-uclibcgnueabihf/8.3.0/lto-wrapper
Target: arm-rockchip830-linux-uclibcgnueabihf
Configured with: /opt/.build/arm-rockchip830-linux-uclibcgnueabihf/src/gcc/configure --build=x86_64-build_pc-linux-gnu --host=x86_64-build_pc-linux-gnu --target=arm-rockchip830-linux-uclibcgnueabihf --prefix=/opt/x-tool/arm-rockchip830-linux-uclibcgnueabihf --with-sysroot=/opt/x-tool/arm-rockchip830-linux-uclibcgnueabihf/arm-rockchip830-linux-uclibcgnueabihf/sysroot --enable-languages=c,c++ --with-arch=armv7-a --with-fpu=neon-vfpv4 --with-float=hard --with-pkgversion='crosstool-NG 1.24.0' --enable-__cxa_atexit --disable-libmudflap --disable-libgomp --disable-libssp --disable-libquadmath --disable-libquadmath-support --disable-libsanitizer --disable-libmpx --with-gmp=/opt/.build/arm-rockchip830-linux-uclibcgnueabihf/buildtools --with-mpfr=/opt/.build/arm-rockchip830-linux-uclibcgnueabihf/buildtools --with-mpc=/opt/.build/arm-rockchip830-linux-uclibcgnueabihf/buildtools --with-isl=/opt/.build/arm-rockchip830-linux-uclibcgnueabihf/buildtools --enable-lto --with-host-libstdcxx='-static-libgcc -Wl,-Bstatic,-lstdc++,-Bdynamic -lm' --enable-threads=posix --enable-target-optspace --enable-plugin --enable-gold --disable-nls --disable-multilib --with-local-prefix=/opt/x-tool/arm-rockchip830-linux-uclibcgnueabihf/arm-rockchip830-linux-uclibcgnueabihf/sysroot --enable-long-long
Thread model: posix
gcc version 8.3.0 (crosstool-NG 1.24.0) 
configure:4336: $? = 0
configure:4325: arm-rockchip830-linux-uclibcgnueabihf-gcc -V >&5
arm-rockchip830-linux-uclibcgnueabihf-gcc: error: unrecognized command line option '-V'
arm-rockchip830-linux-uclibcgnueabihf-gcc: fatal error: no input files
compilation terminated.
configure:4336: $? = 1
configure:4325: arm-rockchip830-linux-uclibcgnueabihf-gcc -qversion >&5
arm-rockchip830-linux-uclibcgnueabihf-gcc: error: unrecognized command line option '-qversion'; did you mean '--version'?
arm-rockchip830-linux-uclibcgnueabihf-gcc: fatal error: no input files
compilation terminated.
configure:4336: $? = 1
configure:4356: checking whether the C compiler works
configure:4378: arm-rockchip830-linux-uclibcgnueabihf-gcc -D_LARGEFILE_SOURCE -D_LARGEFILE64_SOURCE -D_FILE_OFFSET_BITS=64 -Os -march=armv7-a -mfpu=neon -mfloat-abi=hard -march=armv7-a -mfpu=neon -mfloat-abi=hard -mthumb -Wa,-mimplicit-it=thumb -mthumb-interwork -D_LARGEFILE_SOURCE -D_LARGEFILE64_SOURCE -D_FILE_OFFSET_BITS=64 -Os -march=armv7-a -mfpu=neon -mfloat-abi=hard -march=armv7-a -mfpu=neon -mfloat-abi=hard -mthumb -Wa,-mimplicit-it=thumb -mthumb-interwork -D_LARGEFILE_SOURCE -D_LARGEFILE64_SOURCE -D_FILE_OFFSET_BITS=64 -Os -march=armv7-a -mfpu=neon -mfloat-abi=hard -march=armv7-a -mfpu=neon -mfloat-abi=hard -mthumb -Wa,-mimplicit-it=thumb -mthumb-interwork conftest.c  >&5
configure:4382: $? = 0
configure:4430: result: yes
configure:4433: checking for C compiler default output file name
configure:4435: result: a.out
configure:4441: checking for suffix of executables
configure:4448: arm-rockchip830-linux-uclibcgnueabihf-gcc -o conftest -D_LARGEFILE_SOURCE -D_LARGEFILE64_SOURCE -D_FILE_OFFSET_BITS=64 -Os -march=armv7-a -mfpu=neon -mfloat-abi=hard -march=armv7-a -mfpu=neon -mfloat-abi=hard -mthumb -Wa,-mimplicit-it=thumb -mthumb-interwork -D_LARGEFILE_SOURCE -D_LARGEFILE64_SOURCE -D_FILE_OFFSET_BITS=64 -Os -march=armv7-a -mfpu=neon -mfloat-abi=hard -march=armv7-a -mfpu=neon -mfloat-abi=hard -mthumb -Wa,-mimplicit-it=thumb -mthumb-interwork -D_LARGEFILE_SOURCE -D_LARGEFILE64_SOURCE -D_FILE_OFFSET_BITS=64 -Os -march=armv7-a -mfpu=neon -mfloat-abi=hard -march=armv7-a -mfpu=neon -mfloat-abi=hard -mthumb -Wa,-mimplicit-it=thumb -mthumb-interwork conftest.c  >&5
configure:4452: $? = 0
configure:4474: result: 
configure:4496: checking whether we are cross compiling
configure:4504: arm-rockchip830-linux-uclibcgnueabihf-gcc -o conftest -D_LARGEFILE_SOURCE -D_LARGEFILE64_SOURCE -D_FILE_OFFSET_BITS=64 -Os -march=armv7-a -mfpu=neon -mfloat-abi=hard -march=armv7-a -mfpu=neon -mfloat-abi=hard -mthumb -Wa,-mimplicit-it=thumb -mthumb-interwork -D_LARGEFILE_SOURCE -D_LARGEFILE64_SOURCE -D_FILE_OFFSET_BITS=64 -Os -march=armv7-a -mfpu=neon -mfloat-abi=hard -march=armv7-a -mfpu=neon -mfloat-abi=hard -mthumb -Wa,-mimplicit-it=thumb -mthumb-interwork -D_LARGEFILE_SOURCE -D_LARGEFILE64_SOURCE -D_FILE_OFFSET_BITS=64 -Os -march=armv7-a -mfpu=neon -mfloat-abi=hard -march=armv7-a -mfpu=neon -mfloat-abi=hard -mthumb -Wa,-mimplicit-it=thumb -mthumb-interwork conftest.c  >&5
configure:4508: $? = 0
configure:4515: ./conftest
./configure: line 4517: ./conftest: cannot execute binary file: Exec format error
configure:4519: $? = 126
configure:4534: result: yes
configure:4539: checking for suffix of object files
configure:4561: arm-rockchip830-linux-uclibcgnueabihf-gcc -c -D_LARGEFILE_SOURCE -D_LARGEFILE64_SOURCE -D_FILE_OFFSET_BITS=64 -Os -march=armv7-a -mfpu=neon -mfloat-abi=hard -march=armv7-a -mfpu=neon -mfloat-abi=hard -mthumb -Wa,-mimplicit-it=thumb -mthumb-interwork -D_LARGEFILE_SOURCE -D_LARGEFILE64_SOURCE -D_FILE_OFFSET_BITS=64 -Os -march=armv7-a -mfpu=neon -mfloat-abi=hard -march=armv7-a -mfpu=neon -mfloat-abi=hard -mthumb -Wa,-mimplicit-it=thumb -mthumb-interwork conftest.c >&5
configure:4565: $? = 0
configure:4586: result: o
configure:4590: checking whether we are using the GNU C compiler
configure:4609: arm-rockchip830-linux-uclibcgnueabihf-gcc -c -D_LARGEFILE_SOURCE -D_LARGEFILE64_SOURCE -D_FILE_OFFSET_BITS=64 -Os -march=armv7-a -mfpu=neon -mfloat-abi=hard -march=armv7-a -mfpu=neon -mfloat-abi=hard -mthumb -Wa,-mimplicit-it=thumb -mthumb-interwork -D_LARGEFILE_SOURCE -D_LARGEFILE64_SOURCE -D_FILE_OFFSET_BITS=64 -Os -march=armv7-a -mfpu=neon -mfloat-abi=hard -march=armv7-a -mfpu=neon -mfloat-abi=hard -mthumb -Wa,-mimplicit-it=thumb -mthumb-interwork conftest.c >&5
configure:4609: $? = 0
configure:4618: result: yes
configure:4627: checking whether arm-rockchip830-linux-uclibcgnueabihf-gcc accepts -g
configure:4647: arm-rockchip830-linux-uclibcgnueabihf-gcc -c -g -D_LARGEFILE_SOURCE -D_LARGEFILE64_SOURCE -D_FILE_OFFSET_BITS=64 -Os -march=armv7-a -mfpu=neon -mfloat-abi=hard -march=armv7-a -mfpu=neon -mfloat-abi=hard -mthumb -Wa,-mimplicit-it=thumb -mthumb-interwork conftest.c >&5
configure:4647: $? = 0
configure:4688: result: yes
configure:4705: checking for arm-rockchip830-linux-uclibcgnueabihf-gcc option to accept ISO C89
configure:4768: arm-rockchip830-linux-uclibcgnueabihf-gcc  -c -D_LARGEFILE_SOURCE -D_LARGEFILE64_SOURCE -D_FILE_OFFSET_BITS=64 -Os -march=armv7-a -mfpu=neon -mfloat-abi=hard -march=armv7-a -mfpu=neon -mfloat-abi=hard -mthumb -Wa,-mimplicit-it=thumb -mthumb-interwork -D_LARGEFILE_SOURCE -D_LARGEFILE64_SOURCE -D_FILE_OFFSET_BITS=64 -Os -march=armv7-a -mfpu=neon -mfloat-abi=hard -march=armv7-a -mfpu=neon -mfloat-abi=hard -mthumb -Wa,-mimplicit-it=thumb -mthumb-interwork conftest.c >&5
configure:4768: $? = 0
configure:4781: result: none needed
configure:4815: checking for arm-rockchip830-linux-uclibcgnueabihf-g++
configure:4831: found /home/cro/Sdk/luckfox-pico/tools/linux/toolchain/arm-rockchip830-linux-uclibcgnueabihf/bin/arm-rockchip830-linux-uclibcgnueabihf-g++
configure:4842: result: arm-rockchip830-linux-uclibcgnueabihf-g++
configure:4913: checking for C++ compiler version
configure:4922: arm-rockchip830-linux-uclibcgnueabihf-g++ --version >&5
arm-rockchip830-linux-uclibcgnueabihf-g++ (crosstool-NG 1.24.0) 8.3.0
Copyright (C) 2018 Free Software Foundation, Inc.
This is free software; see the source for copying conditions.  There is NO
warranty; not even for MERCHANTABILITY or FITNESS FOR A PARTICULAR PURPOSE.

configure:4933: $? = 0
configure:4922: arm-rockchip830-linux-uclibcgnueabihf-g++ -v >&5
Using built-in specs.
COLLECT_GCC=arm-rockchip830-linux-uclibcgnueabihf-g++
COLLECT_LTO_WRAPPER=/home/cro/Sdk/luckfox-pico/tools/linux/toolchain/arm-rockchip830-linux-uclibcgnueabihf/bin/../libexec/gcc/arm-rockchip830-linux-uclibcgnueabihf/8.3.0/lto-wrapper
Target: arm-rockchip830-linux-uclibcgnueabihf
Configured with: /opt/.build/arm-rockchip830-linux-uclibcgnueabihf/src/gcc/configure --build=x86_64-build_pc-linux-gnu --host=x86_64-build_pc-linux-gnu --target=arm-rockchip830-linux-uclibcgnueabihf --prefix=/opt/x-tool/arm-rockchip830-linux-uclibcgnueabihf --with-sysroot=/opt/x-tool/arm-rockchip830-linux-uclibcgnueabihf/arm-rockchip830-linux-uclibcgnueabihf/sysroot --enable-languages=c,c++ --with-arch=armv7-a --with-fpu=neon-vfpv4 --with-float=hard --with-pkgversion='crosstool-NG 1.24.0' --enable-__cxa_atexit --disable-libmudflap --disable-libgomp --disable-libssp --disable-libquadmath --disable-libquadmath-support --disable-libsanitizer --disable-libmpx --with-gmp=/opt/.build/arm-rockchip830-linux-uclibcgnueabihf/buildtools --with-mpfr=/opt/.build/arm-rockchip830-linux-uclibcgnueabihf/buildtools --with-mpc=/opt/.build/arm-rockchip830-linux-uclibcgnueabihf/buildtools --with-isl=/opt/.build/arm-rockchip830-linux-uclibcgnueabihf/buildtools --enable-lto --with-host-libstdcxx='-static-libgcc -Wl,-Bstatic,-lstdc++,-Bdynamic -lm' --enable-threads=posix --enable-target-optspace --enable-plugin --enable-gold --disable-nls --disable-multilib --with-local-prefix=/opt/x-tool/arm-rockchip830-linux-uclibcgnueabihf/arm-rockchip830-linux-uclibcgnueabihf/sysroot --enable-long-long
Thread model: posix
gcc version 8.3.0 (crosstool-NG 1.24.0) 
configure:4933: $? = 0
configure:4922: arm-rockchip830-linux-uclibcgnueabihf-g++ -V >&5
arm-rockchip830-linux-uclibcgnueabihf-g++: error: unrecognized command line option '-V'
arm-rockchip830-linux-uclibcgnueabihf-g++: fatal error: no input files
compilation terminated.
configure:4933: $? = 1
configure:4922: arm-rockchip830-linux-uclibcgnueabihf-g++ -qversion >&5
arm-rockchip830-linux-uclibcgnueabihf-g++: error: unrecognized command line option '-qversion'; did you mean '--version'?
arm-rockchip830-linux-uclibcgnueabihf-g++: fatal error: no input files
compilation terminated.
configure:4933: $? = 1
configure:4937: checking whether we are using the GNU C++ compiler
configure:4956: arm-rockchip830-linux-uclibcgnueabihf-g++ -c -D_LARGEFILE_SOURCE -D_LARGEFILE64_SOURCE -D_FILE_OFFSET_BITS=64 -Os -march=armv7-a -mfpu=neon -mfloat-abi=hard -march=armv7-a -mfpu=neon -mfloat-abi=hard -mthumb -Wa,-mimplicit-it=thumb -mthumb-interwork -D_LARGEFILE_SOURCE -D_LARGEFILE64_SOURCE -D_FILE_OFFSET_BITS=64 -Os -march=armv7-a -mfpu=neon -mfloat-abi=hard -march=armv7-a -mfpu=neon -mfloat-abi=hard -mthumb -Wa,-mimplicit-it=thumb -mthumb-interwork conftest.cpp >&5
configure:4956: $? = 0
configure:4965: result: yes
configure:4974: checking whether arm-rockchip830-linux-uclibcgnueabihf-g++ accepts -g
configure:4994: arm-rockchip830-linux-uclibcgnueabihf-g++ -c -g -D_LARGEFILE_SOURCE -D_LARGEFILE64_SOURCE -D_FILE_OFFSET_BITS=64 -Os -march=armv7-a -mfpu=neon -mfloat-abi=hard -march=armv7-a -mfpu=neon -mfloat-abi=hard -mthumb -Wa,-mimplicit-it=thumb -mthumb-interwork conftest.cpp >&5
configure:4994: $? = 0
configure:5035: result: yes
configure:5084: checking whether g++ accepts -static-libstdc++ -static-libgcc
configure:5101: arm-rockchip830-linux-uclibcgnueabihf-g++ -o conftest -D_LARGEFILE_SOURCE -D_LARGEFILE64_SOURCE -D_FILE_OFFSET_BITS=64 -Os -march=armv7-a -mfpu=neon -mfloat-abi=hard -march=armv7-a -mfpu=neon -mfloat-abi=hard -mthumb -Wa,-mimplicit-it=thumb -mthumb-interwork -D_LARGEFILE_SOURCE -D_LARGEFILE64_SOURCE -D_FILE_OFFSET_BITS=64 -Os -march=armv7-a -mfpu=neon -mfloat-abi=hard -march=armv7-a -mfpu=neon -mfloat-abi=hard -mthumb -Wa,-mimplicit-it=thumb -mthumb-interwork -D_LARGEFILE_SOURCE -D_LARGEFILE64_SOURCE -D_FILE_OFFSET_BITS=64 -Os -march=armv7-a -mfpu=neon -mfloat-abi=hard -march=armv7-a -mfpu=neon -mfloat-abi=hard -mthumb -Wa,-mimplicit-it=thumb -mthumb-interwork -static-libstdc++ -static-libgcc conftest.cpp  >&5
configure:5101: $? = 0
configure:5102: result: yes
configure:5126: checking for arm-rockchip830-linux-uclibcgnueabihf-gnatbind
configure:5156: result: no
configure:5166: checking for gnatbind
configure:5196: result: no
configure:5218: checking for arm-rockchip830-linux-uclibcgnueabihf-gnatmake
configure:5248: result: no
configure:5258: checking for gnatmake
configure:5288: result: no
configure:5307: checking whether compiler driver understands Ada
configure:5330: result: no
configure:5339: checking how to compare bootstrapped objects
configure:5364: result: cmp --ignore-initial=16 $$f1 $$f2
configure:5424: checking for objdir
configure:5439: result: .libs
configure:6005: checking for isl 0.15 or later
configure:6018: arm-rockchip830-linux-uclibcgnueabihf-gcc -o conftest -D_LARGEFILE_SOURCE -D_LARGEFILE64_SOURCE -D_FILE_OFFSET_BITS=64 -Os -march=armv7-a -mfpu=neon -mfloat-abi=hard -march=armv7-a -mfpu=neon -mfloat-abi=hard -mthumb -Wa,-mimplicit-it=thumb -mthumb-interwork  -Ino/include  -D_LARGEFILE_SOURCE -D_LARGEFILE64_SOURCE -D_FILE_OFFSET_BITS=64 -Os -march=armv7-a -mfpu=neon -mfloat-abi=hard -march=armv7-a -mfpu=neon -mfloat-abi=hard -mthumb -Wa,-mimplicit-it=thumb -mthumb-interwork -D_LARGEFILE_SOURCE -D_LARGEFILE64_SOURCE -D_FILE_OFFSET_BITS=64 -Os -march=armv7-a -mfpu=neon -mfloat-abi=hard -march=armv7-a -mfpu=neon -mfloat-abi=hard -mthumb -Wa,-mimplicit-it=thumb -mthumb-interwork  -lisl -Lno/lib -lmpc -lmpfr -lgmp conftest.c  -lisl -lgmp >&5
conftest.c:10:10: fatal error: isl/schedule.h: No such file or directory
 #include <isl/schedule.h>
          ^~~~~~~~~~~~~~~~
compilation terminated.
configure:6018: $? = 1
configure: failed program was:
| /* confdefs.h */
| #define PACKAGE_NAME ""
| #define PACKAGE_TARNAME ""
| #define PACKAGE_VERSION ""
| #define PACKAGE_STRING ""
| #define PACKAGE_BUGREPORT ""
| #define PACKAGE_URL ""
| #define LT_OBJDIR ".libs/"
| /* end confdefs.h.  */
| #include <isl/schedule.h>
| int
| main ()
| {
| isl_options_set_schedule_serialize_sccs (NULL, 0);
|   ;
|   return 0;
| }
configure:6025: result: no
configure:6029: result: required isl version is 0.15 or later
configure:7122: checking for default BUILD_CONFIG
configure:7154: result: 
configure:7159: checking for --enable-vtable-verify
configure:7172: result: no
configure:7784: checking for bison
configure:7800: found /usr/bin/bison
configure:7811: result: bison -y
configure:7831: checking for bison
configure:7847: found /usr/bin/bison
configure:7858: result: bison
configure:7878: checking for gm4
configure:7908: result: no
configure:7878: checking for gnum4
configure:7908: result: no
configure:7878: checking for m4
configure:7894: found /usr/bin/m4
configure:7905: result: m4
configure:7925: checking for flex
configure:7941: found /usr/bin/flex
configure:7952: result: flex
configure:7973: checking for flex
configure:7989: found /usr/bin/flex
configure:8000: result: flex
configure:8020: checking for makeinfo
configure:8036: found /usr/bin/makeinfo
configure:8047: result: makeinfo
configure:8081: checking for expect
configure:8097: found /usr/bin/expect
configure:8108: result: expect
configure:8130: checking for runtest
configure:8160: result: no
configure:8236: checking for arm-rockchip830-linux-uclibcgnueabihf-ar
configure:8252: found /home/cro/Sdk/luckfox-pico/tools/linux/toolchain/arm-rockchip830-linux-uclibcgnueabihf/bin/arm-rockchip830-linux-uclibcgnueabihf-ar
configure:8263: result: arm-rockchip830-linux-uclibcgnueabihf-ar
configure:8377: checking for arm-rockchip830-linux-uclibcgnueabihf-as
configure:8393: found /home/cro/Sdk/luckfox-pico/tools/linux/toolchain/arm-rockchip830-linux-uclibcgnueabihf/bin/arm-rockchip830-linux-uclibcgnueabihf-as
configure:8404: result: arm-rockchip830-linux-uclibcgnueabihf-as
configure:8518: checking for arm-rockchip830-linux-uclibcgnueabihf-dlltool
configure:8548: result: no
configure:8617: checking for ld
configure:8644: result: /home/cro/Sdk/luckfox-pico/tools/linux/toolchain/arm-rockchip830-linux-uclibcgnueabihf/bin/../lib/gcc/arm-rockchip830-linux-uclibcgnueabihf/8.3.0/../../../../arm-rockchip830-linux-uclibcgnueabihf/bin/ld
configure:8659: checking for arm-rockchip830-linux-uclibcgnueabihf-ld
configure:8686: result: /home/cro/Sdk/luckfox-pico/tools/linux/toolchain/arm-rockchip830-linux-uclibcgnueabihf/bin/../lib/gcc/arm-rockchip830-linux-uclibcgnueabihf/8.3.0/../../../../arm-rockchip830-linux-uclibcgnueabihf/bin/ld
configure:8800: checking for arm-rockchip830-linux-uclibcgnueabihf-lipo
configure:8830: result: no
configure:8941: checking for arm-rockchip830-linux-uclibcgnueabihf-nm
configure:8957: found /home/cro/Sdk/luckfox-pico/tools/linux/toolchain/arm-rockchip830-linux-uclibcgnueabihf/bin/arm-rockchip830-linux-uclibcgnueabihf-nm
configure:8968: result: arm-rockchip830-linux-uclibcgnueabihf-nm
configure:9082: checking for arm-rockchip830-linux-uclibcgnueabihf-ranlib
configure:9098: found /home/cro/Sdk/luckfox-pico/tools/linux/toolchain/arm-rockchip830-linux-uclibcgnueabihf/bin/arm-rockchip830-linux-uclibcgnueabihf-ranlib
configure:9109: result: arm-rockchip830-linux-uclibcgnueabihf-ranlib
configure:9218: checking for arm-rockchip830-linux-uclibcgnueabihf-strip
configure:9234: found /home/cro/Sdk/luckfox-pico/tools/linux/toolchain/arm-rockchip830-linux-uclibcgnueabihf/bin/arm-rockchip830-linux-uclibcgnueabihf-strip
configure:9245: result: arm-rockchip830-linux-uclibcgnueabihf-strip
configure:9354: checking for arm-rockchip830-linux-uclibcgnueabihf-windres
configure:9384: result: no
configure:9495: checking for arm-rockchip830-linux-uclibcgnueabihf-windmc
configure:9525: result: no
configure:9636: checking for arm-rockchip830-linux-uclibcgnueabihf-objcopy
configure:9652: found /home/cro/Sdk/luckfox-pico/tools/linux/toolchain/arm-rockchip830-linux-uclibcgnueabihf/bin/arm-rockchip830-linux-uclibcgnueabihf-objcopy
configure:9663: result: arm-rockchip830-linux-uclibcgnueabihf-objcopy
configure:9777: checking for arm-rockchip830-linux-uclibcgnueabihf-objdump
configure:9793: found /home/cro/Sdk/luckfox-pico/tools/linux/toolchain/arm-rockchip830-linux-uclibcgnueabihf/bin/arm-rockchip830-linux-uclibcgnueabihf-objdump
configure:9804: result: arm-rockchip830-linux-uclibcgnueabihf-objdump
configure:9918: checking for arm-rockchip830-linux-uclibcgnueabihf-readelf
configure:9934: found /home/cro/Sdk/luckfox-pico/tools/linux/toolchain/arm-rockchip830-linux-uclibcgnueabihf/bin/arm-rockchip830-linux-uclibcgnueabihf-readelf
configure:9945: result: arm-rockchip830-linux-uclibcgnueabihf-readelf
configure:10098: checking for arm-rockchip830-linux-uclibcgnueabihf-cc
configure:10114: found /home/cro/Sdk/luckfox-pico/tools/linux/toolchain/arm-rockchip830-linux-uclibcgnueabihf/bin/arm-rockchip830-linux-uclibcgnueabihf-cc
configure:10125: result: arm-rockchip830-linux-uclibcgnueabihf-cc
configure:10259: checking for arm-rockchip830-linux-uclibcgnueabihf-c++
configure:10275: found /home/cro/Sdk/luckfox-pico/tools/linux/toolchain/arm-rockchip830-linux-uclibcgnueabihf/bin/arm-rockchip830-linux-uclibcgnueabihf-c++
configure:10286: result: arm-rockchip830-linux-uclibcgnueabihf-c++
configure:10420: checking for arm-rockchip830-linux-uclibcgnueabihf-gcc
configure:10436: found /home/cro/Sdk/luckfox-pico/tools/linux/toolchain/arm-rockchip830-linux-uclibcgnueabihf/bin/arm-rockchip830-linux-uclibcgnueabihf-gcc
configure:10447: result: arm-rockchip830-linux-uclibcgnueabihf-gcc
configure:10576: checking for arm-rockchip830-linux-uclibcgnueabihf-gfortran
configure:10606: result: no
configure:10737: checking for arm-rockchip830-linux-uclibcgnueabihf-gccgo
configure:10767: result: no
configure:11438: checking for arm-rockchip830-linux-uclibcgnueabihf-dlltool
configure:11468: result: no
configure:11898: checking for arm-rockchip830-linux-uclibcgnueabihf-lipo
configure:11928: result: no
configure:13508: checking for arm-rockchip830-linux-uclibcgnueabihf-windres
configure:13538: result: no
configure:13738: checking for arm-rockchip830-linux-uclibcgnueabihf-windmc
configure:13768: result: no
configure:13835: checking where to find the target ar
configure:13841: result: pre-installed in /home/cro/Sdk/luckfox-pico/tools/linux/toolchain/arm-rockchip830-linux-uclibcgnueabihf/bin/../lib/gcc/arm-rockchip830-linux-uclibcgnueabihf/8.3.0/../../../../arm-rockchip830-linux-uclibcgnueabihf/bin
configure:13877: checking where to find the target as
configure:13883: result: pre-installed in /home/cro/Sdk/luckfox-pico/tools/linux/toolchain/arm-rockchip830-linux-uclibcgnueabihf/bin/../lib/gcc/arm-rockchip830-linux-uclibcgnueabihf/8.3.0/../../../../arm-rockchip830-linux-uclibcgnueabihf/bin
configure:13919: checking where to find the target cc
configure:13929: result: pre-installed
configure:13961: checking where to find the target c++
configure:13971: result: pre-installed
configure:14006: checking where to find the target c++ for libstdc++
configure:14016: result: pre-installed
configure:14051: checking where to find the target dlltool
configure:14061: result: pre-installed
configure:14093: checking where to find the target gcc
configure:14103: result: pre-installed
configure:14135: checking where to find the target gfortran
configure:14145: result: pre-installed
configure:14180: checking where to find the target gccgo
configure:14190: result: pre-installed
configure:14225: checking where to find the target ld
configure:14231: result: pre-installed in /home/cro/Sdk/luckfox-pico/tools/linux/toolchain/arm-rockchip830-linux-uclibcgnueabihf/bin/../lib/gcc/arm-rockchip830-linux-uclibcgnueabihf/8.3.0/../../../../arm-rockchip830-linux-uclibcgnueabihf/bin
configure:14267: checking where to find the target lipo
configure:14277: result: pre-installed
configure:14298: checking where to find the target nm
configure:14304: result: pre-installed in /home/cro/Sdk/luckfox-pico/tools/linux/toolchain/arm-rockchip830-linux-uclibcgnueabihf/bin/../lib/gcc/arm-rockchip830-linux-uclibcgnueabihf/8.3.0/../../../../arm-rockchip830-linux-uclibcgnueabihf/bin
configure:14340: checking where to find the target objcopy
configure:14346: result: pre-installed in /home/cro/Sdk/luckfox-pico/tools/linux/toolchain/arm-rockchip830-linux-uclibcgnueabihf/bin/../lib/gcc/arm-rockchip830-linux-uclibcgnueabihf/8.3.0/../../../../arm-rockchip830-linux-uclibcgnueabihf/bin
configure:14382: checking where to find the target objdump
configure:14388: result: pre-installed in /home/cro/Sdk/luckfox-pico/tools/linux/toolchain/arm-rockchip830-linux-uclibcgnueabihf/bin/../lib/gcc/arm-rockchip830-linux-uclibcgnueabihf/8.3.0/../../../../arm-rockchip830-linux-uclibcgnueabihf/bin
configure:14424: checking where to find the target ranlib
configure:14430: result: pre-installed in /home/cro/Sdk/luckfox-pico/tools/linux/toolchain/arm-rockchip830-linux-uclibcgnueabihf/bin/../lib/gcc/arm-rockchip830-linux-uclibcgnueabihf/8.3.0/../../../../arm-rockchip830-linux-uclibcgnueabihf/bin
configure:14466: checking where to find the target readelf
configure:14472: result: pre-installed in /home/cro/Sdk/luckfox-pico/tools/linux/toolchain/arm-rockchip830-linux-uclibcgnueabihf/bin/../lib/gcc/arm-rockchip830-linux-uclibcgnueabihf/8.3.0/../../../../arm-rockchip830-linux-uclibcgnueabihf/bin
configure:14508: checking where to find the target strip
configure:14514: result: pre-installed in /home/cro/Sdk/luckfox-pico/tools/linux/toolchain/arm-rockchip830-linux-uclibcgnueabihf/bin/../lib/gcc/arm-rockchip830-linux-uclibcgnueabihf/8.3.0/../../../../arm-rockchip830-linux-uclibcgnueabihf/bin
configure:14550: checking where to find the target windres
configure:14560: result: pre-installed
configure:14592: checking where to find the target windmc
configure:14602: result: pre-installed
configure:14662: checking whether to enable maintainer-specific portions of Makefiles
configure:14671: result: no
configure:14906: creating ./config.status

## ---------------------- ##
## Running config.status. ##
## ---------------------- ##

This file was extended by config.status, which was
generated by GNU Autoconf 2.69.  Invocation command line was

  CONFIG_FILES    = 
  CONFIG_HEADERS  = 
  CONFIG_LINKS    = 
  CONFIG_COMMANDS = 
  $ ./config.status 

on DESKTOP-RUMO6US

config.status:1019: creating Makefile

## ---------------- ##
## Cache variables. ##
## ---------------- ##

ac_cv_build=x86_64-pc-linux-gnu
ac_cv_c_bigendian=no
ac_cv_c_compiler_gnu=yes
ac_cv_cxx_compiler_gnu=yes
ac_cv_env_AR_FOR_TARGET_set=
ac_cv_env_AR_FOR_TARGET_value=
ac_cv_env_AR_set=
ac_cv_env_AR_value=
ac_cv_env_AS_FOR_TARGET_set=
ac_cv_env_AS_FOR_TARGET_value=
ac_cv_env_AS_set=
ac_cv_env_AS_value=
ac_cv_env_CCC_set=
ac_cv_env_CCC_value=
ac_cv_env_CC_FOR_TARGET_set=
ac_cv_env_CC_FOR_TARGET_value=
ac_cv_env_CC_set=
ac_cv_env_CC_value=
ac_cv_env_CFLAGS_set=set
ac_cv_env_CFLAGS_value='-D_LARGEFILE_SOURCE -D_LARGEFILE64_SOURCE -D_FILE_OFFSET_BITS=64 -Os -march=armv7-a -mfpu=neon -mfloat-abi=hard -march=armv7-a -mfpu=neon -mfloat-abi=hard -mthumb -Wa,-mimplicit-it=thumb -mthumb-interwork'
ac_cv_env_CPPFLAGS_set=set
ac_cv_env_CPPFLAGS_value='-D_LARGEFILE_SOURCE -D_LARGEFILE64_SOURCE -D_FILE_OFFSET_BITS=64 -Os -march=armv7-a -mfpu=neon -mfloat-abi=hard -march=armv7-a -mfpu=neon -mfloat-abi=hard -mthumb -Wa,-mimplicit-it=thumb -mthumb-interwork'
ac_cv_env_CXXFLAGS_set=set
ac_cv_env_CXXFLAGS_value='-D_LARGEFILE_SOURCE -D_LARGEFILE64_SOURCE -D_FILE_OFFSET_BITS=64 -Os -march=armv7-a -mfpu=neon -mfloat-abi=hard -march=armv7-a -mfpu=neon -mfloat-abi=hard -mthumb -Wa,-mimplicit-it=thumb -mthumb-interwork'
ac_cv_env_CXX_FOR_TARGET_set=
ac_cv_env_CXX_FOR_TARGET_value=
ac_cv_env_CXX_set=
ac_cv_env_CXX_value=
ac_cv_env_DLLTOOL_FOR_TARGET_set=
ac_cv_env_DLLTOOL_FOR_TARGET_value=
ac_cv_env_DLLTOOL_set=
ac_cv_env_DLLTOOL_value=
ac_cv_env_GCC_FOR_TARGET_set=
ac_cv_env_GCC_FOR_TARGET_value=
ac_cv_env_GFORTRAN_FOR_TARGET_set=
ac_cv_env_GFORTRAN_FOR_TARGET_value=
ac_cv_env_GOC_FOR_TARGET_set=
ac_cv_env_GOC_FOR_TARGET_value=
ac_cv_env_LDFLAGS_set=set
ac_cv_env_LDFLAGS_value='-D_LARGEFILE_SOURCE -D_LARGEFILE64_SOURCE -D_FILE_OFFSET_BITS=64 -Os -march=armv7-a -mfpu=neon -mfloat-abi=hard -march=armv7-a -mfpu=neon -mfloat-abi=hard -mthumb -Wa,-mimplicit-it=thumb -mthumb-interwork'
ac_cv_env_LD_FOR_TARGET_set=
ac_cv_env_LD_FOR_TARGET_value=
ac_cv_env_LD_set=
ac_cv_env_LD_value=
ac_cv_env_LIBS_set=
ac_cv_env_LIBS_value=
ac_cv_env_LIPO_FOR_TARGET_set=
ac_cv_env_LIPO_FOR_TARGET_value=
ac_cv_env_LIPO_set=
ac_cv_env_LIPO_value=
ac_cv_env_NM_FOR_TARGET_set=
ac_cv_env_NM_FOR_TARGET_value=
ac_cv_env_NM_set=
ac_cv_env_NM_value=
ac_cv_env_OBJCOPY_FOR_TARGET_set=
ac_cv_env_OBJCOPY_FOR_TARGET_value=
ac_cv_env_OBJCOPY_set=
ac_cv_env_OBJCOPY_value=
ac_cv_env_OBJDUMP_FOR_TARGET_set=
ac_cv_env_OBJDUMP_FOR_TARGET_value=
ac_cv_env_OBJDUMP_set=
ac_cv_env_OBJDUMP_value=
ac_cv_env_RANLIB_FOR_TARGET_set=
ac_cv_env_RANLIB_FOR_TARGET_value=
ac_cv_env_RANLIB_set=
ac_cv_env_RANLIB_value=
ac_cv_env_READELF_FOR_TARGET_set=
ac_cv_env_READELF_FOR_TARGET_value=
ac_cv_env_READELF_set=
ac_cv_env_READELF_value=
ac_cv_env_STRIP_FOR_TARGET_set=
ac_cv_env_STRIP_FOR_TARGET_value=
ac_cv_env_STRIP_set=
ac_cv_env_STRIP_value=
ac_cv_env_WINDMC_FOR_TARGET_set=
ac_cv_env_WINDMC_FOR_TARGET_value=
ac_cv_env_WINDMC_set=
ac_cv_env_WINDMC_value=
ac_cv_env_WINDRES_FOR_TARGET_set=
ac_cv_env_WINDRES_FOR_TARGET_value=
ac_cv_env_WINDRES_set=
ac_cv_env_WINDRES_value=
ac_cv_env_build_alias_set=
ac_cv_env_build_alias_value=
ac_cv_env_build_configargs_set=
ac_cv_env_build_configargs_value=
ac_cv_env_host_alias_set=set
ac_cv_env_host_alias_value=arm-rockchip830-linux-uclibcgnueabihf
ac_cv_env_host_configargs_set=
ac_cv_env_host_configargs_value=
ac_cv_env_target_alias_set=set
ac_cv_env_target_alias_value=arm-rockchip830-linux-uclibcgnueabihf
ac_cv_env_target_configargs_set=
ac_cv_env_target_configargs_value=
ac_cv_func_calloc_0_nonnull=yes
ac_cv_func_dcgettext=yes
ac_cv_func_malloc_0_nonnull=yes
ac_cv_func_memcmp_working=yes
ac_cv_func_mmap_fixed_mapped=yes
ac_cv_func_realloc_0_nonnull=yes
ac_cv_have_decl_malloc=yes
ac_cv_host=arm-rockchip830-linux-uclibcgnueabihf
ac_cv_lbl_unaligned_fail=yes
ac_cv_objext=o
ac_cv_path_AR_FOR_TARGET=/home/cro/Sdk/luckfox-pico/tools/linux/toolchain/arm-rockchip830-linux-uclibcgnueabihf/bin/../lib/gcc/arm-rockchip830-linux-uclibcgnueabihf/8.3.0/../../../../arm-rockchip830-linux-uclibcgnueabihf/bin/ar
ac_cv_path_AS_FOR_TARGET=/home/cro/Sdk/luckfox-pico/tools/linux/toolchain/arm-rockchip830-linux-uclibcgnueabihf/bin/../lib/gcc/arm-rockchip830-linux-uclibcgnueabihf/8.3.0/../../../../arm-rockchip830-linux-uclibcgnueabihf/bin/as
ac_cv_path_LD_FOR_TARGET=/home/cro/Sdk/luckfox-pico/tools/linux/toolchain/arm-rockchip830-linux-uclibcgnueabihf/bin/../lib/gcc/arm-rockchip830-linux-uclibcgnueabihf/8.3.0/../../../../arm-rockchip830-linux-uclibcgnueabihf/bin/ld
ac_cv_path_NM_FOR_TARGET=/home/cro/Sdk/luckfox-pico/tools/linux/toolchain/arm-rockchip830-linux-uclibcgnueabihf/bin/../lib/gcc/arm-rockchip830-linux-uclibcgnueabihf/8.3.0/../../../../arm-rockchip830-linux-uclibcgnueabihf/bin/nm
ac_cv_path_OBJCOPY_FOR_TARGET=/home/cro/Sdk/luckfox-pico/tools/linux/toolchain/arm-rockchip830-linux-uclibcgnueabihf/bin/../lib/gcc/arm-rockchip830-linux-uclibcgnueabihf/8.3.0/../../../../arm-rockchip830-linux-uclibcgnueabihf/bin/objcopy
ac_cv_path_OBJDUMP_FOR_TARGET=/home/cro/Sdk/luckfox-pico/tools/linux/toolchain/arm-rockchip830-linux-uclibcgnueabihf/bin/../lib/gcc/arm-rockchip830-linux-uclibcgnueabihf/8.3.0/../../../../arm-rockchip830-linux-uclibcgnueabihf/bin/objdump
ac_cv_path_RANLIB_FOR_TARGET=/home/cro/Sdk/luckfox-pico/tools/linux/toolchain/arm-rockchip830-linux-uclibcgnueabihf/bin/../lib/gcc/arm-rockchip830-linux-uclibcgnueabihf/8.3.0/../../../../arm-rockchip830-linux-uclibcgnueabihf/bin/ranlib
ac_cv_path_READELF_FOR_TARGET=/home/cro/Sdk/luckfox-pico/tools/linux/toolchain/arm-rockchip830-linux-uclibcgnueabihf/bin/../lib/gcc/arm-rockchip830-linux-uclibcgnueabihf/8.3.0/../../../../arm-rockchip830-linux-uclibcgnueabihf/bin/readelf
ac_cv_path_SED=/usr/bin/sed
ac_cv_path_STRIP_FOR_TARGET=/home/cro/Sdk/luckfox-pico/tools/linux/toolchain/arm-rockchip830-linux-uclibcgnueabihf/bin/../lib/gcc/arm-rockchip830-linux-uclibcgnueabihf/8.3.0/../../../../arm-rockchip830-linux-uclibcgnueabihf/bin/strip
ac_cv_path_install='/usr/bin/install -c'
ac_cv_prog_AR=arm-rockchip830-linux-uclibcgnueabihf-ar
ac_cv_prog_AS=arm-rockchip830-linux-uclibcgnueabihf-as
ac_cv_prog_AWK=gawk
ac_cv_prog_BISON=bison
ac_cv_prog_CC=arm-rockchip830-linux-uclibcgnueabihf-gcc
ac_cv_prog_CC_FOR_TARGET=arm-rockchip830-linux-uclibcgnueabihf-cc
ac_cv_prog_CXX=arm-rockchip830-linux-uclibcgnueabihf-g++
ac_cv_prog_CXX_FOR_TARGET=arm-rockchip830-linux-uclibcgnueabihf-c++
ac_cv_prog_EXPECT=expect
ac_cv_prog_FLEX=flex
ac_cv_prog_GCC_FOR_TARGET=arm-rockchip830-linux-uclibcgnueabihf-gcc
ac_cv_prog_LD=/home/cro/Sdk/luckfox-pico/tools/linux/toolchain/arm-rockchip830-linux-uclibcgnueabihf/bin/../lib/gcc/arm-rockchip830-linux-uclibcgnueabihf/8.3.0/../../../../arm-rockchip830-linux-uclibcgnueabihf/bin/ld
ac_cv_prog_LEX=flex
ac_cv_prog_M4=m4
ac_cv_prog_MAKEINFO=makeinfo
ac_cv_prog_NM=arm-rockchip830-linux-uclibcgnueabihf-nm
ac_cv_prog_OBJCOPY=arm-rockchip830-linux-uclibcgnueabihf-objcopy
ac_cv_prog_OBJDUMP=arm-rockchip830-linux-uclibcgnueabihf-objdump
ac_cv_prog_RANLIB=arm-rockchip830-linux-uclibcgnueabihf-ranlib
ac_cv_prog_READELF=arm-rockchip830-linux-uclibcgnueabihf-readelf
ac_cv_prog_STRIP=arm-rockchip830-linux-uclibcgnueabihf-strip
ac_cv_prog_YACC='bison -y'
ac_cv_prog_cc_c89=
ac_cv_prog_cc_g=yes
ac_cv_prog_cxx_g=yes
ac_cv_target=arm-rockchip830-linux-uclibcgnueabihf
ac_cv_type_uintptr_t=yes
acx_cv_cc_gcc_supports_ada=no
acx_cv_prog_LN=ln
bash_cv_func_sigsetjmp=present
bash_cv_func_strcoll_broken=no
bash_cv_have_mbstate_t=yes
bash_cv_must_reinstall_sighandlers=no
gcc_cv_isl=no
gcc_cv_prog_cmp_skip='cmp --ignore-initial=16 $$f1 $$f2'
gcc_cv_tool_dirs=
gcc_cv_tool_prefix=/home/cro/Sdk/luckfox-pico/sysdrv/tools/board/gdb/gdb-10.2/out
gdb_cv_func_sigsetjmp=yes
gdb_cv_prfpregset_t_broken=no
gl_cv_func_gettimeofday_clobber=no
gl_cv_func_malloc_0_nonnull=yes
gl_cv_func_strerror_0_works=yes
gl_cv_func_working_strerror=yes
gt_cv_func_gettext_libintl=yes
lt_cv_objdir=.libs
lt_cv_sys_lib_search_path_spec=

## ----------------- ##
## Output variables. ##
## ----------------- ##

AR='arm-rockchip830-linux-uclibcgnueabihf-ar'
AR_FOR_BUILD='ar'
AR_FOR_TARGET='/home/cro/Sdk/luckfox-pico/tools/linux/toolchain/arm-rockchip830-linux-uclibcgnueabihf/bin/../lib/gcc/arm-rockchip830-linux-uclibcgnueabihf/8.3.0/../../../../arm-rockchip830-linux-uclibcgnueabihf/bin/ar'
AS='arm-rockchip830-linux-uclibcgnueabihf-as'
AS_FOR_BUILD='as'
AS_FOR_TARGET='/home/cro/Sdk/luckfox-pico/tools/linux/toolchain/arm-rockchip830-linux-uclibcgnueabihf/bin/../lib/gcc/arm-rockchip830-linux-uclibcgnueabihf/8.3.0/../../../../arm-rockchip830-linux-uclibcgnueabihf/bin/as'
AWK='gawk'
BISON='bison'
BUILD_CONFIG=''
CC='arm-rockchip830-linux-uclibcgnueabihf-gcc'
CC_FOR_BUILD='gcc'
CC_FOR_TARGET='arm-rockchip830-linux-uclibcgnueabihf-cc'
CFLAGS='-D_LARGEFILE_SOURCE -D_LARGEFILE64_SOURCE -D_FILE_OFFSET_BITS=64 -Os -march=armv7-a -mfpu=neon -mfloat-abi=hard -march=armv7-a -mfpu=neon -mfloat-abi=hard -mthumb -Wa,-mimplicit-it=thumb -mthumb-interwork'
CFLAGS_FOR_BUILD=''
CFLAGS_FOR_TARGET='-g -O2 -D_LARGEFILE_SOURCE -D_LARGEFILE64_SOURCE -D_FILE_OFFSET_BITS=64 -Os -march=armv7-a -mfpu=neon -mfloat-abi=hard -march=armv7-a -mfpu=neon -mfloat-abi=hard -mthumb -Wa,-mimplicit-it=thumb -mthumb-interwork'
COMPILER_AS_FOR_TARGET='$(AS_FOR_TARGET)'
COMPILER_LD_FOR_TARGET='$(LD_FOR_TARGET)'
COMPILER_NM_FOR_TARGET='$(NM_FOR_TARGET)'
CONFIGURE_GDB_TK=''
CPPFLAGS='-D_LARGEFILE_SOURCE -D_LARGEFILE64_SOURCE -D_FILE_OFFSET_BITS=64 -Os -march=armv7-a -mfpu=neon -mfloat-abi=hard -march=armv7-a -mfpu=neon -mfloat-abi=hard -mthumb -Wa,-mimplicit-it=thumb -mthumb-interwork'
CXX='arm-rockchip830-linux-uclibcgnueabihf-g++'
CXXFLAGS='-D_LARGEFILE_SOURCE -D_LARGEFILE64_SOURCE -D_FILE_OFFSET_BITS=64 -Os -march=armv7-a -mfpu=neon -mfloat-abi=hard -march=armv7-a -mfpu=neon -mfloat-abi=hard -mthumb -Wa,-mimplicit-it=thumb -mthumb-interwork'
CXXFLAGS_FOR_BUILD=''
CXXFLAGS_FOR_TARGET='-g -O2 -D_LARGEFILE_SOURCE -D_LARGEFILE64_SOURCE -D_FILE_OFFSET_BITS=64 -Os -march=armv7-a -mfpu=neon -mfloat-abi=hard -march=armv7-a -mfpu=neon -mfloat-abi=hard -mthumb -Wa,-mimplicit-it=thumb -mthumb-interwork'
CXX_FOR_BUILD='g++'
CXX_FOR_TARGET='arm-rockchip830-linux-uclibcgnueabihf-c++'
DEBUG_PREFIX_CFLAGS_FOR_TARGET=''
DEFS='-DPACKAGE_NAME=\"\" -DPACKAGE_TARNAME=\"\" -DPACKAGE_VERSION=\"\" -DPACKAGE_STRING=\"\" -DPACKAGE_BUGREPORT=\"\" -DPACKAGE_URL=\"\" -DLT_OBJDIR=\".libs/\"'
DLLTOOL='arm-rockchip830-linux-uclibcgnueabihf-dlltool'
DLLTOOL_FOR_BUILD='dlltool'
DLLTOOL_FOR_TARGET='arm-rockchip830-linux-uclibcgnueabihf-dlltool'
ECHO_C=''
ECHO_N='-n'
ECHO_T=''
EXEEXT=''
EXPECT='expect'
FLAGS_FOR_TARGET=''
FLEX='flex'
GCC_FOR_TARGET='arm-rockchip830-linux-uclibcgnueabihf-gcc'
GCC_SHLIB_SUBDIR=''
GDB_TK=''
GFORTRAN_FOR_BUILD='gfortran'
GFORTRAN_FOR_TARGET='arm-rockchip830-linux-uclibcgnueabihf-gfortran'
GNATBIND='no'
GNATMAKE='no'
GOC_FOR_BUILD='gccgo'
GOC_FOR_TARGET='arm-rockchip830-linux-uclibcgnueabihf-gccgo'
INSTALL_DATA='${INSTALL} -m 644'
INSTALL_GDB_TK=''
INSTALL_PROGRAM='${INSTALL}'
INSTALL_SCRIPT='${INSTALL}'
LD='/home/cro/Sdk/luckfox-pico/tools/linux/toolchain/arm-rockchip830-linux-uclibcgnueabihf/bin/../lib/gcc/arm-rockchip830-linux-uclibcgnueabihf/8.3.0/../../../../arm-rockchip830-linux-uclibcgnueabihf/bin/ld'
LDFLAGS='-D_LARGEFILE_SOURCE -D_LARGEFILE64_SOURCE -D_FILE_OFFSET_BITS=64 -Os -march=armv7-a -mfpu=neon -mfloat-abi=hard -march=armv7-a -mfpu=neon -mfloat-abi=hard -mthumb -Wa,-mimplicit-it=thumb -mthumb-interwork'
LDFLAGS_FOR_BUILD=''
LDFLAGS_FOR_TARGET=''
LD_FOR_BUILD='ld'
LD_FOR_TARGET='/home/cro/Sdk/luckfox-pico/tools/linux/toolchain/arm-rockchip830-linux-uclibcgnueabihf/bin/../lib/gcc/arm-rockchip830-linux-uclibcgnueabihf/8.3.0/../../../../arm-rockchip830-linux-uclibcgnueabihf/bin/ld'
LEX='flex'
LIBOBJS=''
LIBS=''
LIPO='arm-rockchip830-linux-uclibcgnueabihf-lipo'
LIPO_FOR_TARGET='arm-rockchip830-linux-uclibcgnueabihf-lipo'
LN='ln'
LN_S='ln -s'
LTLIBOBJS=''
M4='m4'
MAINT='#'
MAINTAINER_MODE_FALSE=''
MAINTAINER_MODE_TRUE='#'
MAKEINFO='makeinfo'
NM='arm-rockchip830-linux-uclibcgnueabihf-nm'
NM_FOR_BUILD='nm'
NM_FOR_TARGET='/home/cro/Sdk/luckfox-pico/tools/linux/toolchain/arm-rockchip830-linux-uclibcgnueabihf/bin/../lib/gcc/arm-rockchip830-linux-uclibcgnueabihf/8.3.0/../../../../arm-rockchip830-linux-uclibcgnueabihf/bin/nm'
OBJCOPY='arm-rockchip830-linux-uclibcgnueabihf-objcopy'
OBJCOPY_FOR_TARGET='/home/cro/Sdk/luckfox-pico/tools/linux/toolchain/arm-rockchip830-linux-uclibcgnueabihf/bin/../lib/gcc/arm-rockchip830-linux-uclibcgnueabihf/8.3.0/../../../../arm-rockchip830-linux-uclibcgnueabihf/bin/objcopy'
OBJDUMP='arm-rockchip830-linux-uclibcgnueabihf-objdump'
OBJDUMP_FOR_TARGET='/home/cro/Sdk/luckfox-pico/tools/linux/toolchain/arm-rockchip830-linux-uclibcgnueabihf/bin/../lib/gcc/arm-rockchip830-linux-uclibcgnueabihf/8.3.0/../../../../arm-rockchip830-linux-uclibcgnueabihf/bin/objdump'
OBJEXT='o'
PACKAGE_BUGREPORT=''
PACKAGE_NAME=''
PACKAGE_STRING=''
PACKAGE_TARNAME=''
PACKAGE_URL=''
PACKAGE_VERSION=''
PATH_SEPARATOR=':'
RANLIB='arm-rockchip830-linux-uclibcgnueabihf-ranlib'
RANLIB_FOR_BUILD='ranlib'
RANLIB_FOR_TARGET='/home/cro/Sdk/luckfox-pico/tools/linux/toolchain/arm-rockchip830-linux-uclibcgnueabihf/bin/../lib/gcc/arm-rockchip830-linux-uclibcgnueabihf/8.3.0/../../../../arm-rockchip830-linux-uclibcgnueabihf/bin/ranlib'
RAW_CXX_FOR_TARGET='arm-rockchip830-linux-uclibcgnueabihf-c++'
READELF='arm-rockchip830-linux-uclibcgnueabihf-readelf'
READELF_FOR_TARGET='/home/cro/Sdk/luckfox-pico/tools/linux/toolchain/arm-rockchip830-linux-uclibcgnueabihf/bin/../lib/gcc/arm-rockchip830-linux-uclibcgnueabihf/8.3.0/../../../../arm-rockchip830-linux-uclibcgnueabihf/bin/readelf'
RPATH_ENVVAR='LD_LIBRARY_PATH'
RUNTEST='runtest'
SED='/usr/bin/sed'
SHELL='/bin/bash'
STRIP='arm-rockchip830-linux-uclibcgnueabihf-strip'
STRIP_FOR_TARGET='/home/cro/Sdk/luckfox-pico/tools/linux/toolchain/arm-rockchip830-linux-uclibcgnueabihf/bin/../lib/gcc/arm-rockchip830-linux-uclibcgnueabihf/8.3.0/../../../../arm-rockchip830-linux-uclibcgnueabihf/bin/strip'
SYSROOT_CFLAGS_FOR_TARGET=''
TOPLEVEL_CONFIGURE_ARGUMENTS='./configure --host=arm-rockchip830-linux-uclibcgnueabihf --target=arm-rockchip830-linux-uclibcgnueabihf --prefix=/home/cro/Sdk/luckfox-pico/sysdrv/tools/board/gdb/gdb-10.2/out --disable-gtk-doc --disable-gtk-doc-html --disable-doc --disable-docs --disable-documentation --with-xmlto=no --with-fop=no --disable-dependency-tracking --enable-ipv6 --disable-nls --disable-static --enable-shared --without-uiout --disable-gdbtk --without-x --disable-sim --disable-binutils --disable-install-libbfd --disable-ld --disable-gas --enable-gdbserver --with-curses --without-included-gettext --disable-werror --enable-static --without-mpfr --disable-tui --without-python --without-lzma --with-expat --with-libexpat-prefix=/home/cro/Sdk/luckfox-pico/sysdrv/tools/board/gdb/expat-2.4.1/out --with-zlib'
WINDMC='arm-rockchip830-linux-uclibcgnueabihf-windmc'
WINDMC_FOR_BUILD='windmc'
WINDMC_FOR_TARGET='arm-rockchip830-linux-uclibcgnueabihf-windmc'
WINDRES='arm-rockchip830-linux-uclibcgnueabihf-windres'
WINDRES_FOR_BUILD='windres'
WINDRES_FOR_TARGET='arm-rockchip830-linux-uclibcgnueabihf-windres'
YACC='bison -y'
ac_ct_CC=''
ac_ct_CXX=''
bindir='${exec_prefix}/bin'
build='x86_64-pc-linux-gnu'
build_alias=''
build_configargs=' --cache-file=./config.cache '\''--prefix=/home/cro/Sdk/luckfox-pico/sysdrv/tools/board/gdb/gdb-10.2/out'\'' '\''--disable-gtk-doc'\'' '\''--disable-gtk-doc-html'\'' '\''--disable-doc'\'' '\''--disable-docs'\'' '\''--disable-documentation'\'' '\''--with-xmlto=no'\'' '\''--with-fop=no'\'' '\''--disable-dependency-tracking'\'' '\''--enable-ipv6'\'' '\''--disable-nls'\'' '\''--disable-static'\'' '\''--enable-shared'\'' '\''--without-uiout'\'' '\''--disable-gdbtk'\'' '\''--without-x'\'' '\''--disable-sim'\'' '\''--disable-binutils'\'' '\''--disable-install-libbfd'\'' '\''--disable-ld'\'' '\''--disable-gas'\'' '\''--enable-gdbserver'\'' '\''--with-curses'\'' '\''--without-included-gettext'\'' '\''--disable-werror'\'' '\''--enable-static'\'' '\''--without-mpfr'\'' '\''--disable-tui'\'' '\''--without-python'\'' '\''--without-lzma'\'' '\''--with-expat'\'' '\''--with-libexpat-prefix=/home/cro/Sdk/luckfox-pico/sysdrv/tools/board/gdb/expat-2.4.1/out'\'' '\''--with-zlib'\'' --program-transform-name='\''s,y,y,'\'' --disable-option-checking'
build_configdirs=' libiberty'
build_cpu='x86_64'
build_libsubdir='build-x86_64-pc-linux-gnu'
build_noncanonical='x86_64-pc-linux-gnu'
build_os='linux-gnu'
build_subdir='build-x86_64-pc-linux-gnu'
build_tooldir='${exec_prefix}/arm-rockchip830-linux-uclibcgnueabihf'
build_vendor='pc'
compare_exclusions='gcc/cc*-checksum$(objext) | gcc/ada/*tools/*'
configdirs=' intl libiberty opcodes bfd readline zlib libdecnumber libctf gdb gdbserver etc gnulib gdbsupport'
datadir='${datarootdir}'
datarootdir='${prefix}/share'
do_compare='cmp --ignore-initial=16 $$f1 $$f2'
docdir='${datarootdir}/doc/${PACKAGE}'
dvidir='${docdir}'
exec_prefix='${prefix}'
extra_host_libiberty_configure_flags=''
extra_host_zlib_configure_flags='--enable-host-shared'
extra_isl_gmp_configure_flags=''
extra_liboffloadmic_configure_flags=''
extra_linker_plugin_configure_flags=''
extra_linker_plugin_flags=''
extra_mpc_gmp_configure_flags=''
extra_mpc_mpfr_configure_flags=''
extra_mpfr_configure_flags=''
get_gcc_base_ver='cat'
gmpinc='-Ino/include '
gmplibs='-Lno/lib -lmpc -lmpfr -lgmp'
host='arm-rockchip830-linux-uclibcgnueabihf'
host_alias='arm-rockchip830-linux-uclibcgnueabihf'
host_configargs=' --cache-file=./config.cache  '\''--prefix=/home/cro/Sdk/luckfox-pico/sysdrv/tools/board/gdb/gdb-10.2/out'\'' '\''--disable-gtk-doc'\'' '\''--disable-gtk-doc-html'\'' '\''--disable-doc'\'' '\''--disable-docs'\'' '\''--disable-documentation'\'' '\''--with-xmlto=no'\'' '\''--with-fop=no'\'' '\''--disable-dependency-tracking'\'' '\''--enable-ipv6'\'' '\''--disable-nls'\'' '\''--disable-static'\'' '\''--enable-shared'\'' '\''--without-uiout'\'' '\''--disable-gdbtk'\'' '\''--without-x'\'' '\''--disable-sim'\'' '\''--disable-binutils'\'' '\''--disable-install-libbfd'\'' '\''--disable-ld'\'' '\''--disable-gas'\'' '\''--enable-gdbserver'\'' '\''--with-curses'\'' '\''--without-included-gettext'\'' '\''--disable-werror'\'' '\''--enable-static'\'' '\''--without-mpfr'\'' '\''--disable-tui'\'' '\''--without-python'\'' '\''--without-lzma'\'' '\''--with-expat'\'' '\''--with-libexpat-prefix=/home/cro/Sdk/luckfox-pico/sysdrv/tools/board/gdb/expat-2.4.1/out'\'' '\''--with-zlib'\'' --program-transform-name='\''s,y,y,'\'' --disable-option-checking'
host_cpu='arm'
host_noncanonical='arm-rockchip830-linux-uclibcgnueabihf'
host_os='linux-uclibcgnueabihf'
host_shared='no'
host_subdir='.'
host_vendor='rockchip830'
htmldir='${docdir}'
includedir='${prefix}/include'
infodir='${datarootdir}/info'
islinc=''
isllibs=''
libdir='${exec_prefix}/lib'
libexecdir='${exec_prefix}/libexec'
localedir='${datarootdir}/locale'
localstatedir='${prefix}/var'
mandir='${datarootdir}/man'
oldincludedir='/usr/include'
pdfdir='${docdir}'
poststage1_ldflags='-static-libstdc++ -static-libgcc'
poststage1_libs=''
prefix='/home/cro/Sdk/luckfox-pico/sysdrv/tools/board/gdb/gdb-10.2/out'
program_transform_name='s,y,y,'
psdir='${docdir}'
sbindir='${exec_prefix}/sbin'
sharedstatedir='${prefix}/com'
stage1_cflags='-g'
stage1_checking='--enable-checking=yes,types'
stage1_languages=',c,'
stage1_ldflags=''
stage1_libs=''
stage2_werror_flag=''
sysconfdir='${prefix}/etc'
target='arm-rockchip830-linux-uclibcgnueabihf'
target_alias='arm-rockchip830-linux-uclibcgnueabihf'
target_configargs='--cache-file=./config.cache --enable-multilib   '\''--prefix=/home/cro/Sdk/luckfox-pico/sysdrv/tools/board/gdb/gdb-10.2/out'\'' '\''--disable-gtk-doc'\'' '\''--disable-gtk-doc-html'\'' '\''--disable-doc'\'' '\''--disable-docs'\'' '\''--disable-documentation'\'' '\''--with-xmlto=no'\'' '\''--with-fop=no'\'' '\''--disable-dependency-tracking'\'' '\''--enable-ipv6'\'' '\''--disable-nls'\'' '\''--disable-static'\'' '\''--enable-shared'\'' '\''--without-uiout'\'' '\''--disable-gdbtk'\'' '\''--without-x'\'' '\''--disable-sim'\'' '\''--disable-binutils'\'' '\''--disable-install-libbfd'\'' '\''--disable-ld'\'' '\''--disable-gas'\'' '\''--enable-gdbserver'\'' '\''--with-curses'\'' '\''--without-included-gettext'\'' '\''--disable-werror'\'' '\''--enable-static'\'' '\''--without-mpfr'\'' '\''--disable-tui'\'' '\''--without-python'\'' '\''--without-lzma'\'' '\''--with-expat'\'' '\''--with-libexpat-prefix=/home/cro/Sdk/luckfox-pico/sysdrv/tools/board/gdb/expat-2.4.1/out'\'' '\''--with-zlib'\'' --program-transform-name='\''s,y,y,'\'' --disable-option-checking'
target_configdirs=''
target_cpu='arm'
target_noncanonical='arm-rockchip830-linux-uclibcgnueabihf'
target_os='linux-uclibcgnueabihf'
target_subdir='arm-rockchip830-linux-uclibcgnueabihf'
target_vendor='rockchip830'
tooldir='${exec_prefix}/arm-rockchip830-linux-uclibcgnueabihf'

## ------------------- ##
## File substitutions. ##
## ------------------- ##

alphaieee_frag='/dev/null'
host_makefile_frag='/dev/null'
ospace_frag='/dev/null'
serialization_dependencies='serdep.tmp'
target_makefile_frag='./config/mt-gnu'

## ----------- ##
## confdefs.h. ##
## ----------- ##

/* confdefs.h */
#define PACKAGE_NAME ""
#define PACKAGE_TARNAME ""
#define PACKAGE_VERSION ""
#define PACKAGE_STRING ""
#define PACKAGE_BUGREPORT ""
#define PACKAGE_URL ""
#define LT_OBJDIR ".libs/"

configure: exit 0
