This file contains any messages produced by compilers while
running configure, to aid debugging if configure makes a mistake.

It was created by dosfstools configure 4.2, which was
generated by GNU Autoconf 2.69.  Invocation command line was

  $ ./configure --host=arm-rockchip830-linux-uclibcgnueabihf --target=arm-rockchip830-linux-uclibcgnueabihf CFLAGS=-march=armv7-a -mfpu=neon -mfloat-abi=hard -march=armv7-a -mfpu=neon -mfloat-abi=hard LDFLAGS=-march=armv7-a -mfpu=neon -mfloat-abi=hard -march=armv7-a -mfpu=neon -mfloat-abi=hard --prefix=/home/cro/Sdk/luckfox-pico/sysdrv/tools/board/dosfstools/out --disable-gtk-doc --disable-gtk-doc-html --disable-doc --disable-docs --disable-documentation --with-xmlto=no --with-fop=no --disable-dependency-tracking --enable-ipv6 --disable-nls --disable-static --enable-shared --enable-compat-symlinks --with-udev

## --------- ##
## Platform. ##
## --------- ##

hostname = DESKTOP-RUMO6US
uname -m = x86_64
uname -r = 5.15.153.1-microsoft-standard-WSL2
uname -s = Linux
uname -v = #1 SMP Fri Mar 29 23:14:13 UTC 2024

/usr/bin/uname -p = x86_64
/bin/uname -X     = unknown

/bin/arch              = x86_64
/usr/bin/arch -k       = unknown
/usr/convex/getsysinfo = unknown
/usr/bin/hostinfo      = unknown
/bin/machine           = unknown
/usr/bin/oslevel       = unknown
/bin/universe          = unknown

PATH: /home/cro/Sdk/luckfox-pico/sysdrv/tools/pc/toolkits
PATH: /home/cro/Sdk/luckfox-pico/sysdrv/tools/pc/uboot_tools
PATH: /home/cro/Sdk/luckfox-pico/sysdrv/out/bin/pc
PATH: /home/cro/Sdk/luckfox-pico/sysdrv/tools/pc/toolkits
PATH: /home/cro/Sdk/luckfox-pico/sysdrv/tools/pc/uboot_tools
PATH: /home/cro/Sdk/luckfox-pico/sysdrv/out/bin/pc
PATH: /home/cro/Sdk/luckfox-pico/tools/linux/toolchain/arm-rockchip830-linux-uclibcgnueabihf/bin
PATH: /home/cro/Sdk/luckfox-pico/output/out/sysdrv_out/pc
PATH: /home/cro/miniconda3/bin
PATH: /home/cro/miniconda3/condabin
PATH: /usr/local/sbin
PATH: /usr/local/bin
PATH: /usr/sbin
PATH: /usr/bin
PATH: /sbin
PATH: /bin
PATH: /usr/games
PATH: /usr/local/games
PATH: /usr/lib/wsl/lib
PATH: /home/cro/Sdk/luckfox-pico/tools/linux/toolchain/arm-rockchip830-linux-uclibcgnueabihf/bin
PATH: /opt/gcc-linaro-11.3.1-2022.06-x86_64_arm-linux-gnueabihf/bin
PATH: /home/cro/doc/clipboard-provider
PATH: /home/cro/Sdk/luckfox-pico/sysdrv/source/kernel/scripts/dtc


## ----------- ##
## Core tests. ##
## ----------- ##

configure:2284: checking for a BSD-compatible install
configure:2352: result: /usr/bin/install -c
configure:2363: checking whether build environment is sane
configure:2418: result: yes
configure:2477: checking for arm-rockchip830-linux-uclibcgnueabihf-strip
configure:2493: found /home/cro/Sdk/luckfox-pico/tools/linux/toolchain/arm-rockchip830-linux-uclibcgnueabihf/bin/arm-rockchip830-linux-uclibcgnueabihf-strip
configure:2504: result: arm-rockchip830-linux-uclibcgnueabihf-strip
configure:2569: checking for a thread-safe mkdir -p
configure:2608: result: /usr/bin/mkdir -p
configure:2615: checking for gawk
configure:2631: found /usr/bin/gawk
configure:2642: result: gawk
configure:2653: checking whether make sets $(MAKE)
configure:2675: result: yes
configure:2704: checking whether make supports nested variables
configure:2721: result: yes
configure:2889: checking whether make supports the include directive
configure:2904: make -f confmf.GNU && cat confinc.out
make[2]: Entering directory '/home/cro/Sdk/luckfox-pico/sysdrv/tools/board/dosfstools/dosfstools-4.2'
make[2]: Leaving directory '/home/cro/Sdk/luckfox-pico/sysdrv/tools/board/dosfstools/dosfstools-4.2'
this is the am__doit target
configure:2907: $? = 0
configure:2926: result: yes (GNU style)
configure:2956: checking for arm-rockchip830-linux-uclibcgnueabihf-gcc
configure:2972: found /home/cro/Sdk/luckfox-pico/tools/linux/toolchain/arm-rockchip830-linux-uclibcgnueabihf/bin/arm-rockchip830-linux-uclibcgnueabihf-gcc
configure:2983: result: arm-rockchip830-linux-uclibcgnueabihf-gcc
configure:3252: checking for C compiler version
configure:3261: arm-rockchip830-linux-uclibcgnueabihf-gcc --version >&5
arm-rockchip830-linux-uclibcgnueabihf-gcc (crosstool-NG 1.24.0) 8.3.0
Copyright (C) 2018 Free Software Foundation, Inc.
This is free software; see the source for copying conditions.  There is NO
warranty; not even for MERCHANTABILITY or FITNESS FOR A PARTICULAR PURPOSE.

configure:3272: $? = 0
configure:3261: arm-rockchip830-linux-uclibcgnueabihf-gcc -v >&5
Using built-in specs.
COLLECT_GCC=arm-rockchip830-linux-uclibcgnueabihf-gcc
COLLECT_LTO_WRAPPER=/home/cro/Sdk/luckfox-pico/tools/linux/toolchain/arm-rockchip830-linux-uclibcgnueabihf/bin/../libexec/gcc/arm-rockchip830-linux-uclibcgnueabihf/8.3.0/lto-wrapper
Target: arm-rockchip830-linux-uclibcgnueabihf
Configured with: /opt/.build/arm-rockchip830-linux-uclibcgnueabihf/src/gcc/configure --build=x86_64-build_pc-linux-gnu --host=x86_64-build_pc-linux-gnu --target=arm-rockchip830-linux-uclibcgnueabihf --prefix=/opt/x-tool/arm-rockchip830-linux-uclibcgnueabihf --with-sysroot=/opt/x-tool/arm-rockchip830-linux-uclibcgnueabihf/arm-rockchip830-linux-uclibcgnueabihf/sysroot --enable-languages=c,c++ --with-arch=armv7-a --with-fpu=neon-vfpv4 --with-float=hard --with-pkgversion='crosstool-NG 1.24.0' --enable-__cxa_atexit --disable-libmudflap --disable-libgomp --disable-libssp --disable-libquadmath --disable-libquadmath-support --disable-libsanitizer --disable-libmpx --with-gmp=/opt/.build/arm-rockchip830-linux-uclibcgnueabihf/buildtools --with-mpfr=/opt/.build/arm-rockchip830-linux-uclibcgnueabihf/buildtools --with-mpc=/opt/.build/arm-rockchip830-linux-uclibcgnueabihf/buildtools --with-isl=/opt/.build/arm-rockchip830-linux-uclibcgnueabihf/buildtools --enable-lto --with-host-libstdcxx='-static-libgcc -Wl,-Bstatic,-lstdc++,-Bdynamic -lm' --enable-threads=posix --enable-target-optspace --enable-plugin --enable-gold --disable-nls --disable-multilib --with-local-prefix=/opt/x-tool/arm-rockchip830-linux-uclibcgnueabihf/arm-rockchip830-linux-uclibcgnueabihf/sysroot --enable-long-long
Thread model: posix
gcc version 8.3.0 (crosstool-NG 1.24.0) 
configure:3272: $? = 0
configure:3261: arm-rockchip830-linux-uclibcgnueabihf-gcc -V >&5
arm-rockchip830-linux-uclibcgnueabihf-gcc: error: unrecognized command line option '-V'
arm-rockchip830-linux-uclibcgnueabihf-gcc: fatal error: no input files
compilation terminated.
configure:3272: $? = 1
configure:3261: arm-rockchip830-linux-uclibcgnueabihf-gcc -qversion >&5
arm-rockchip830-linux-uclibcgnueabihf-gcc: error: unrecognized command line option '-qversion'; did you mean '--version'?
arm-rockchip830-linux-uclibcgnueabihf-gcc: fatal error: no input files
compilation terminated.
configure:3272: $? = 1
configure:3292: checking whether the C compiler works
configure:3314: arm-rockchip830-linux-uclibcgnueabihf-gcc -march=armv7-a -mfpu=neon -mfloat-abi=hard -march=armv7-a -mfpu=neon -mfloat-abi=hard  -march=armv7-a -mfpu=neon -mfloat-abi=hard -march=armv7-a -mfpu=neon -mfloat-abi=hard conftest.c  >&5
configure:3318: $? = 0
configure:3366: result: yes
configure:3369: checking for C compiler default output file name
configure:3371: result: a.out
configure:3377: checking for suffix of executables
configure:3384: arm-rockchip830-linux-uclibcgnueabihf-gcc -o conftest -march=armv7-a -mfpu=neon -mfloat-abi=hard -march=armv7-a -mfpu=neon -mfloat-abi=hard  -march=armv7-a -mfpu=neon -mfloat-abi=hard -march=armv7-a -mfpu=neon -mfloat-abi=hard conftest.c  >&5
configure:3388: $? = 0
configure:3410: result: 
configure:3432: checking whether we are cross compiling
configure:3440: arm-rockchip830-linux-uclibcgnueabihf-gcc -o conftest -march=armv7-a -mfpu=neon -mfloat-abi=hard -march=armv7-a -mfpu=neon -mfloat-abi=hard  -march=armv7-a -mfpu=neon -mfloat-abi=hard -march=armv7-a -mfpu=neon -mfloat-abi=hard conftest.c  >&5
configure:3444: $? = 0
configure:3451: ./conftest
./configure: line 3453: ./conftest: cannot execute binary file: Exec format error
configure:3455: $? = 126
configure:3470: result: yes
configure:3475: checking for suffix of object files
configure:3497: arm-rockchip830-linux-uclibcgnueabihf-gcc -c -march=armv7-a -mfpu=neon -mfloat-abi=hard -march=armv7-a -mfpu=neon -mfloat-abi=hard  conftest.c >&5
configure:3501: $? = 0
configure:3522: result: o
configure:3526: checking whether we are using the GNU C compiler
configure:3545: arm-rockchip830-linux-uclibcgnueabihf-gcc -c -march=armv7-a -mfpu=neon -mfloat-abi=hard -march=armv7-a -mfpu=neon -mfloat-abi=hard  conftest.c >&5
configure:3545: $? = 0
configure:3554: result: yes
configure:3563: checking whether arm-rockchip830-linux-uclibcgnueabihf-gcc accepts -g
configure:3583: arm-rockchip830-linux-uclibcgnueabihf-gcc -c -g  conftest.c >&5
configure:3583: $? = 0
configure:3624: result: yes
configure:3641: checking for arm-rockchip830-linux-uclibcgnueabihf-gcc option to accept ISO C89
configure:3704: arm-rockchip830-linux-uclibcgnueabihf-gcc  -c -march=armv7-a -mfpu=neon -mfloat-abi=hard -march=armv7-a -mfpu=neon -mfloat-abi=hard  conftest.c >&5
configure:3704: $? = 0
configure:3717: result: none needed
configure:3742: checking whether arm-rockchip830-linux-uclibcgnueabihf-gcc understands -c and -o together
configure:3764: arm-rockchip830-linux-uclibcgnueabihf-gcc -c conftest.c -o conftest2.o
configure:3767: $? = 0
configure:3764: arm-rockchip830-linux-uclibcgnueabihf-gcc -c conftest.c -o conftest2.o
configure:3767: $? = 0
configure:3779: result: yes
configure:3798: checking dependency style of arm-rockchip830-linux-uclibcgnueabihf-gcc
configure:3909: result: none
configure:3930: checking how to run the C preprocessor
configure:3961: arm-rockchip830-linux-uclibcgnueabihf-gcc -E  conftest.c
configure:3961: $? = 0
configure:3975: arm-rockchip830-linux-uclibcgnueabihf-gcc -E  conftest.c
conftest.c:11:10: fatal error: ac_nonexistent.h: No such file or directory
 #include <ac_nonexistent.h>
          ^~~~~~~~~~~~~~~~~~
compilation terminated.
configure:3975: $? = 1
configure: failed program was:
| /* confdefs.h */
| #define PACKAGE_NAME "dosfstools"
| #define PACKAGE_TARNAME "dosfstools"
| #define PACKAGE_VERSION "4.2"
| #define PACKAGE_STRING "dosfstools 4.2"
| #define PACKAGE_BUGREPORT ""
| #define PACKAGE_URL ""
| #define PACKAGE "dosfstools"
| #define VERSION "4.2"
| /* end confdefs.h.  */
| #include <ac_nonexistent.h>
configure:4000: result: arm-rockchip830-linux-uclibcgnueabihf-gcc -E
configure:4020: arm-rockchip830-linux-uclibcgnueabihf-gcc -E  conftest.c
configure:4020: $? = 0
configure:4034: arm-rockchip830-linux-uclibcgnueabihf-gcc -E  conftest.c
conftest.c:11:10: fatal error: ac_nonexistent.h: No such file or directory
 #include <ac_nonexistent.h>
          ^~~~~~~~~~~~~~~~~~
compilation terminated.
configure:4034: $? = 1
configure: failed program was:
| /* confdefs.h */
| #define PACKAGE_NAME "dosfstools"
| #define PACKAGE_TARNAME "dosfstools"
| #define PACKAGE_VERSION "4.2"
| #define PACKAGE_STRING "dosfstools 4.2"
| #define PACKAGE_BUGREPORT ""
| #define PACKAGE_URL ""
| #define PACKAGE "dosfstools"
| #define VERSION "4.2"
| /* end confdefs.h.  */
| #include <ac_nonexistent.h>
configure:4063: checking for grep that handles long lines and -e
configure:4121: result: /usr/bin/grep
configure:4126: checking for egrep
configure:4188: result: /usr/bin/grep -E
configure:4193: checking for ANSI C header files
configure:4213: arm-rockchip830-linux-uclibcgnueabihf-gcc -c -march=armv7-a -mfpu=neon -mfloat-abi=hard -march=armv7-a -mfpu=neon -mfloat-abi=hard  conftest.c >&5
configure:4213: $? = 0
configure:4297: result: yes
configure:4310: checking for sys/types.h
configure:4310: arm-rockchip830-linux-uclibcgnueabihf-gcc -c -march=armv7-a -mfpu=neon -mfloat-abi=hard -march=armv7-a -mfpu=neon -mfloat-abi=hard  conftest.c >&5
configure:4310: $? = 0
configure:4310: result: yes
configure:4310: checking for sys/stat.h
configure:4310: arm-rockchip830-linux-uclibcgnueabihf-gcc -c -march=armv7-a -mfpu=neon -mfloat-abi=hard -march=armv7-a -mfpu=neon -mfloat-abi=hard  conftest.c >&5
configure:4310: $? = 0
configure:4310: result: yes
configure:4310: checking for stdlib.h
configure:4310: arm-rockchip830-linux-uclibcgnueabihf-gcc -c -march=armv7-a -mfpu=neon -mfloat-abi=hard -march=armv7-a -mfpu=neon -mfloat-abi=hard  conftest.c >&5
configure:4310: $? = 0
configure:4310: result: yes
configure:4310: checking for string.h
configure:4310: arm-rockchip830-linux-uclibcgnueabihf-gcc -c -march=armv7-a -mfpu=neon -mfloat-abi=hard -march=armv7-a -mfpu=neon -mfloat-abi=hard  conftest.c >&5
configure:4310: $? = 0
configure:4310: result: yes
configure:4310: checking for memory.h
configure:4310: arm-rockchip830-linux-uclibcgnueabihf-gcc -c -march=armv7-a -mfpu=neon -mfloat-abi=hard -march=armv7-a -mfpu=neon -mfloat-abi=hard  conftest.c >&5
configure:4310: $? = 0
configure:4310: result: yes
configure:4310: checking for strings.h
configure:4310: arm-rockchip830-linux-uclibcgnueabihf-gcc -c -march=armv7-a -mfpu=neon -mfloat-abi=hard -march=armv7-a -mfpu=neon -mfloat-abi=hard  conftest.c >&5
configure:4310: $? = 0
configure:4310: result: yes
configure:4310: checking for inttypes.h
configure:4310: arm-rockchip830-linux-uclibcgnueabihf-gcc -c -march=armv7-a -mfpu=neon -mfloat-abi=hard -march=armv7-a -mfpu=neon -mfloat-abi=hard  conftest.c >&5
configure:4310: $? = 0
configure:4310: result: yes
configure:4310: checking for stdint.h
configure:4310: arm-rockchip830-linux-uclibcgnueabihf-gcc -c -march=armv7-a -mfpu=neon -mfloat-abi=hard -march=armv7-a -mfpu=neon -mfloat-abi=hard  conftest.c >&5
configure:4310: $? = 0
configure:4310: result: yes
configure:4310: checking for unistd.h
configure:4310: arm-rockchip830-linux-uclibcgnueabihf-gcc -c -march=armv7-a -mfpu=neon -mfloat-abi=hard -march=armv7-a -mfpu=neon -mfloat-abi=hard  conftest.c >&5
configure:4310: $? = 0
configure:4310: result: yes
configure:4323: checking minix/config.h usability
configure:4323: arm-rockchip830-linux-uclibcgnueabihf-gcc -c -march=armv7-a -mfpu=neon -mfloat-abi=hard -march=armv7-a -mfpu=neon -mfloat-abi=hard  conftest.c >&5
conftest.c:54:10: fatal error: minix/config.h: No such file or directory
 #include <minix/config.h>
          ^~~~~~~~~~~~~~~~
compilation terminated.
configure:4323: $? = 1
configure: failed program was:
| /* confdefs.h */
| #define PACKAGE_NAME "dosfstools"
| #define PACKAGE_TARNAME "dosfstools"
| #define PACKAGE_VERSION "4.2"
| #define PACKAGE_STRING "dosfstools 4.2"
| #define PACKAGE_BUGREPORT ""
| #define PACKAGE_URL ""
| #define PACKAGE "dosfstools"
| #define VERSION "4.2"
| #define STDC_HEADERS 1
| #define HAVE_SYS_TYPES_H 1
| #define HAVE_SYS_STAT_H 1
| #define HAVE_STDLIB_H 1
| #define HAVE_STRING_H 1
| #define HAVE_MEMORY_H 1
| #define HAVE_STRINGS_H 1
| #define HAVE_INTTYPES_H 1
| #define HAVE_STDINT_H 1
| #define HAVE_UNISTD_H 1
| /* end confdefs.h.  */
| #include <stdio.h>
| #ifdef HAVE_SYS_TYPES_H
| # include <sys/types.h>
| #endif
| #ifdef HAVE_SYS_STAT_H
| # include <sys/stat.h>
| #endif
| #ifdef STDC_HEADERS
| # include <stdlib.h>
| # include <stddef.h>
| #else
| # ifdef HAVE_STDLIB_H
| #  include <stdlib.h>
| # endif
| #endif
| #ifdef HAVE_STRING_H
| # if !defined STDC_HEADERS && defined HAVE_MEMORY_H
| #  include <memory.h>
| # endif
| # include <string.h>
| #endif
| #ifdef HAVE_STRINGS_H
| # include <strings.h>
| #endif
| #ifdef HAVE_INTTYPES_H
| # include <inttypes.h>
| #endif
| #ifdef HAVE_STDINT_H
| # include <stdint.h>
| #endif
| #ifdef HAVE_UNISTD_H
| # include <unistd.h>
| #endif
| #include <minix/config.h>
configure:4323: result: no
configure:4323: checking minix/config.h presence
configure:4323: arm-rockchip830-linux-uclibcgnueabihf-gcc -E  conftest.c
conftest.c:21:10: fatal error: minix/config.h: No such file or directory
 #include <minix/config.h>
          ^~~~~~~~~~~~~~~~
compilation terminated.
configure:4323: $? = 1
configure: failed program was:
| /* confdefs.h */
| #define PACKAGE_NAME "dosfstools"
| #define PACKAGE_TARNAME "dosfstools"
| #define PACKAGE_VERSION "4.2"
| #define PACKAGE_STRING "dosfstools 4.2"
| #define PACKAGE_BUGREPORT ""
| #define PACKAGE_URL ""
| #define PACKAGE "dosfstools"
| #define VERSION "4.2"
| #define STDC_HEADERS 1
| #define HAVE_SYS_TYPES_H 1
| #define HAVE_SYS_STAT_H 1
| #define HAVE_STDLIB_H 1
| #define HAVE_STRING_H 1
| #define HAVE_MEMORY_H 1
| #define HAVE_STRINGS_H 1
| #define HAVE_INTTYPES_H 1
| #define HAVE_STDINT_H 1
| #define HAVE_UNISTD_H 1
| /* end confdefs.h.  */
| #include <minix/config.h>
configure:4323: result: no
configure:4323: checking for minix/config.h
configure:4323: result: no
configure:4344: checking whether it is safe to define __EXTENSIONS__
configure:4362: arm-rockchip830-linux-uclibcgnueabihf-gcc -c -march=armv7-a -mfpu=neon -mfloat-abi=hard -march=armv7-a -mfpu=neon -mfloat-abi=hard  conftest.c >&5
configure:4362: $? = 0
configure:4369: result: yes
configure:4392: checking for arm-rockchip830-linux-uclibcgnueabihf-gcc
configure:4419: result: arm-rockchip830-linux-uclibcgnueabihf-gcc
configure:4688: checking for C compiler version
configure:4697: arm-rockchip830-linux-uclibcgnueabihf-gcc --version >&5
arm-rockchip830-linux-uclibcgnueabihf-gcc (crosstool-NG 1.24.0) 8.3.0
Copyright (C) 2018 Free Software Foundation, Inc.
This is free software; see the source for copying conditions.  There is NO
warranty; not even for MERCHANTABILITY or FITNESS FOR A PARTICULAR PURPOSE.

configure:4708: $? = 0
configure:4697: arm-rockchip830-linux-uclibcgnueabihf-gcc -v >&5
Using built-in specs.
COLLECT_GCC=arm-rockchip830-linux-uclibcgnueabihf-gcc
COLLECT_LTO_WRAPPER=/home/cro/Sdk/luckfox-pico/tools/linux/toolchain/arm-rockchip830-linux-uclibcgnueabihf/bin/../libexec/gcc/arm-rockchip830-linux-uclibcgnueabihf/8.3.0/lto-wrapper
Target: arm-rockchip830-linux-uclibcgnueabihf
Configured with: /opt/.build/arm-rockchip830-linux-uclibcgnueabihf/src/gcc/configure --build=x86_64-build_pc-linux-gnu --host=x86_64-build_pc-linux-gnu --target=arm-rockchip830-linux-uclibcgnueabihf --prefix=/opt/x-tool/arm-rockchip830-linux-uclibcgnueabihf --with-sysroot=/opt/x-tool/arm-rockchip830-linux-uclibcgnueabihf/arm-rockchip830-linux-uclibcgnueabihf/sysroot --enable-languages=c,c++ --with-arch=armv7-a --with-fpu=neon-vfpv4 --with-float=hard --with-pkgversion='crosstool-NG 1.24.0' --enable-__cxa_atexit --disable-libmudflap --disable-libgomp --disable-libssp --disable-libquadmath --disable-libquadmath-support --disable-libsanitizer --disable-libmpx --with-gmp=/opt/.build/arm-rockchip830-linux-uclibcgnueabihf/buildtools --with-mpfr=/opt/.build/arm-rockchip830-linux-uclibcgnueabihf/buildtools --with-mpc=/opt/.build/arm-rockchip830-linux-uclibcgnueabihf/buildtools --with-isl=/opt/.build/arm-rockchip830-linux-uclibcgnueabihf/buildtools --enable-lto --with-host-libstdcxx='-static-libgcc -Wl,-Bstatic,-lstdc++,-Bdynamic -lm' --enable-threads=posix --enable-target-optspace --enable-plugin --enable-gold --disable-nls --disable-multilib --with-local-prefix=/opt/x-tool/arm-rockchip830-linux-uclibcgnueabihf/arm-rockchip830-linux-uclibcgnueabihf/sysroot --enable-long-long
Thread model: posix
gcc version 8.3.0 (crosstool-NG 1.24.0) 
configure:4708: $? = 0
configure:4697: arm-rockchip830-linux-uclibcgnueabihf-gcc -V >&5
arm-rockchip830-linux-uclibcgnueabihf-gcc: error: unrecognized command line option '-V'
arm-rockchip830-linux-uclibcgnueabihf-gcc: fatal error: no input files
compilation terminated.
configure:4708: $? = 1
configure:4697: arm-rockchip830-linux-uclibcgnueabihf-gcc -qversion >&5
arm-rockchip830-linux-uclibcgnueabihf-gcc: error: unrecognized command line option '-qversion'; did you mean '--version'?
arm-rockchip830-linux-uclibcgnueabihf-gcc: fatal error: no input files
compilation terminated.
configure:4708: $? = 1
configure:4712: checking whether we are using the GNU C compiler
configure:4740: result: yes
configure:4749: checking whether arm-rockchip830-linux-uclibcgnueabihf-gcc accepts -g
configure:4810: result: yes
configure:4827: checking for arm-rockchip830-linux-uclibcgnueabihf-gcc option to accept ISO C89
configure:4903: result: none needed
configure:4928: checking whether arm-rockchip830-linux-uclibcgnueabihf-gcc understands -c and -o together
configure:4965: result: yes
configure:4984: checking dependency style of arm-rockchip830-linux-uclibcgnueabihf-gcc
configure:5095: result: none
configure:5110: checking whether ln -s works
configure:5114: result: yes
configure:5129: checking for special C compiler options needed for large files
configure:5174: result: no
configure:5180: checking for _FILE_OFFSET_BITS value needed for large files
configure:5205: arm-rockchip830-linux-uclibcgnueabihf-gcc -c -march=armv7-a -mfpu=neon -mfloat-abi=hard -march=armv7-a -mfpu=neon -mfloat-abi=hard  conftest.c >&5
conftest.c:31:41: warning: result of '-2147483648 << 31' requires 63 bits to represent, but 'long int' only has 32 bits [-Wshift-overflow=]
 #define LARGE_OFF_T ((((off_t) 1 << 31) << 31) - 1 + (((off_t) 1 << 31) << 31))
                                         ^~
conftest.c:32:23: note: in expansion of macro 'LARGE_OFF_T'
   int off_t_is_large[(LARGE_OFF_T % 2147483629 == 721
                       ^~~~~~~~~~~
conftest.c:31:73: warning: result of '-2147483648 << 31' requires 63 bits to represent, but 'long int' only has 32 bits [-Wshift-overflow=]
 #define LARGE_OFF_T ((((off_t) 1 << 31) << 31) - 1 + (((off_t) 1 << 31) << 31))
                                                                         ^~
conftest.c:32:23: note: in expansion of macro 'LARGE_OFF_T'
   int off_t_is_large[(LARGE_OFF_T % 2147483629 == 721
                       ^~~~~~~~~~~
conftest.c:31:41: warning: result of '-2147483648 << 31' requires 63 bits to represent, but 'long int' only has 32 bits [-Wshift-overflow=]
 #define LARGE_OFF_T ((((off_t) 1 << 31) << 31) - 1 + (((off_t) 1 << 31) << 31))
                                         ^~
conftest.c:33:13: note: in expansion of macro 'LARGE_OFF_T'
          && LARGE_OFF_T % 2147483647 == 1)
             ^~~~~~~~~~~
conftest.c:31:73: warning: result of '-2147483648 << 31' requires 63 bits to represent, but 'long int' only has 32 bits [-Wshift-overflow=]
 #define LARGE_OFF_T ((((off_t) 1 << 31) << 31) - 1 + (((off_t) 1 << 31) << 31))
                                                                         ^~
conftest.c:33:13: note: in expansion of macro 'LARGE_OFF_T'
          && LARGE_OFF_T % 2147483647 == 1)
             ^~~~~~~~~~~
conftest.c:32:7: error: variably modified 'off_t_is_large' at file scope
   int off_t_is_large[(LARGE_OFF_T % 2147483629 == 721
       ^~~~~~~~~~~~~~
configure:5205: $? = 1
configure: failed program was:
| /* confdefs.h */
| #define PACKAGE_NAME "dosfstools"
| #define PACKAGE_TARNAME "dosfstools"
| #define PACKAGE_VERSION "4.2"
| #define PACKAGE_STRING "dosfstools 4.2"
| #define PACKAGE_BUGREPORT ""
| #define PACKAGE_URL ""
| #define PACKAGE "dosfstools"
| #define VERSION "4.2"
| #define STDC_HEADERS 1
| #define HAVE_SYS_TYPES_H 1
| #define HAVE_SYS_STAT_H 1
| #define HAVE_STDLIB_H 1
| #define HAVE_STRING_H 1
| #define HAVE_MEMORY_H 1
| #define HAVE_STRINGS_H 1
| #define HAVE_INTTYPES_H 1
| #define HAVE_STDINT_H 1
| #define HAVE_UNISTD_H 1
| #define __EXTENSIONS__ 1
| #define _ALL_SOURCE 1
| #define _GNU_SOURCE 1
| #define _POSIX_PTHREAD_SEMANTICS 1
| #define _TANDEM_SOURCE 1
| /* end confdefs.h.  */
| #include <sys/types.h>
|  /* Check that off_t can represent 2**63 - 1 correctly.
|     We can't simply define LARGE_OFF_T to be 9223372036854775807,
|     since some C++ compilers masquerading as C compilers
|     incorrectly reject 9223372036854775807.  */
| #define LARGE_OFF_T ((((off_t) 1 << 31) << 31) - 1 + (((off_t) 1 << 31) << 31))
|   int off_t_is_large[(LARGE_OFF_T % 2147483629 == 721
| 		       && LARGE_OFF_T % 2147483647 == 1)
| 		      ? 1 : -1];
| int
| main ()
| {
| 
|   ;
|   return 0;
| }
configure:5229: arm-rockchip830-linux-uclibcgnueabihf-gcc -c -march=armv7-a -mfpu=neon -mfloat-abi=hard -march=armv7-a -mfpu=neon -mfloat-abi=hard  conftest.c >&5
configure:5229: $? = 0
configure:5237: result: 64
configure:5337: checking err.h usability
configure:5337: arm-rockchip830-linux-uclibcgnueabihf-gcc -c -march=armv7-a -mfpu=neon -mfloat-abi=hard -march=armv7-a -mfpu=neon -mfloat-abi=hard  conftest.c >&5
configure:5337: $? = 0
configure:5337: result: yes
configure:5337: checking err.h presence
configure:5337: arm-rockchip830-linux-uclibcgnueabihf-gcc -E  conftest.c
configure:5337: $? = 0
configure:5337: result: yes
configure:5337: checking for err.h
configure:5337: result: yes
configure:5337: checking linux/fd.h usability
configure:5337: arm-rockchip830-linux-uclibcgnueabihf-gcc -c -march=armv7-a -mfpu=neon -mfloat-abi=hard -march=armv7-a -mfpu=neon -mfloat-abi=hard  conftest.c >&5
configure:5337: $? = 0
configure:5337: result: yes
configure:5337: checking linux/fd.h presence
configure:5337: arm-rockchip830-linux-uclibcgnueabihf-gcc -E  conftest.c
configure:5337: $? = 0
configure:5337: result: yes
configure:5337: checking for linux/fd.h
configure:5337: result: yes
configure:5337: checking linux/hdreg.h usability
configure:5337: arm-rockchip830-linux-uclibcgnueabihf-gcc -c -march=armv7-a -mfpu=neon -mfloat-abi=hard -march=armv7-a -mfpu=neon -mfloat-abi=hard  conftest.c >&5
configure:5337: $? = 0
configure:5337: result: yes
configure:5337: checking linux/hdreg.h presence
configure:5337: arm-rockchip830-linux-uclibcgnueabihf-gcc -E  conftest.c
configure:5337: $? = 0
configure:5337: result: yes
configure:5337: checking for linux/hdreg.h
configure:5337: result: yes
configure:5337: checking linux/version.h usability
configure:5337: arm-rockchip830-linux-uclibcgnueabihf-gcc -c -march=armv7-a -mfpu=neon -mfloat-abi=hard -march=armv7-a -mfpu=neon -mfloat-abi=hard  conftest.c >&5
configure:5337: $? = 0
configure:5337: result: yes
configure:5337: checking linux/version.h presence
configure:5337: arm-rockchip830-linux-uclibcgnueabihf-gcc -E  conftest.c
configure:5337: $? = 0
configure:5337: result: yes
configure:5337: checking for linux/version.h
configure:5337: result: yes
configure:5337: checking linux/loop.h usability
configure:5337: arm-rockchip830-linux-uclibcgnueabihf-gcc -c -march=armv7-a -mfpu=neon -mfloat-abi=hard -march=armv7-a -mfpu=neon -mfloat-abi=hard  conftest.c >&5
configure:5337: $? = 0
configure:5337: result: yes
configure:5337: checking linux/loop.h presence
configure:5337: arm-rockchip830-linux-uclibcgnueabihf-gcc -E  conftest.c
configure:5337: $? = 0
configure:5337: result: yes
configure:5337: checking for linux/loop.h
configure:5337: result: yes
configure:5337: checking sys/disk.h usability
configure:5337: arm-rockchip830-linux-uclibcgnueabihf-gcc -c -march=armv7-a -mfpu=neon -mfloat-abi=hard -march=armv7-a -mfpu=neon -mfloat-abi=hard  conftest.c >&5
conftest.c:65:10: fatal error: sys/disk.h: No such file or directory
 #include <sys/disk.h>
          ^~~~~~~~~~~~
compilation terminated.
configure:5337: $? = 1
configure: failed program was:
| /* confdefs.h */
| #define PACKAGE_NAME "dosfstools"
| #define PACKAGE_TARNAME "dosfstools"
| #define PACKAGE_VERSION "4.2"
| #define PACKAGE_STRING "dosfstools 4.2"
| #define PACKAGE_BUGREPORT ""
| #define PACKAGE_URL ""
| #define PACKAGE "dosfstools"
| #define VERSION "4.2"
| #define STDC_HEADERS 1
| #define HAVE_SYS_TYPES_H 1
| #define HAVE_SYS_STAT_H 1
| #define HAVE_STDLIB_H 1
| #define HAVE_STRING_H 1
| #define HAVE_MEMORY_H 1
| #define HAVE_STRINGS_H 1
| #define HAVE_INTTYPES_H 1
| #define HAVE_STDINT_H 1
| #define HAVE_UNISTD_H 1
| #define __EXTENSIONS__ 1
| #define _ALL_SOURCE 1
| #define _GNU_SOURCE 1
| #define _POSIX_PTHREAD_SEMANTICS 1
| #define _TANDEM_SOURCE 1
| #define _FILE_OFFSET_BITS 64
| #define HAVE_ERR_H 1
| #define HAVE_LINUX_FD_H 1
| #define HAVE_LINUX_HDREG_H 1
| #define HAVE_LINUX_VERSION_H 1
| #define HAVE_LINUX_LOOP_H 1
| /* end confdefs.h.  */
| #include <stdio.h>
| #ifdef HAVE_SYS_TYPES_H
| # include <sys/types.h>
| #endif
| #ifdef HAVE_SYS_STAT_H
| # include <sys/stat.h>
| #endif
| #ifdef STDC_HEADERS
| # include <stdlib.h>
| # include <stddef.h>
| #else
| # ifdef HAVE_STDLIB_H
| #  include <stdlib.h>
| # endif
| #endif
| #ifdef HAVE_STRING_H
| # if !defined STDC_HEADERS && defined HAVE_MEMORY_H
| #  include <memory.h>
| # endif
| # include <string.h>
| #endif
| #ifdef HAVE_STRINGS_H
| # include <strings.h>
| #endif
| #ifdef HAVE_INTTYPES_H
| # include <inttypes.h>
| #endif
| #ifdef HAVE_STDINT_H
| # include <stdint.h>
| #endif
| #ifdef HAVE_UNISTD_H
| # include <unistd.h>
| #endif
| #include <sys/disk.h>
configure:5337: result: no
configure:5337: checking sys/disk.h presence
configure:5337: arm-rockchip830-linux-uclibcgnueabihf-gcc -E  conftest.c
conftest.c:32:10: fatal error: sys/disk.h: No such file or directory
 #include <sys/disk.h>
          ^~~~~~~~~~~~
compilation terminated.
configure:5337: $? = 1
configure: failed program was:
| /* confdefs.h */
| #define PACKAGE_NAME "dosfstools"
| #define PACKAGE_TARNAME "dosfstools"
| #define PACKAGE_VERSION "4.2"
| #define PACKAGE_STRING "dosfstools 4.2"
| #define PACKAGE_BUGREPORT ""
| #define PACKAGE_URL ""
| #define PACKAGE "dosfstools"
| #define VERSION "4.2"
| #define STDC_HEADERS 1
| #define HAVE_SYS_TYPES_H 1
| #define HAVE_SYS_STAT_H 1
| #define HAVE_STDLIB_H 1
| #define HAVE_STRING_H 1
| #define HAVE_MEMORY_H 1
| #define HAVE_STRINGS_H 1
| #define HAVE_INTTYPES_H 1
| #define HAVE_STDINT_H 1
| #define HAVE_UNISTD_H 1
| #define __EXTENSIONS__ 1
| #define _ALL_SOURCE 1
| #define _GNU_SOURCE 1
| #define _POSIX_PTHREAD_SEMANTICS 1
| #define _TANDEM_SOURCE 1
| #define _FILE_OFFSET_BITS 64
| #define HAVE_ERR_H 1
| #define HAVE_LINUX_FD_H 1
| #define HAVE_LINUX_HDREG_H 1
| #define HAVE_LINUX_VERSION_H 1
| #define HAVE_LINUX_LOOP_H 1
| /* end confdefs.h.  */
| #include <sys/disk.h>
configure:5337: result: no
configure:5337: checking for sys/disk.h
configure:5337: result: no
configure:5337: checking sys/disklabel.h usability
configure:5337: arm-rockchip830-linux-uclibcgnueabihf-gcc -c -march=armv7-a -mfpu=neon -mfloat-abi=hard -march=armv7-a -mfpu=neon -mfloat-abi=hard  conftest.c >&5
conftest.c:65:10: fatal error: sys/disklabel.h: No such file or directory
 #include <sys/disklabel.h>
          ^~~~~~~~~~~~~~~~~
compilation terminated.
configure:5337: $? = 1
configure: failed program was:
| /* confdefs.h */
| #define PACKAGE_NAME "dosfstools"
| #define PACKAGE_TARNAME "dosfstools"
| #define PACKAGE_VERSION "4.2"
| #define PACKAGE_STRING "dosfstools 4.2"
| #define PACKAGE_BUGREPORT ""
| #define PACKAGE_URL ""
| #define PACKAGE "dosfstools"
| #define VERSION "4.2"
| #define STDC_HEADERS 1
| #define HAVE_SYS_TYPES_H 1
| #define HAVE_SYS_STAT_H 1
| #define HAVE_STDLIB_H 1
| #define HAVE_STRING_H 1
| #define HAVE_MEMORY_H 1
| #define HAVE_STRINGS_H 1
| #define HAVE_INTTYPES_H 1
| #define HAVE_STDINT_H 1
| #define HAVE_UNISTD_H 1
| #define __EXTENSIONS__ 1
| #define _ALL_SOURCE 1
| #define _GNU_SOURCE 1
| #define _POSIX_PTHREAD_SEMANTICS 1
| #define _TANDEM_SOURCE 1
| #define _FILE_OFFSET_BITS 64
| #define HAVE_ERR_H 1
| #define HAVE_LINUX_FD_H 1
| #define HAVE_LINUX_HDREG_H 1
| #define HAVE_LINUX_VERSION_H 1
| #define HAVE_LINUX_LOOP_H 1
| /* end confdefs.h.  */
| #include <stdio.h>
| #ifdef HAVE_SYS_TYPES_H
| # include <sys/types.h>
| #endif
| #ifdef HAVE_SYS_STAT_H
| # include <sys/stat.h>
| #endif
| #ifdef STDC_HEADERS
| # include <stdlib.h>
| # include <stddef.h>
| #else
| # ifdef HAVE_STDLIB_H
| #  include <stdlib.h>
| # endif
| #endif
| #ifdef HAVE_STRING_H
| # if !defined STDC_HEADERS && defined HAVE_MEMORY_H
| #  include <memory.h>
| # endif
| # include <string.h>
| #endif
| #ifdef HAVE_STRINGS_H
| # include <strings.h>
| #endif
| #ifdef HAVE_INTTYPES_H
| # include <inttypes.h>
| #endif
| #ifdef HAVE_STDINT_H
| # include <stdint.h>
| #endif
| #ifdef HAVE_UNISTD_H
| # include <unistd.h>
| #endif
| #include <sys/disklabel.h>
configure:5337: result: no
configure:5337: checking sys/disklabel.h presence
configure:5337: arm-rockchip830-linux-uclibcgnueabihf-gcc -E  conftest.c
conftest.c:32:10: fatal error: sys/disklabel.h: No such file or directory
 #include <sys/disklabel.h>
          ^~~~~~~~~~~~~~~~~
compilation terminated.
configure:5337: $? = 1
configure: failed program was:
| /* confdefs.h */
| #define PACKAGE_NAME "dosfstools"
| #define PACKAGE_TARNAME "dosfstools"
| #define PACKAGE_VERSION "4.2"
| #define PACKAGE_STRING "dosfstools 4.2"
| #define PACKAGE_BUGREPORT ""
| #define PACKAGE_URL ""
| #define PACKAGE "dosfstools"
| #define VERSION "4.2"
| #define STDC_HEADERS 1
| #define HAVE_SYS_TYPES_H 1
| #define HAVE_SYS_STAT_H 1
| #define HAVE_STDLIB_H 1
| #define HAVE_STRING_H 1
| #define HAVE_MEMORY_H 1
| #define HAVE_STRINGS_H 1
| #define HAVE_INTTYPES_H 1
| #define HAVE_STDINT_H 1
| #define HAVE_UNISTD_H 1
| #define __EXTENSIONS__ 1
| #define _ALL_SOURCE 1
| #define _GNU_SOURCE 1
| #define _POSIX_PTHREAD_SEMANTICS 1
| #define _TANDEM_SOURCE 1
| #define _FILE_OFFSET_BITS 64
| #define HAVE_ERR_H 1
| #define HAVE_LINUX_FD_H 1
| #define HAVE_LINUX_HDREG_H 1
| #define HAVE_LINUX_VERSION_H 1
| #define HAVE_LINUX_LOOP_H 1
| /* end confdefs.h.  */
| #include <sys/disklabel.h>
configure:5337: result: no
configure:5337: checking for sys/disklabel.h
configure:5337: result: no
configure:5337: checking sys/ioccom.h usability
configure:5337: arm-rockchip830-linux-uclibcgnueabihf-gcc -c -march=armv7-a -mfpu=neon -mfloat-abi=hard -march=armv7-a -mfpu=neon -mfloat-abi=hard  conftest.c >&5
conftest.c:65:10: fatal error: sys/ioccom.h: No such file or directory
 #include <sys/ioccom.h>
          ^~~~~~~~~~~~~~
compilation terminated.
configure:5337: $? = 1
configure: failed program was:
| /* confdefs.h */
| #define PACKAGE_NAME "dosfstools"
| #define PACKAGE_TARNAME "dosfstools"
| #define PACKAGE_VERSION "4.2"
| #define PACKAGE_STRING "dosfstools 4.2"
| #define PACKAGE_BUGREPORT ""
| #define PACKAGE_URL ""
| #define PACKAGE "dosfstools"
| #define VERSION "4.2"
| #define STDC_HEADERS 1
| #define HAVE_SYS_TYPES_H 1
| #define HAVE_SYS_STAT_H 1
| #define HAVE_STDLIB_H 1
| #define HAVE_STRING_H 1
| #define HAVE_MEMORY_H 1
| #define HAVE_STRINGS_H 1
| #define HAVE_INTTYPES_H 1
| #define HAVE_STDINT_H 1
| #define HAVE_UNISTD_H 1
| #define __EXTENSIONS__ 1
| #define _ALL_SOURCE 1
| #define _GNU_SOURCE 1
| #define _POSIX_PTHREAD_SEMANTICS 1
| #define _TANDEM_SOURCE 1
| #define _FILE_OFFSET_BITS 64
| #define HAVE_ERR_H 1
| #define HAVE_LINUX_FD_H 1
| #define HAVE_LINUX_HDREG_H 1
| #define HAVE_LINUX_VERSION_H 1
| #define HAVE_LINUX_LOOP_H 1
| /* end confdefs.h.  */
| #include <stdio.h>
| #ifdef HAVE_SYS_TYPES_H
| # include <sys/types.h>
| #endif
| #ifdef HAVE_SYS_STAT_H
| # include <sys/stat.h>
| #endif
| #ifdef STDC_HEADERS
| # include <stdlib.h>
| # include <stddef.h>
| #else
| # ifdef HAVE_STDLIB_H
| #  include <stdlib.h>
| # endif
| #endif
| #ifdef HAVE_STRING_H
| # if !defined STDC_HEADERS && defined HAVE_MEMORY_H
| #  include <memory.h>
| # endif
| # include <string.h>
| #endif
| #ifdef HAVE_STRINGS_H
| # include <strings.h>
| #endif
| #ifdef HAVE_INTTYPES_H
| # include <inttypes.h>
| #endif
| #ifdef HAVE_STDINT_H
| # include <stdint.h>
| #endif
| #ifdef HAVE_UNISTD_H
| # include <unistd.h>
| #endif
| #include <sys/ioccom.h>
configure:5337: result: no
configure:5337: checking sys/ioccom.h presence
configure:5337: arm-rockchip830-linux-uclibcgnueabihf-gcc -E  conftest.c
conftest.c:32:10: fatal error: sys/ioccom.h: No such file or directory
 #include <sys/ioccom.h>
          ^~~~~~~~~~~~~~
compilation terminated.
configure:5337: $? = 1
configure: failed program was:
| /* confdefs.h */
| #define PACKAGE_NAME "dosfstools"
| #define PACKAGE_TARNAME "dosfstools"
| #define PACKAGE_VERSION "4.2"
| #define PACKAGE_STRING "dosfstools 4.2"
| #define PACKAGE_BUGREPORT ""
| #define PACKAGE_URL ""
| #define PACKAGE "dosfstools"
| #define VERSION "4.2"
| #define STDC_HEADERS 1
| #define HAVE_SYS_TYPES_H 1
| #define HAVE_SYS_STAT_H 1
| #define HAVE_STDLIB_H 1
| #define HAVE_STRING_H 1
| #define HAVE_MEMORY_H 1
| #define HAVE_STRINGS_H 1
| #define HAVE_INTTYPES_H 1
| #define HAVE_STDINT_H 1
| #define HAVE_UNISTD_H 1
| #define __EXTENSIONS__ 1
| #define _ALL_SOURCE 1
| #define _GNU_SOURCE 1
| #define _POSIX_PTHREAD_SEMANTICS 1
| #define _TANDEM_SOURCE 1
| #define _FILE_OFFSET_BITS 64
| #define HAVE_ERR_H 1
| #define HAVE_LINUX_FD_H 1
| #define HAVE_LINUX_HDREG_H 1
| #define HAVE_LINUX_VERSION_H 1
| #define HAVE_LINUX_LOOP_H 1
| /* end confdefs.h.  */
| #include <sys/ioccom.h>
configure:5337: result: no
configure:5337: checking for sys/ioccom.h
configure:5337: result: no
configure:5337: checking sys/mkdev.h usability
configure:5337: arm-rockchip830-linux-uclibcgnueabihf-gcc -c -march=armv7-a -mfpu=neon -mfloat-abi=hard -march=armv7-a -mfpu=neon -mfloat-abi=hard  conftest.c >&5
conftest.c:65:10: fatal error: sys/mkdev.h: No such file or directory
 #include <sys/mkdev.h>
          ^~~~~~~~~~~~~
compilation terminated.
configure:5337: $? = 1
configure: failed program was:
| /* confdefs.h */
| #define PACKAGE_NAME "dosfstools"
| #define PACKAGE_TARNAME "dosfstools"
| #define PACKAGE_VERSION "4.2"
| #define PACKAGE_STRING "dosfstools 4.2"
| #define PACKAGE_BUGREPORT ""
| #define PACKAGE_URL ""
| #define PACKAGE "dosfstools"
| #define VERSION "4.2"
| #define STDC_HEADERS 1
| #define HAVE_SYS_TYPES_H 1
| #define HAVE_SYS_STAT_H 1
| #define HAVE_STDLIB_H 1
| #define HAVE_STRING_H 1
| #define HAVE_MEMORY_H 1
| #define HAVE_STRINGS_H 1
| #define HAVE_INTTYPES_H 1
| #define HAVE_STDINT_H 1
| #define HAVE_UNISTD_H 1
| #define __EXTENSIONS__ 1
| #define _ALL_SOURCE 1
| #define _GNU_SOURCE 1
| #define _POSIX_PTHREAD_SEMANTICS 1
| #define _TANDEM_SOURCE 1
| #define _FILE_OFFSET_BITS 64
| #define HAVE_ERR_H 1
| #define HAVE_LINUX_FD_H 1
| #define HAVE_LINUX_HDREG_H 1
| #define HAVE_LINUX_VERSION_H 1
| #define HAVE_LINUX_LOOP_H 1
| /* end confdefs.h.  */
| #include <stdio.h>
| #ifdef HAVE_SYS_TYPES_H
| # include <sys/types.h>
| #endif
| #ifdef HAVE_SYS_STAT_H
| # include <sys/stat.h>
| #endif
| #ifdef STDC_HEADERS
| # include <stdlib.h>
| # include <stddef.h>
| #else
| # ifdef HAVE_STDLIB_H
| #  include <stdlib.h>
| # endif
| #endif
| #ifdef HAVE_STRING_H
| # if !defined STDC_HEADERS && defined HAVE_MEMORY_H
| #  include <memory.h>
| # endif
| # include <string.h>
| #endif
| #ifdef HAVE_STRINGS_H
| # include <strings.h>
| #endif
| #ifdef HAVE_INTTYPES_H
| # include <inttypes.h>
| #endif
| #ifdef HAVE_STDINT_H
| # include <stdint.h>
| #endif
| #ifdef HAVE_UNISTD_H
| # include <unistd.h>
| #endif
| #include <sys/mkdev.h>
configure:5337: result: no
configure:5337: checking sys/mkdev.h presence
configure:5337: arm-rockchip830-linux-uclibcgnueabihf-gcc -E  conftest.c
conftest.c:32:10: fatal error: sys/mkdev.h: No such file or directory
 #include <sys/mkdev.h>
          ^~~~~~~~~~~~~
compilation terminated.
configure:5337: $? = 1
configure: failed program was:
| /* confdefs.h */
| #define PACKAGE_NAME "dosfstools"
| #define PACKAGE_TARNAME "dosfstools"
| #define PACKAGE_VERSION "4.2"
| #define PACKAGE_STRING "dosfstools 4.2"
| #define PACKAGE_BUGREPORT ""
| #define PACKAGE_URL ""
| #define PACKAGE "dosfstools"
| #define VERSION "4.2"
| #define STDC_HEADERS 1
| #define HAVE_SYS_TYPES_H 1
| #define HAVE_SYS_STAT_H 1
| #define HAVE_STDLIB_H 1
| #define HAVE_STRING_H 1
| #define HAVE_MEMORY_H 1
| #define HAVE_STRINGS_H 1
| #define HAVE_INTTYPES_H 1
| #define HAVE_STDINT_H 1
| #define HAVE_UNISTD_H 1
| #define __EXTENSIONS__ 1
| #define _ALL_SOURCE 1
| #define _GNU_SOURCE 1
| #define _POSIX_PTHREAD_SEMANTICS 1
| #define _TANDEM_SOURCE 1
| #define _FILE_OFFSET_BITS 64
| #define HAVE_ERR_H 1
| #define HAVE_LINUX_FD_H 1
| #define HAVE_LINUX_HDREG_H 1
| #define HAVE_LINUX_VERSION_H 1
| #define HAVE_LINUX_LOOP_H 1
| /* end confdefs.h.  */
| #include <sys/mkdev.h>
configure:5337: result: no
configure:5337: checking for sys/mkdev.h
configure:5337: result: no
configure:5337: checking sys/queue.h usability
configure:5337: arm-rockchip830-linux-uclibcgnueabihf-gcc -c -march=armv7-a -mfpu=neon -mfloat-abi=hard -march=armv7-a -mfpu=neon -mfloat-abi=hard  conftest.c >&5
configure:5337: $? = 0
configure:5337: result: yes
configure:5337: checking sys/queue.h presence
configure:5337: arm-rockchip830-linux-uclibcgnueabihf-gcc -E  conftest.c
configure:5337: $? = 0
configure:5337: result: yes
configure:5337: checking for sys/queue.h
configure:5337: result: yes
configure:5351: checking endian.h usability
configure:5351: arm-rockchip830-linux-uclibcgnueabihf-gcc -c -march=armv7-a -mfpu=neon -mfloat-abi=hard -march=armv7-a -mfpu=neon -mfloat-abi=hard  conftest.c >&5
configure:5351: $? = 0
configure:5351: result: yes
configure:5351: checking endian.h presence
configure:5351: arm-rockchip830-linux-uclibcgnueabihf-gcc -E  conftest.c
configure:5351: $? = 0
configure:5351: result: yes
configure:5351: checking for endian.h
configure:5351: result: yes
configure:5351: checking sys/endian.h usability
configure:5351: arm-rockchip830-linux-uclibcgnueabihf-gcc -c -march=armv7-a -mfpu=neon -mfloat-abi=hard -march=armv7-a -mfpu=neon -mfloat-abi=hard  conftest.c >&5
conftest.c:67:10: fatal error: sys/endian.h: No such file or directory
 #include <sys/endian.h>
          ^~~~~~~~~~~~~~
compilation terminated.
configure:5351: $? = 1
configure: failed program was:
| /* confdefs.h */
| #define PACKAGE_NAME "dosfstools"
| #define PACKAGE_TARNAME "dosfstools"
| #define PACKAGE_VERSION "4.2"
| #define PACKAGE_STRING "dosfstools 4.2"
| #define PACKAGE_BUGREPORT ""
| #define PACKAGE_URL ""
| #define PACKAGE "dosfstools"
| #define VERSION "4.2"
| #define STDC_HEADERS 1
| #define HAVE_SYS_TYPES_H 1
| #define HAVE_SYS_STAT_H 1
| #define HAVE_STDLIB_H 1
| #define HAVE_STRING_H 1
| #define HAVE_MEMORY_H 1
| #define HAVE_STRINGS_H 1
| #define HAVE_INTTYPES_H 1
| #define HAVE_STDINT_H 1
| #define HAVE_UNISTD_H 1
| #define __EXTENSIONS__ 1
| #define _ALL_SOURCE 1
| #define _GNU_SOURCE 1
| #define _POSIX_PTHREAD_SEMANTICS 1
| #define _TANDEM_SOURCE 1
| #define _FILE_OFFSET_BITS 64
| #define HAVE_ERR_H 1
| #define HAVE_LINUX_FD_H 1
| #define HAVE_LINUX_HDREG_H 1
| #define HAVE_LINUX_VERSION_H 1
| #define HAVE_LINUX_LOOP_H 1
| #define HAVE_SYS_QUEUE_H 1
| #define HAVE_ENDIAN_H 1
| /* end confdefs.h.  */
| #include <stdio.h>
| #ifdef HAVE_SYS_TYPES_H
| # include <sys/types.h>
| #endif
| #ifdef HAVE_SYS_STAT_H
| # include <sys/stat.h>
| #endif
| #ifdef STDC_HEADERS
| # include <stdlib.h>
| # include <stddef.h>
| #else
| # ifdef HAVE_STDLIB_H
| #  include <stdlib.h>
| # endif
| #endif
| #ifdef HAVE_STRING_H
| # if !defined STDC_HEADERS && defined HAVE_MEMORY_H
| #  include <memory.h>
| # endif
| # include <string.h>
| #endif
| #ifdef HAVE_STRINGS_H
| # include <strings.h>
| #endif
| #ifdef HAVE_INTTYPES_H
| # include <inttypes.h>
| #endif
| #ifdef HAVE_STDINT_H
| # include <stdint.h>
| #endif
| #ifdef HAVE_UNISTD_H
| # include <unistd.h>
| #endif
| #include <sys/endian.h>
configure:5351: result: no
configure:5351: checking sys/endian.h presence
configure:5351: arm-rockchip830-linux-uclibcgnueabihf-gcc -E  conftest.c
conftest.c:34:10: fatal error: sys/endian.h: No such file or directory
 #include <sys/endian.h>
          ^~~~~~~~~~~~~~
compilation terminated.
configure:5351: $? = 1
configure: failed program was:
| /* confdefs.h */
| #define PACKAGE_NAME "dosfstools"
| #define PACKAGE_TARNAME "dosfstools"
| #define PACKAGE_VERSION "4.2"
| #define PACKAGE_STRING "dosfstools 4.2"
| #define PACKAGE_BUGREPORT ""
| #define PACKAGE_URL ""
| #define PACKAGE "dosfstools"
| #define VERSION "4.2"
| #define STDC_HEADERS 1
| #define HAVE_SYS_TYPES_H 1
| #define HAVE_SYS_STAT_H 1
| #define HAVE_STDLIB_H 1
| #define HAVE_STRING_H 1
| #define HAVE_MEMORY_H 1
| #define HAVE_STRINGS_H 1
| #define HAVE_INTTYPES_H 1
| #define HAVE_STDINT_H 1
| #define HAVE_UNISTD_H 1
| #define __EXTENSIONS__ 1
| #define _ALL_SOURCE 1
| #define _GNU_SOURCE 1
| #define _POSIX_PTHREAD_SEMANTICS 1
| #define _TANDEM_SOURCE 1
| #define _FILE_OFFSET_BITS 64
| #define HAVE_ERR_H 1
| #define HAVE_LINUX_FD_H 1
| #define HAVE_LINUX_HDREG_H 1
| #define HAVE_LINUX_VERSION_H 1
| #define HAVE_LINUX_LOOP_H 1
| #define HAVE_SYS_QUEUE_H 1
| #define HAVE_ENDIAN_H 1
| /* end confdefs.h.  */
| #include <sys/endian.h>
configure:5351: result: no
configure:5351: checking for sys/endian.h
configure:5351: result: no
configure:5351: checking libkern/OSByteOrder.h usability
configure:5351: arm-rockchip830-linux-uclibcgnueabihf-gcc -c -march=armv7-a -mfpu=neon -mfloat-abi=hard -march=armv7-a -mfpu=neon -mfloat-abi=hard  conftest.c >&5
conftest.c:67:10: fatal error: libkern/OSByteOrder.h: No such file or directory
 #include <libkern/OSByteOrder.h>
          ^~~~~~~~~~~~~~~~~~~~~~~
compilation terminated.
configure:5351: $? = 1
configure: failed program was:
| /* confdefs.h */
| #define PACKAGE_NAME "dosfstools"
| #define PACKAGE_TARNAME "dosfstools"
| #define PACKAGE_VERSION "4.2"
| #define PACKAGE_STRING "dosfstools 4.2"
| #define PACKAGE_BUGREPORT ""
| #define PACKAGE_URL ""
| #define PACKAGE "dosfstools"
| #define VERSION "4.2"
| #define STDC_HEADERS 1
| #define HAVE_SYS_TYPES_H 1
| #define HAVE_SYS_STAT_H 1
| #define HAVE_STDLIB_H 1
| #define HAVE_STRING_H 1
| #define HAVE_MEMORY_H 1
| #define HAVE_STRINGS_H 1
| #define HAVE_INTTYPES_H 1
| #define HAVE_STDINT_H 1
| #define HAVE_UNISTD_H 1
| #define __EXTENSIONS__ 1
| #define _ALL_SOURCE 1
| #define _GNU_SOURCE 1
| #define _POSIX_PTHREAD_SEMANTICS 1
| #define _TANDEM_SOURCE 1
| #define _FILE_OFFSET_BITS 64
| #define HAVE_ERR_H 1
| #define HAVE_LINUX_FD_H 1
| #define HAVE_LINUX_HDREG_H 1
| #define HAVE_LINUX_VERSION_H 1
| #define HAVE_LINUX_LOOP_H 1
| #define HAVE_SYS_QUEUE_H 1
| #define HAVE_ENDIAN_H 1
| /* end confdefs.h.  */
| #include <stdio.h>
| #ifdef HAVE_SYS_TYPES_H
| # include <sys/types.h>
| #endif
| #ifdef HAVE_SYS_STAT_H
| # include <sys/stat.h>
| #endif
| #ifdef STDC_HEADERS
| # include <stdlib.h>
| # include <stddef.h>
| #else
| # ifdef HAVE_STDLIB_H
| #  include <stdlib.h>
| # endif
| #endif
| #ifdef HAVE_STRING_H
| # if !defined STDC_HEADERS && defined HAVE_MEMORY_H
| #  include <memory.h>
| # endif
| # include <string.h>
| #endif
| #ifdef HAVE_STRINGS_H
| # include <strings.h>
| #endif
| #ifdef HAVE_INTTYPES_H
| # include <inttypes.h>
| #endif
| #ifdef HAVE_STDINT_H
| # include <stdint.h>
| #endif
| #ifdef HAVE_UNISTD_H
| # include <unistd.h>
| #endif
| #include <libkern/OSByteOrder.h>
configure:5351: result: no
configure:5351: checking libkern/OSByteOrder.h presence
configure:5351: arm-rockchip830-linux-uclibcgnueabihf-gcc -E  conftest.c
conftest.c:34:10: fatal error: libkern/OSByteOrder.h: No such file or directory
 #include <libkern/OSByteOrder.h>
          ^~~~~~~~~~~~~~~~~~~~~~~
compilation terminated.
configure:5351: $? = 1
configure: failed program was:
| /* confdefs.h */
| #define PACKAGE_NAME "dosfstools"
| #define PACKAGE_TARNAME "dosfstools"
| #define PACKAGE_VERSION "4.2"
| #define PACKAGE_STRING "dosfstools 4.2"
| #define PACKAGE_BUGREPORT ""
| #define PACKAGE_URL ""
| #define PACKAGE "dosfstools"
| #define VERSION "4.2"
| #define STDC_HEADERS 1
| #define HAVE_SYS_TYPES_H 1
| #define HAVE_SYS_STAT_H 1
| #define HAVE_STDLIB_H 1
| #define HAVE_STRING_H 1
| #define HAVE_MEMORY_H 1
| #define HAVE_STRINGS_H 1
| #define HAVE_INTTYPES_H 1
| #define HAVE_STDINT_H 1
| #define HAVE_UNISTD_H 1
| #define __EXTENSIONS__ 1
| #define _ALL_SOURCE 1
| #define _GNU_SOURCE 1
| #define _POSIX_PTHREAD_SEMANTICS 1
| #define _TANDEM_SOURCE 1
| #define _FILE_OFFSET_BITS 64
| #define HAVE_ERR_H 1
| #define HAVE_LINUX_FD_H 1
| #define HAVE_LINUX_HDREG_H 1
| #define HAVE_LINUX_VERSION_H 1
| #define HAVE_LINUX_LOOP_H 1
| #define HAVE_SYS_QUEUE_H 1
| #define HAVE_ENDIAN_H 1
| /* end confdefs.h.  */
| #include <libkern/OSByteOrder.h>
configure:5351: result: no
configure:5351: checking for libkern/OSByteOrder.h
configure:5351: result: no
configure:5364: checking for vasprintf
configure:5364: arm-rockchip830-linux-uclibcgnueabihf-gcc -o conftest -march=armv7-a -mfpu=neon -mfloat-abi=hard -march=armv7-a -mfpu=neon -mfloat-abi=hard  -march=armv7-a -mfpu=neon -mfloat-abi=hard -march=armv7-a -mfpu=neon -mfloat-abi=hard conftest.c  >&5
configure:5364: $? = 0
configure:5364: result: yes
configure:5374: checking whether getmntent is declared
configure:5374: arm-rockchip830-linux-uclibcgnueabihf-gcc -c -march=armv7-a -mfpu=neon -mfloat-abi=hard -march=armv7-a -mfpu=neon -mfloat-abi=hard  conftest.c >&5
configure:5374: $? = 0
configure:5374: result: yes
configure:5386: checking whether getmntinfo is declared
configure:5386: arm-rockchip830-linux-uclibcgnueabihf-gcc -c -march=armv7-a -mfpu=neon -mfloat-abi=hard -march=armv7-a -mfpu=neon -mfloat-abi=hard  conftest.c >&5
conftest.c: In function 'main':
conftest.c:45:10: error: 'getmntinfo' undeclared (first use in this function)
   (void) getmntinfo;
          ^~~~~~~~~~
conftest.c:45:10: note: each undeclared identifier is reported only once for each function it appears in
configure:5386: $? = 1
configure: failed program was:
| /* confdefs.h */
| #define PACKAGE_NAME "dosfstools"
| #define PACKAGE_TARNAME "dosfstools"
| #define PACKAGE_VERSION "4.2"
| #define PACKAGE_STRING "dosfstools 4.2"
| #define PACKAGE_BUGREPORT ""
| #define PACKAGE_URL ""
| #define PACKAGE "dosfstools"
| #define VERSION "4.2"
| #define STDC_HEADERS 1
| #define HAVE_SYS_TYPES_H 1
| #define HAVE_SYS_STAT_H 1
| #define HAVE_STDLIB_H 1
| #define HAVE_STRING_H 1
| #define HAVE_MEMORY_H 1
| #define HAVE_STRINGS_H 1
| #define HAVE_INTTYPES_H 1
| #define HAVE_STDINT_H 1
| #define HAVE_UNISTD_H 1
| #define __EXTENSIONS__ 1
| #define _ALL_SOURCE 1
| #define _GNU_SOURCE 1
| #define _POSIX_PTHREAD_SEMANTICS 1
| #define _TANDEM_SOURCE 1
| #define _FILE_OFFSET_BITS 64
| #define HAVE_ERR_H 1
| #define HAVE_LINUX_FD_H 1
| #define HAVE_LINUX_HDREG_H 1
| #define HAVE_LINUX_VERSION_H 1
| #define HAVE_LINUX_LOOP_H 1
| #define HAVE_SYS_QUEUE_H 1
| #define HAVE_ENDIAN_H 1
| #define HAVE_VASPRINTF 1
| #define HAVE_DECL_GETMNTENT 1
| /* end confdefs.h.  */
| #include <sys/mount.h>
| 
| int
| main ()
| {
| #ifndef getmntinfo
| #ifdef __cplusplus
|   (void) getmntinfo;
| #else
|   (void) getmntinfo;
| #endif
| #endif
| 
|   ;
|   return 0;
| }
configure:5386: result: no
configure:5411: checking build system type
configure:5425: result: x86_64-pc-linux-gnu
configure:5445: checking host system type
configure:5458: result: arm-rockchip830-linux-uclibcgnueabihf
configure:5519: checking for ld used by arm-rockchip830-linux-uclibcgnueabihf-gcc
configure:5586: result: /home/cro/Sdk/luckfox-pico/tools/linux/toolchain/arm-rockchip830-linux-uclibcgnueabihf/arm-rockchip830-linux-uclibcgnueabihf/bin/ld
configure:5593: checking if the linker (/home/cro/Sdk/luckfox-pico/tools/linux/toolchain/arm-rockchip830-linux-uclibcgnueabihf/arm-rockchip830-linux-uclibcgnueabihf/bin/ld) is GNU ld
configure:5608: result: yes
configure:5615: checking for shared library run path origin
configure:5628: result: done
configure:6206: checking for iconv
configure:6230: arm-rockchip830-linux-uclibcgnueabihf-gcc -o conftest -march=armv7-a -mfpu=neon -mfloat-abi=hard -march=armv7-a -mfpu=neon -mfloat-abi=hard  -march=armv7-a -mfpu=neon -mfloat-abi=hard -march=armv7-a -mfpu=neon -mfloat-abi=hard conftest.c  >&5
conftest.c:39:10: fatal error: iconv.h: No such file or directory
 #include <iconv.h>
          ^~~~~~~~~
compilation terminated.
configure:6230: $? = 1
configure: failed program was:
| /* confdefs.h */
| #define PACKAGE_NAME "dosfstools"
| #define PACKAGE_TARNAME "dosfstools"
| #define PACKAGE_VERSION "4.2"
| #define PACKAGE_STRING "dosfstools 4.2"
| #define PACKAGE_BUGREPORT ""
| #define PACKAGE_URL ""
| #define PACKAGE "dosfstools"
| #define VERSION "4.2"
| #define STDC_HEADERS 1
| #define HAVE_SYS_TYPES_H 1
| #define HAVE_SYS_STAT_H 1
| #define HAVE_STDLIB_H 1
| #define HAVE_STRING_H 1
| #define HAVE_MEMORY_H 1
| #define HAVE_STRINGS_H 1
| #define HAVE_INTTYPES_H 1
| #define HAVE_STDINT_H 1
| #define HAVE_UNISTD_H 1
| #define __EXTENSIONS__ 1
| #define _ALL_SOURCE 1
| #define _GNU_SOURCE 1
| #define _POSIX_PTHREAD_SEMANTICS 1
| #define _TANDEM_SOURCE 1
| #define _FILE_OFFSET_BITS 64
| #define HAVE_ERR_H 1
| #define HAVE_LINUX_FD_H 1
| #define HAVE_LINUX_HDREG_H 1
| #define HAVE_LINUX_VERSION_H 1
| #define HAVE_LINUX_LOOP_H 1
| #define HAVE_SYS_QUEUE_H 1
| #define HAVE_ENDIAN_H 1
| #define HAVE_VASPRINTF 1
| #define HAVE_DECL_GETMNTENT 1
| #define HAVE_DECL_GETMNTINFO 0
| /* end confdefs.h.  */
| 
| #include <stdlib.h>
| #include <iconv.h>
| 
| int
| main ()
| {
| iconv_t cd = iconv_open("","");
|            iconv(cd,NULL,NULL,NULL,NULL);
|            iconv_close(cd);
|   ;
|   return 0;
| }
configure:6254: arm-rockchip830-linux-uclibcgnueabihf-gcc -o conftest -march=armv7-a -mfpu=neon -mfloat-abi=hard -march=armv7-a -mfpu=neon -mfloat-abi=hard  -march=armv7-a -mfpu=neon -mfloat-abi=hard -march=armv7-a -mfpu=neon -mfloat-abi=hard conftest.c  -liconv >&5
conftest.c:39:10: fatal error: iconv.h: No such file or directory
 #include <iconv.h>
          ^~~~~~~~~
compilation terminated.
configure:6254: $? = 1
configure: failed program was:
| /* confdefs.h */
| #define PACKAGE_NAME "dosfstools"
| #define PACKAGE_TARNAME "dosfstools"
| #define PACKAGE_VERSION "4.2"
| #define PACKAGE_STRING "dosfstools 4.2"
| #define PACKAGE_BUGREPORT ""
| #define PACKAGE_URL ""
| #define PACKAGE "dosfstools"
| #define VERSION "4.2"
| #define STDC_HEADERS 1
| #define HAVE_SYS_TYPES_H 1
| #define HAVE_SYS_STAT_H 1
| #define HAVE_STDLIB_H 1
| #define HAVE_STRING_H 1
| #define HAVE_MEMORY_H 1
| #define HAVE_STRINGS_H 1
| #define HAVE_INTTYPES_H 1
| #define HAVE_STDINT_H 1
| #define HAVE_UNISTD_H 1
| #define __EXTENSIONS__ 1
| #define _ALL_SOURCE 1
| #define _GNU_SOURCE 1
| #define _POSIX_PTHREAD_SEMANTICS 1
| #define _TANDEM_SOURCE 1
| #define _FILE_OFFSET_BITS 64
| #define HAVE_ERR_H 1
| #define HAVE_LINUX_FD_H 1
| #define HAVE_LINUX_HDREG_H 1
| #define HAVE_LINUX_VERSION_H 1
| #define HAVE_LINUX_LOOP_H 1
| #define HAVE_SYS_QUEUE_H 1
| #define HAVE_ENDIAN_H 1
| #define HAVE_VASPRINTF 1
| #define HAVE_DECL_GETMNTENT 1
| #define HAVE_DECL_GETMNTINFO 0
| /* end confdefs.h.  */
| 
| #include <stdlib.h>
| #include <iconv.h>
| 
| int
| main ()
| {
| iconv_t cd = iconv_open("","");
|              iconv(cd,NULL,NULL,NULL,NULL);
|              iconv_close(cd);
|   ;
|   return 0;
| }
configure:6264: result: no, consider installing GNU libiconv
configure:6492: checking for xxd
configure:6508: found /usr/bin/xxd
configure:6519: result: yes
configure:6678: checking that generated files are newer than configure
configure:6684: result: done
configure:6719: creating ./config.status

## ---------------------- ##
## Running config.status. ##
## ---------------------- ##

This file was extended by dosfstools config.status 4.2, which was
generated by GNU Autoconf 2.69.  Invocation command line was

  CONFIG_FILES    = 
  CONFIG_HEADERS  = 
  CONFIG_LINKS    = 
  CONFIG_COMMANDS = 
  $ ./config.status 

on DESKTOP-RUMO6US

config.status:804: creating Makefile
config.status:804: creating src/Makefile
config.status:804: creating src/version.h
config.status:804: creating manpages/Makefile
config.status:804: creating manpages/mkfs.fat.8
config.status:804: creating manpages/fsck.fat.8
config.status:804: creating manpages/fatlabel.8
config.status:804: creating tests/Makefile
config.status:976: executing depfiles commands
configure:7852: WARNING: unrecognized options: --disable-gtk-doc, --disable-gtk-doc-html, --disable-doc, --disable-docs, --disable-documentation, --with-xmlto, --with-fop, --enable-ipv6, --disable-nls, --disable-static, --enable-shared, --with-udev

## ---------------- ##
## Cache variables. ##
## ---------------- ##

ac_cv_build=x86_64-pc-linux-gnu
ac_cv_c_compiler_gnu=yes
ac_cv_env_CC_set=
ac_cv_env_CC_value=
ac_cv_env_CFLAGS_set=set
ac_cv_env_CFLAGS_value='-march=armv7-a -mfpu=neon -mfloat-abi=hard -march=armv7-a -mfpu=neon -mfloat-abi=hard'
ac_cv_env_CPPFLAGS_set=
ac_cv_env_CPPFLAGS_value=
ac_cv_env_CPP_set=
ac_cv_env_CPP_value=
ac_cv_env_LDFLAGS_set=set
ac_cv_env_LDFLAGS_value='-march=armv7-a -mfpu=neon -mfloat-abi=hard -march=armv7-a -mfpu=neon -mfloat-abi=hard'
ac_cv_env_LIBS_set=
ac_cv_env_LIBS_value=
ac_cv_env_build_alias_set=
ac_cv_env_build_alias_value=
ac_cv_env_host_alias_set=set
ac_cv_env_host_alias_value=arm-rockchip830-linux-uclibcgnueabihf
ac_cv_env_target_alias_set=set
ac_cv_env_target_alias_value=arm-rockchip830-linux-uclibcgnueabihf
ac_cv_func_vasprintf=yes
ac_cv_have_decl_getmntent=yes
ac_cv_have_decl_getmntinfo=no
ac_cv_header_endian_h=yes
ac_cv_header_err_h=yes
ac_cv_header_inttypes_h=yes
ac_cv_header_libkern_OSByteOrder_h=no
ac_cv_header_linux_fd_h=yes
ac_cv_header_linux_hdreg_h=yes
ac_cv_header_linux_loop_h=yes
ac_cv_header_linux_version_h=yes
ac_cv_header_memory_h=yes
ac_cv_header_minix_config_h=no
ac_cv_header_stdc=yes
ac_cv_header_stdint_h=yes
ac_cv_header_stdlib_h=yes
ac_cv_header_string_h=yes
ac_cv_header_strings_h=yes
ac_cv_header_sys_disk_h=no
ac_cv_header_sys_disklabel_h=no
ac_cv_header_sys_endian_h=no
ac_cv_header_sys_ioccom_h=no
ac_cv_header_sys_mkdev_h=no
ac_cv_header_sys_queue_h=yes
ac_cv_header_sys_stat_h=yes
ac_cv_header_sys_types_h=yes
ac_cv_header_unistd_h=yes
ac_cv_host=arm-rockchip830-linux-uclibcgnueabihf
ac_cv_objext=o
ac_cv_path_EGREP='/usr/bin/grep -E'
ac_cv_path_GREP=/usr/bin/grep
ac_cv_path_install='/usr/bin/install -c'
ac_cv_path_mkdir=/usr/bin/mkdir
ac_cv_prog_AWK=gawk
ac_cv_prog_CC=arm-rockchip830-linux-uclibcgnueabihf-gcc
ac_cv_prog_CPP='arm-rockchip830-linux-uclibcgnueabihf-gcc -E'
ac_cv_prog_STRIP=arm-rockchip830-linux-uclibcgnueabihf-strip
ac_cv_prog_XXD_FOUND=yes
ac_cv_prog_cc_c89=
ac_cv_prog_cc_g=yes
ac_cv_prog_make_make_set=yes
ac_cv_safe_to_define___extensions__=yes
ac_cv_sys_file_offset_bits=64
ac_cv_sys_largefile_CC=no
acl_cv_hardcode_direct=no
acl_cv_hardcode_libdir_flag_spec='${wl}-rpath ${wl}$libdir'
acl_cv_hardcode_libdir_separator=
acl_cv_hardcode_minus_L=no
acl_cv_libext=a
acl_cv_libname_spec='lib$name'
acl_cv_library_names_spec='$libname$shrext'
acl_cv_path_LD=/home/cro/Sdk/luckfox-pico/tools/linux/toolchain/arm-rockchip830-linux-uclibcgnueabihf/arm-rockchip830-linux-uclibcgnueabihf/bin/ld
acl_cv_prog_gnu_ld=yes
acl_cv_rpath=done
acl_cv_shlibext=so
acl_cv_wl=-Wl,
am_cv_CC_dependencies_compiler_type=none
am_cv_func_iconv='no, consider installing GNU libiconv'
am_cv_lib_iconv=no
am_cv_make_support_nested_variables=yes
am_cv_prog_cc_c_o=yes

## ----------------- ##
## Output variables. ##
## ----------------- ##

ACLOCAL='${SHELL} /home/cro/Sdk/luckfox-pico/sysdrv/tools/board/dosfstools/dosfstools-4.2/missing aclocal-1.16'
AMDEPBACKSLASH=''
AMDEP_FALSE=''
AMDEP_TRUE='#'
AMTAR='$${TAR-tar}'
AM_BACKSLASH='\'
AM_DEFAULT_V='$(AM_DEFAULT_VERBOSITY)'
AM_DEFAULT_VERBOSITY='1'
AM_V='$(V)'
AUTOCONF='${SHELL} /home/cro/Sdk/luckfox-pico/sysdrv/tools/board/dosfstools/dosfstools-4.2/missing autoconf'
AUTOHEADER='${SHELL} /home/cro/Sdk/luckfox-pico/sysdrv/tools/board/dosfstools/dosfstools-4.2/missing autoheader'
AUTOMAKE='${SHELL} /home/cro/Sdk/luckfox-pico/sysdrv/tools/board/dosfstools/dosfstools-4.2/missing automake-1.16'
AUTOMAKE_TEST_COMPAT_FALSE=''
AUTOMAKE_TEST_COMPAT_TRUE='#'
AWK='gawk'
CC='arm-rockchip830-linux-uclibcgnueabihf-gcc'
CCDEPMODE='depmode=none'
CFLAGS='-march=armv7-a -mfpu=neon -mfloat-abi=hard -march=armv7-a -mfpu=neon -mfloat-abi=hard'
CHECKATARI='0'
COMPAT_SYMLINKS_FALSE='#'
COMPAT_SYMLINKS_TRUE=''
CPP='arm-rockchip830-linux-uclibcgnueabihf-gcc -E'
CPPFLAGS=''
CYGPATH_W='echo'
DEFS='-DPACKAGE_NAME=\"dosfstools\" -DPACKAGE_TARNAME=\"dosfstools\" -DPACKAGE_VERSION=\"4.2\" -DPACKAGE_STRING=\"dosfstools\ 4.2\" -DPACKAGE_BUGREPORT=\"\" -DPACKAGE_URL=\"\" -DPACKAGE=\"dosfstools\" -DVERSION=\"4.2\" -DSTDC_HEADERS=1 -DHAVE_SYS_TYPES_H=1 -DHAVE_SYS_STAT_H=1 -DHAVE_STDLIB_H=1 -DHAVE_STRING_H=1 -DHAVE_MEMORY_H=1 -DHAVE_STRINGS_H=1 -DHAVE_INTTYPES_H=1 -DHAVE_STDINT_H=1 -DHAVE_UNISTD_H=1 -D__EXTENSIONS__=1 -D_ALL_SOURCE=1 -D_GNU_SOURCE=1 -D_POSIX_PTHREAD_SEMANTICS=1 -D_TANDEM_SOURCE=1 -D_FILE_OFFSET_BITS=64 -DHAVE_ERR_H=1 -DHAVE_LINUX_FD_H=1 -DHAVE_LINUX_HDREG_H=1 -DHAVE_LINUX_VERSION_H=1 -DHAVE_LINUX_LOOP_H=1 -DHAVE_SYS_QUEUE_H=1 -DHAVE_ENDIAN_H=1 -DHAVE_VASPRINTF=1 -DHAVE_DECL_GETMNTENT=1 -DHAVE_DECL_GETMNTINFO=0'
DEPDIR='.deps'
ECHO_C=''
ECHO_N='-n'
ECHO_T=''
EGREP='/usr/bin/grep -E'
EXEEXT=''
GREP='/usr/bin/grep'
INSTALL_DATA='${INSTALL} -m 644'
INSTALL_PROGRAM='${INSTALL}'
INSTALL_SCRIPT='${INSTALL}'
INSTALL_STRIP_PROGRAM='$(install_sh) -c -s'
LDFLAGS='-march=armv7-a -mfpu=neon -mfloat-abi=hard -march=armv7-a -mfpu=neon -mfloat-abi=hard'
LIBICONV=''
LIBOBJS=''
LIBS=''
LN_S='ln -s'
LTLIBICONV=''
LTLIBOBJS=''
MAKEINFO='${SHELL} /home/cro/Sdk/luckfox-pico/sysdrv/tools/board/dosfstools/dosfstools-4.2/missing makeinfo'
MKDIR_P='/usr/bin/mkdir -p'
OBJEXT='o'
PACKAGE='dosfstools'
PACKAGE_BUGREPORT=''
PACKAGE_NAME='dosfstools'
PACKAGE_STRING='dosfstools 4.2'
PACKAGE_TARNAME='dosfstools'
PACKAGE_URL=''
PACKAGE_VERSION='4.2'
PATH_SEPARATOR=':'
RELEASE_DATE='2021-01-31'
SET_MAKE=''
SHELL='/bin/bash'
STRIP='arm-rockchip830-linux-uclibcgnueabihf-strip'
VERSION='4.2'
XXD_FOUND='yes'
ac_ct_CC=''
am__EXEEXT_FALSE=''
am__EXEEXT_TRUE='#'
am__fastdepCC_FALSE=''
am__fastdepCC_TRUE='#'
am__include='include'
am__isrc=''
am__leading_dot='.'
am__nodep=''
am__quote=''
am__tar='$${TAR-tar} chof - "$$tardir"'
am__untar='$${TAR-tar} xf -'
bindir='${exec_prefix}/bin'
build='x86_64-pc-linux-gnu'
build_alias=''
build_cpu='x86_64'
build_os='linux-gnu'
build_vendor='pc'
datadir='${datarootdir}'
datarootdir='${prefix}/share'
docdir='${datarootdir}/doc/${PACKAGE_TARNAME}'
dvidir='${docdir}'
exec_prefix='${prefix}'
host='arm-rockchip830-linux-uclibcgnueabihf'
host_alias='arm-rockchip830-linux-uclibcgnueabihf'
host_cpu='arm'
host_os='linux-uclibcgnueabihf'
host_vendor='rockchip830'
htmldir='${docdir}'
includedir='${prefix}/include'
infodir='${datarootdir}/info'
install_sh='${SHELL} /home/cro/Sdk/luckfox-pico/sysdrv/tools/board/dosfstools/dosfstools-4.2/install-sh'
libdir='${exec_prefix}/lib'
libexecdir='${exec_prefix}/libexec'
localedir='${datarootdir}/locale'
localstatedir='${prefix}/var'
mandir='${datarootdir}/man'
mkdir_p='$(MKDIR_P)'
oldincludedir='/usr/include'
pdfdir='${docdir}'
prefix='/home/cro/Sdk/luckfox-pico/sysdrv/tools/board/dosfstools/out'
program_transform_name='s,x,x,'
psdir='${docdir}'
runstatedir='${localstatedir}/run'
sbindir='${exec_prefix}/sbin'
sharedstatedir='${prefix}/com'
sysconfdir='${prefix}/etc'
target_alias='arm-rockchip830-linux-uclibcgnueabihf'

## ----------- ##
## confdefs.h. ##
## ----------- ##

/* confdefs.h */
#define PACKAGE_NAME "dosfstools"
#define PACKAGE_TARNAME "dosfstools"
#define PACKAGE_VERSION "4.2"
#define PACKAGE_STRING "dosfstools 4.2"
#define PACKAGE_BUGREPORT ""
#define PACKAGE_URL ""
#define PACKAGE "dosfstools"
#define VERSION "4.2"
#define STDC_HEADERS 1
#define HAVE_SYS_TYPES_H 1
#define HAVE_SYS_STAT_H 1
#define HAVE_STDLIB_H 1
#define HAVE_STRING_H 1
#define HAVE_MEMORY_H 1
#define HAVE_STRINGS_H 1
#define HAVE_INTTYPES_H 1
#define HAVE_STDINT_H 1
#define HAVE_UNISTD_H 1
#define __EXTENSIONS__ 1
#define _ALL_SOURCE 1
#define _GNU_SOURCE 1
#define _POSIX_PTHREAD_SEMANTICS 1
#define _TANDEM_SOURCE 1
#define _FILE_OFFSET_BITS 64
#define HAVE_ERR_H 1
#define HAVE_LINUX_FD_H 1
#define HAVE_LINUX_HDREG_H 1
#define HAVE_LINUX_VERSION_H 1
#define HAVE_LINUX_LOOP_H 1
#define HAVE_SYS_QUEUE_H 1
#define HAVE_ENDIAN_H 1
#define HAVE_VASPRINTF 1
#define HAVE_DECL_GETMNTENT 1
#define HAVE_DECL_GETMNTINFO 0

configure: exit 0
