This file contains any messages produced by compilers while
running configure, to aid debugging if configure makes a mistake.

It was created by configure, which was
generated by GNU Autoconf 2.69.  Invocation command line was

  $ /home/cro/Sdk/luckfox-pico/sysdrv/tools/board/gdb/gdb-10.2/etc/configure --srcdir=.././etc --cache-file=./config.cache --prefix=/home/cro/Sdk/luckfox-pico/sysdrv/tools/board/gdb/gdb-10.2/out --disable-gtk-doc --disable-gtk-doc-html --disable-doc --disable-docs --disable-documentation --with-xmlto=no --with-fop=no --disable-dependency-tracking --enable-ipv6 --disable-nls --disable-static --enable-shared --without-uiout --disable-gdbtk --without-x --disable-sim --disable-binutils --disable-install-libbfd --disable-ld --disable-gas --enable-gdbserver --with-curses --without-included-gettext --disable-werror --enable-static --without-mpfr --disable-tui --without-python --without-lzma --with-expat --with-libexpat-prefix=/home/cro/Sdk/luckfox-pico/sysdrv/tools/board/gdb/expat-2.4.1/out --with-zlib --program-transform-name=s,y,y, --disable-option-checking --build=x86_64-pc-linux-gnu --host=arm-rockchip830-linux-uclibcgnueabihf --target=arm-rockchip830-linux-uclibcgnueabihf

## --------- ##
## Platform. ##
## --------- ##

hostname = DESKTOP-RUMO6US
uname -m = x86_64
uname -r = 5.15.153.1-microsoft-standard-WSL2
uname -s = Linux
uname -v = #1 SMP Fri Mar 29 23:14:13 UTC 2024

/usr/bin/uname -p = x86_64
/bin/uname -X     = unknown

/bin/arch              = x86_64
/usr/bin/arch -k       = unknown
/usr/convex/getsysinfo = unknown
/usr/bin/hostinfo      = unknown
/bin/machine           = unknown
/usr/bin/oslevel       = unknown
/bin/universe          = unknown

PATH: /home/cro/Sdk/luckfox-pico/sysdrv/tools/pc/toolkits
PATH: /home/cro/Sdk/luckfox-pico/sysdrv/tools/pc/uboot_tools
PATH: /home/cro/Sdk/luckfox-pico/sysdrv/out/bin/pc
PATH: /home/cro/Sdk/luckfox-pico/sysdrv/tools/pc/toolkits
PATH: /home/cro/Sdk/luckfox-pico/sysdrv/tools/pc/uboot_tools
PATH: /home/cro/Sdk/luckfox-pico/sysdrv/out/bin/pc
PATH: /home/cro/Sdk/luckfox-pico/tools/linux/toolchain/arm-rockchip830-linux-uclibcgnueabihf/bin
PATH: /home/cro/Sdk/luckfox-pico/output/out/sysdrv_out/pc
PATH: /home/cro/miniconda3/bin
PATH: /home/cro/miniconda3/condabin
PATH: /usr/local/sbin
PATH: /usr/local/bin
PATH: /usr/sbin
PATH: /usr/bin
PATH: /sbin
PATH: /bin
PATH: /usr/games
PATH: /usr/local/games
PATH: /usr/lib/wsl/lib
PATH: /home/cro/Sdk/luckfox-pico/tools/linux/toolchain/arm-rockchip830-linux-uclibcgnueabihf/bin
PATH: /opt/gcc-linaro-11.3.1-2022.06-x86_64_arm-linux-gnueabihf/bin
PATH: /home/cro/doc/clipboard-provider
PATH: /home/cro/Sdk/luckfox-pico/sysdrv/source/kernel/scripts/dtc


## ----------- ##
## Core tests. ##
## ----------- ##

configure:1603: creating cache ./config.cache
configure:1720: checking for a BSD-compatible install
configure:1788: result: /usr/bin/install -c
configure:1879: updating cache ./config.cache
configure:1964: creating ./config.status

## ---------------------- ##
## Running config.status. ##
## ---------------------- ##

This file was extended by config.status, which was
generated by GNU Autoconf 2.69.  Invocation command line was

  CONFIG_FILES    = 
  CONFIG_HEADERS  = 
  CONFIG_LINKS    = 
  CONFIG_COMMANDS = 
  $ ./config.status 

on DESKTOP-RUMO6US

config.status:716: creating Makefile

## ---------------- ##
## Cache variables. ##
## ---------------- ##

ac_cv_env_build_alias_set=set
ac_cv_env_build_alias_value=x86_64-pc-linux-gnu
ac_cv_env_host_alias_set=set
ac_cv_env_host_alias_value=arm-rockchip830-linux-uclibcgnueabihf
ac_cv_env_target_alias_set=set
ac_cv_env_target_alias_value=arm-rockchip830-linux-uclibcgnueabihf

## ----------------- ##
## Output variables. ##
## ----------------- ##

DEFS='-DPACKAGE_NAME=\"\" -DPACKAGE_TARNAME=\"\" -DPACKAGE_VERSION=\"\" -DPACKAGE_STRING=\"\" -DPACKAGE_BUGREPORT=\"\" -DPACKAGE_URL=\"\"'
ECHO_C=''
ECHO_N='-n'
ECHO_T=''
INSTALL_DATA='/usr/bin/install -c -m 644'
INSTALL_PROGRAM='/usr/bin/install -c'
INSTALL_SCRIPT='/usr/bin/install -c'
LIBOBJS=''
LIBS=''
LTLIBOBJS=''
MAINT='#'
PACKAGE_BUGREPORT=''
PACKAGE_NAME=''
PACKAGE_STRING=''
PACKAGE_TARNAME=''
PACKAGE_URL=''
PACKAGE_VERSION=''
PATH_SEPARATOR=':'
SHELL='/bin/bash'
bindir='${exec_prefix}/bin'
build_alias='x86_64-pc-linux-gnu'
datadir='${datarootdir}'
datarootdir='${prefix}/share'
docdir='${datarootdir}/doc/${PACKAGE}'
dvidir='${docdir}'
exec_prefix='${prefix}'
host_alias='arm-rockchip830-linux-uclibcgnueabihf'
htmldir='${docdir}'
includedir='${prefix}/include'
infodir='${datarootdir}/info'
libdir='${exec_prefix}/lib'
libexecdir='${exec_prefix}/libexec'
localedir='${datarootdir}/locale'
localstatedir='${prefix}/var'
mandir='${datarootdir}/man'
oldincludedir='/usr/include'
pdfdir='${docdir}'
prefix='/home/cro/Sdk/luckfox-pico/sysdrv/tools/board/gdb/gdb-10.2/out'
program_transform_name='s,y,y,'
psdir='${docdir}'
sbindir='${exec_prefix}/sbin'
sharedstatedir='${prefix}/com'
sysconfdir='${prefix}/etc'
target_alias='arm-rockchip830-linux-uclibcgnueabihf'

## ----------- ##
## confdefs.h. ##
## ----------- ##

/* confdefs.h */
#define PACKAGE_NAME ""
#define PACKAGE_TARNAME ""
#define PACKAGE_VERSION ""
#define PACKAGE_STRING ""
#define PACKAGE_BUGREPORT ""
#define PACKAGE_URL ""

configure: exit 0
