This file contains any messages produced by compilers while
running configure, to aid debugging if configure makes a mistake.

It was created by zlib configure 1.1.4, which was
generated by GNU Autoconf 2.69.  Invocation command line was

  $ /home/cro/Sdk/luckfox-pico/sysdrv/tools/board/gdb/gdb-10.2/zlib/configure --srcdir=.././zlib --cache-file=./config.cache --prefix=/home/cro/Sdk/luckfox-pico/sysdrv/tools/board/gdb/gdb-10.2/out --disable-gtk-doc --disable-gtk-doc-html --disable-doc --disable-docs --disable-documentation --with-xmlto=no --with-fop=no --disable-dependency-tracking --enable-ipv6 --disable-nls --disable-static --enable-shared --without-uiout --disable-gdbtk --without-x --disable-sim --disable-binutils --disable-install-libbfd --disable-ld --disable-gas --enable-gdbserver --with-curses --without-included-gettext --disable-werror --enable-static --without-mpfr --disable-tui --without-python --without-lzma --with-expat --with-libexpat-prefix=/home/cro/Sdk/luckfox-pico/sysdrv/tools/board/gdb/expat-2.4.1/out --with-zlib --program-transform-name=s,y,y, --disable-option-checking --build=x86_64-pc-linux-gnu --host=arm-rockchip830-linux-uclibcgnueabihf --target=arm-rockchip830-linux-uclibcgnueabihf --enable-host-shared

## --------- ##
## Platform. ##
## --------- ##

hostname = DESKTOP-RUMO6US
uname -m = x86_64
uname -r = 5.15.153.1-microsoft-standard-WSL2
uname -s = Linux
uname -v = #1 SMP Fri Mar 29 23:14:13 UTC 2024

/usr/bin/uname -p = x86_64
/bin/uname -X     = unknown

/bin/arch              = x86_64
/usr/bin/arch -k       = unknown
/usr/convex/getsysinfo = unknown
/usr/bin/hostinfo      = unknown
/bin/machine           = unknown
/usr/bin/oslevel       = unknown
/bin/universe          = unknown

PATH: /home/cro/Sdk/luckfox-pico/sysdrv/tools/pc/toolkits
PATH: /home/cro/Sdk/luckfox-pico/sysdrv/tools/pc/uboot_tools
PATH: /home/cro/Sdk/luckfox-pico/sysdrv/out/bin/pc
PATH: /home/cro/Sdk/luckfox-pico/sysdrv/tools/pc/toolkits
PATH: /home/cro/Sdk/luckfox-pico/sysdrv/tools/pc/uboot_tools
PATH: /home/cro/Sdk/luckfox-pico/sysdrv/out/bin/pc
PATH: /home/cro/Sdk/luckfox-pico/tools/linux/toolchain/arm-rockchip830-linux-uclibcgnueabihf/bin
PATH: /home/cro/Sdk/luckfox-pico/output/out/sysdrv_out/pc
PATH: /home/cro/miniconda3/bin
PATH: /home/cro/miniconda3/condabin
PATH: /usr/local/sbin
PATH: /usr/local/bin
PATH: /usr/sbin
PATH: /usr/bin
PATH: /sbin
PATH: /bin
PATH: /usr/games
PATH: /usr/local/games
PATH: /usr/lib/wsl/lib
PATH: /home/cro/Sdk/luckfox-pico/tools/linux/toolchain/arm-rockchip830-linux-uclibcgnueabihf/bin
PATH: /opt/gcc-linaro-11.3.1-2022.06-x86_64_arm-linux-gnueabihf/bin
PATH: /home/cro/doc/clipboard-provider
PATH: /home/cro/Sdk/luckfox-pico/sysdrv/source/kernel/scripts/dtc


## ----------- ##
## Core tests. ##
## ----------- ##

configure:2151: creating cache ./config.cache
configure:2305: checking build system type
configure:2319: result: x86_64-pc-linux-gnu
configure:2339: checking host system type
configure:2352: result: arm-rockchip830-linux-uclibcgnueabihf
configure:2372: checking target system type
configure:2385: result: arm-rockchip830-linux-uclibcgnueabihf
configure:2433: checking for a BSD-compatible install
configure:2501: result: /usr/bin/install -c
configure:2512: checking whether build environment is sane
configure:2567: result: yes
configure:2626: checking for arm-rockchip830-linux-uclibcgnueabihf-strip
configure:2642: found /home/cro/Sdk/luckfox-pico/tools/linux/toolchain/arm-rockchip830-linux-uclibcgnueabihf/bin/arm-rockchip830-linux-uclibcgnueabihf-strip
configure:2653: result: arm-rockchip830-linux-uclibcgnueabihf-strip
configure:2718: checking for a thread-safe mkdir -p
configure:2757: result: /usr/bin/mkdir -p
configure:2764: checking for gawk
configure:2791: result: gawk
configure:2802: checking whether make sets $(MAKE)
configure:2824: result: yes
configure:2853: checking whether make supports nested variables
configure:2870: result: yes
configure:2998: checking whether to enable maintainer-specific portions of Makefiles
configure:3007: result: no
configure:3078: checking for arm-rockchip830-linux-uclibcgnueabihf-gcc
configure:3105: result: arm-rockchip830-linux-uclibcgnueabihf-gcc
configure:3374: checking for C compiler version
configure:3383: arm-rockchip830-linux-uclibcgnueabihf-gcc --version >&5
arm-rockchip830-linux-uclibcgnueabihf-gcc (crosstool-NG 1.24.0) 8.3.0
Copyright (C) 2018 Free Software Foundation, Inc.
This is free software; see the source for copying conditions.  There is NO
warranty; not even for MERCHANTABILITY or FITNESS FOR A PARTICULAR PURPOSE.

configure:3394: $? = 0
configure:3383: arm-rockchip830-linux-uclibcgnueabihf-gcc -v >&5
Using built-in specs.
COLLECT_GCC=arm-rockchip830-linux-uclibcgnueabihf-gcc
COLLECT_LTO_WRAPPER=/home/cro/Sdk/luckfox-pico/tools/linux/toolchain/arm-rockchip830-linux-uclibcgnueabihf/bin/../libexec/gcc/arm-rockchip830-linux-uclibcgnueabihf/8.3.0/lto-wrapper
Target: arm-rockchip830-linux-uclibcgnueabihf
Configured with: /opt/.build/arm-rockchip830-linux-uclibcgnueabihf/src/gcc/configure --build=x86_64-build_pc-linux-gnu --host=x86_64-build_pc-linux-gnu --target=arm-rockchip830-linux-uclibcgnueabihf --prefix=/opt/x-tool/arm-rockchip830-linux-uclibcgnueabihf --with-sysroot=/opt/x-tool/arm-rockchip830-linux-uclibcgnueabihf/arm-rockchip830-linux-uclibcgnueabihf/sysroot --enable-languages=c,c++ --with-arch=armv7-a --with-fpu=neon-vfpv4 --with-float=hard --with-pkgversion='crosstool-NG 1.24.0' --enable-__cxa_atexit --disable-libmudflap --disable-libgomp --disable-libssp --disable-libquadmath --disable-libquadmath-support --disable-libsanitizer --disable-libmpx --with-gmp=/opt/.build/arm-rockchip830-linux-uclibcgnueabihf/buildtools --with-mpfr=/opt/.build/arm-rockchip830-linux-uclibcgnueabihf/buildtools --with-mpc=/opt/.build/arm-rockchip830-linux-uclibcgnueabihf/buildtools --with-isl=/opt/.build/arm-rockchip830-linux-uclibcgnueabihf/buildtools --enable-lto --with-host-libstdcxx='-static-libgcc -Wl,-Bstatic,-lstdc++,-Bdynamic -lm' --enable-threads=posix --enable-target-optspace --enable-plugin --enable-gold --disable-nls --disable-multilib --with-local-prefix=/opt/x-tool/arm-rockchip830-linux-uclibcgnueabihf/arm-rockchip830-linux-uclibcgnueabihf/sysroot --enable-long-long
Thread model: posix
gcc version 8.3.0 (crosstool-NG 1.24.0) 
configure:3394: $? = 0
configure:3383: arm-rockchip830-linux-uclibcgnueabihf-gcc -V >&5
arm-rockchip830-linux-uclibcgnueabihf-gcc: error: unrecognized command line option '-V'
arm-rockchip830-linux-uclibcgnueabihf-gcc: fatal error: no input files
compilation terminated.
configure:3394: $? = 1
configure:3383: arm-rockchip830-linux-uclibcgnueabihf-gcc -qversion >&5
arm-rockchip830-linux-uclibcgnueabihf-gcc: error: unrecognized command line option '-qversion'; did you mean '--version'?
arm-rockchip830-linux-uclibcgnueabihf-gcc: fatal error: no input files
compilation terminated.
configure:3394: $? = 1
configure:3410: arm-rockchip830-linux-uclibcgnueabihf-gcc -o conftest -D_LARGEFILE_SOURCE -D_LARGEFILE64_SOURCE -D_FILE_OFFSET_BITS=64 -Os -march=armv7-a -mfpu=neon -mfloat-abi=hard -march=armv7-a -mfpu=neon -mfloat-abi=hard -mthumb -Wa,-mimplicit-it=thumb -mthumb-interwork   -D_LARGEFILE_SOURCE -D_LARGEFILE64_SOURCE -D_FILE_OFFSET_BITS=64 -Os -march=armv7-a -mfpu=neon -mfloat-abi=hard -march=armv7-a -mfpu=neon -mfloat-abi=hard -mthumb -Wa,-mimplicit-it=thumb -mthumb-interwork conftest.c  >&5
configure:3413: $? = 0
configure:3442: checking whether the C compiler works
configure:3464: arm-rockchip830-linux-uclibcgnueabihf-gcc -D_LARGEFILE_SOURCE -D_LARGEFILE64_SOURCE -D_FILE_OFFSET_BITS=64 -Os -march=armv7-a -mfpu=neon -mfloat-abi=hard -march=armv7-a -mfpu=neon -mfloat-abi=hard -mthumb -Wa,-mimplicit-it=thumb -mthumb-interwork   -D_LARGEFILE_SOURCE -D_LARGEFILE64_SOURCE -D_FILE_OFFSET_BITS=64 -Os -march=armv7-a -mfpu=neon -mfloat-abi=hard -march=armv7-a -mfpu=neon -mfloat-abi=hard -mthumb -Wa,-mimplicit-it=thumb -mthumb-interwork conftest.c  >&5
configure:3468: $? = 0
configure:3516: result: yes
configure:3519: checking for C compiler default output file name
configure:3521: result: a.out
configure:3527: checking for suffix of executables
configure:3534: arm-rockchip830-linux-uclibcgnueabihf-gcc -o conftest -D_LARGEFILE_SOURCE -D_LARGEFILE64_SOURCE -D_FILE_OFFSET_BITS=64 -Os -march=armv7-a -mfpu=neon -mfloat-abi=hard -march=armv7-a -mfpu=neon -mfloat-abi=hard -mthumb -Wa,-mimplicit-it=thumb -mthumb-interwork   -D_LARGEFILE_SOURCE -D_LARGEFILE64_SOURCE -D_FILE_OFFSET_BITS=64 -Os -march=armv7-a -mfpu=neon -mfloat-abi=hard -march=armv7-a -mfpu=neon -mfloat-abi=hard -mthumb -Wa,-mimplicit-it=thumb -mthumb-interwork conftest.c  >&5
configure:3538: $? = 0
configure:3560: result: 
configure:3582: checking whether we are cross compiling
configure:3620: result: yes
configure:3626: checking for suffix of object files
configure:3648: arm-rockchip830-linux-uclibcgnueabihf-gcc -c -D_LARGEFILE_SOURCE -D_LARGEFILE64_SOURCE -D_FILE_OFFSET_BITS=64 -Os -march=armv7-a -mfpu=neon -mfloat-abi=hard -march=armv7-a -mfpu=neon -mfloat-abi=hard -mthumb -Wa,-mimplicit-it=thumb -mthumb-interwork  conftest.c >&5
configure:3652: $? = 0
configure:3673: result: o
configure:3677: checking whether we are using the GNU C compiler
configure:3696: arm-rockchip830-linux-uclibcgnueabihf-gcc -c -D_LARGEFILE_SOURCE -D_LARGEFILE64_SOURCE -D_FILE_OFFSET_BITS=64 -Os -march=armv7-a -mfpu=neon -mfloat-abi=hard -march=armv7-a -mfpu=neon -mfloat-abi=hard -mthumb -Wa,-mimplicit-it=thumb -mthumb-interwork  conftest.c >&5
configure:3696: $? = 0
configure:3705: result: yes
configure:3714: checking whether arm-rockchip830-linux-uclibcgnueabihf-gcc accepts -g
configure:3734: arm-rockchip830-linux-uclibcgnueabihf-gcc -c -g  conftest.c >&5
configure:3734: $? = 0
configure:3775: result: yes
configure:3792: checking for arm-rockchip830-linux-uclibcgnueabihf-gcc option to accept ISO C89
configure:3855: arm-rockchip830-linux-uclibcgnueabihf-gcc  -c -D_LARGEFILE_SOURCE -D_LARGEFILE64_SOURCE -D_FILE_OFFSET_BITS=64 -Os -march=armv7-a -mfpu=neon -mfloat-abi=hard -march=armv7-a -mfpu=neon -mfloat-abi=hard -mthumb -Wa,-mimplicit-it=thumb -mthumb-interwork  conftest.c >&5
configure:3855: $? = 0
configure:3868: result: none needed
configure:3893: checking whether arm-rockchip830-linux-uclibcgnueabihf-gcc understands -c and -o together
configure:3915: arm-rockchip830-linux-uclibcgnueabihf-gcc -c conftest.c -o conftest2.o
configure:3918: $? = 0
configure:3915: arm-rockchip830-linux-uclibcgnueabihf-gcc -c conftest.c -o conftest2.o
configure:3918: $? = 0
configure:3930: result: yes
configure:3958: checking for style of include used by make
configure:3986: result: GNU
configure:4012: checking dependency style of arm-rockchip830-linux-uclibcgnueabihf-gcc
configure:4123: result: none
configure:4188: checking how to print strings
configure:4215: result: printf
configure:4236: checking for a sed that does not truncate output
configure:4300: result: /usr/bin/sed
configure:4318: checking for grep that handles long lines and -e
configure:4376: result: /usr/bin/grep
configure:4381: checking for egrep
configure:4443: result: /usr/bin/grep -E
configure:4448: checking for fgrep
configure:4510: result: /usr/bin/grep -F
configure:4545: checking for ld used by arm-rockchip830-linux-uclibcgnueabihf-gcc
configure:4612: result: /home/cro/Sdk/luckfox-pico/tools/linux/toolchain/arm-rockchip830-linux-uclibcgnueabihf/bin/../lib/gcc/arm-rockchip830-linux-uclibcgnueabihf/8.3.0/../../../../arm-rockchip830-linux-uclibcgnueabihf/bin/ld
configure:4619: checking if the linker (/home/cro/Sdk/luckfox-pico/tools/linux/toolchain/arm-rockchip830-linux-uclibcgnueabihf/bin/../lib/gcc/arm-rockchip830-linux-uclibcgnueabihf/8.3.0/../../../../arm-rockchip830-linux-uclibcgnueabihf/bin/ld) is GNU ld
configure:4634: result: yes
configure:4646: checking for BSD- or MS-compatible name lister (nm)
configure:4695: result: arm-rockchip830-linux-uclibcgnueabihf-nm
configure:4825: checking the name lister (arm-rockchip830-linux-uclibcgnueabihf-nm) interface
configure:4832: arm-rockchip830-linux-uclibcgnueabihf-gcc -c -D_LARGEFILE_SOURCE -D_LARGEFILE64_SOURCE -D_FILE_OFFSET_BITS=64 -Os -march=armv7-a -mfpu=neon -mfloat-abi=hard -march=armv7-a -mfpu=neon -mfloat-abi=hard -mthumb -Wa,-mimplicit-it=thumb -mthumb-interwork  conftest.c >&5
configure:4835: arm-rockchip830-linux-uclibcgnueabihf-nm "conftest.o"
configure:4838: output
00000000 B some_variable
configure:4845: result: BSD nm
configure:4848: checking whether ln -s works
configure:4852: result: yes
configure:4860: checking the maximum length of command line arguments
configure:4985: result: 1572864
configure:5002: checking whether the shell understands some XSI constructs
configure:5012: result: yes
configure:5016: checking whether the shell understands "+="
configure:5022: result: yes
configure:5057: checking for /home/cro/Sdk/luckfox-pico/tools/linux/toolchain/arm-rockchip830-linux-uclibcgnueabihf/bin/../lib/gcc/arm-rockchip830-linux-uclibcgnueabihf/8.3.0/../../../../arm-rockchip830-linux-uclibcgnueabihf/bin/ld option to reload object files
configure:5064: result: -r
configure:5093: checking for arm-rockchip830-linux-uclibcgnueabihf-objdump
configure:5120: result: arm-rockchip830-linux-uclibcgnueabihf-objdump
configure:5192: checking how to recognize dependent libraries
configure:5393: result: pass_all
configure:5413: checking for arm-rockchip830-linux-uclibcgnueabihf-ar
configure:5440: result: arm-rockchip830-linux-uclibcgnueabihf-ar
configure:5518: checking for arm-rockchip830-linux-uclibcgnueabihf-strip
configure:5545: result: arm-rockchip830-linux-uclibcgnueabihf-strip
configure:5617: checking for arm-rockchip830-linux-uclibcgnueabihf-ranlib
configure:5644: result: arm-rockchip830-linux-uclibcgnueabihf-ranlib
configure:5786: checking command to parse arm-rockchip830-linux-uclibcgnueabihf-nm output from arm-rockchip830-linux-uclibcgnueabihf-gcc object
configure:5904: arm-rockchip830-linux-uclibcgnueabihf-gcc -c -D_LARGEFILE_SOURCE -D_LARGEFILE64_SOURCE -D_FILE_OFFSET_BITS=64 -Os -march=armv7-a -mfpu=neon -mfloat-abi=hard -march=armv7-a -mfpu=neon -mfloat-abi=hard -mthumb -Wa,-mimplicit-it=thumb -mthumb-interwork  conftest.c >&5
configure:5907: $? = 0
configure:5911: arm-rockchip830-linux-uclibcgnueabihf-nm conftest.o \| sed -n -e 's/^.*[ ]\([ABCDGIRSTW][ABCDGIRSTW]*\)[ ][ ]*\([_A-Za-z][_A-Za-z0-9]*\)$/\1 \2 \2/p' \> conftest.nm
configure:5914: $? = 0
configure:5968: arm-rockchip830-linux-uclibcgnueabihf-gcc -o conftest -D_LARGEFILE_SOURCE -D_LARGEFILE64_SOURCE -D_FILE_OFFSET_BITS=64 -Os -march=armv7-a -mfpu=neon -mfloat-abi=hard -march=armv7-a -mfpu=neon -mfloat-abi=hard -mthumb -Wa,-mimplicit-it=thumb -mthumb-interwork   -D_LARGEFILE_SOURCE -D_LARGEFILE64_SOURCE -D_FILE_OFFSET_BITS=64 -Os -march=armv7-a -mfpu=neon -mfloat-abi=hard -march=armv7-a -mfpu=neon -mfloat-abi=hard -mthumb -Wa,-mimplicit-it=thumb -mthumb-interwork conftest.c conftstm.o >&5
configure:5971: $? = 0
configure:6009: result: ok
configure:6867: checking how to run the C preprocessor
configure:6898: arm-rockchip830-linux-uclibcgnueabihf-gcc -E  conftest.c
configure:6898: $? = 0
configure:6912: arm-rockchip830-linux-uclibcgnueabihf-gcc -E  conftest.c
conftest.c:11:10: fatal error: ac_nonexistent.h: No such file or directory
 #include <ac_nonexistent.h>
          ^~~~~~~~~~~~~~~~~~
compilation terminated.
configure:6912: $? = 1
configure: failed program was:
| /* confdefs.h */
| #define PACKAGE_NAME "zlib"
| #define PACKAGE_TARNAME "zlib"
| #define PACKAGE_VERSION "1.1.4"
| #define PACKAGE_STRING "zlib 1.1.4"
| #define PACKAGE_BUGREPORT ""
| #define PACKAGE_URL ""
| #define PACKAGE "zlib"
| #define VERSION "1.1.4"
| /* end confdefs.h.  */
| #include <ac_nonexistent.h>
configure:6937: result: arm-rockchip830-linux-uclibcgnueabihf-gcc -E
configure:6957: arm-rockchip830-linux-uclibcgnueabihf-gcc -E  conftest.c
configure:6957: $? = 0
configure:6971: arm-rockchip830-linux-uclibcgnueabihf-gcc -E  conftest.c
conftest.c:11:10: fatal error: ac_nonexistent.h: No such file or directory
 #include <ac_nonexistent.h>
          ^~~~~~~~~~~~~~~~~~
compilation terminated.
configure:6971: $? = 1
configure: failed program was:
| /* confdefs.h */
| #define PACKAGE_NAME "zlib"
| #define PACKAGE_TARNAME "zlib"
| #define PACKAGE_VERSION "1.1.4"
| #define PACKAGE_STRING "zlib 1.1.4"
| #define PACKAGE_BUGREPORT ""
| #define PACKAGE_URL ""
| #define PACKAGE "zlib"
| #define VERSION "1.1.4"
| /* end confdefs.h.  */
| #include <ac_nonexistent.h>
configure:7000: checking for ANSI C header files
configure:7020: arm-rockchip830-linux-uclibcgnueabihf-gcc -c -D_LARGEFILE_SOURCE -D_LARGEFILE64_SOURCE -D_FILE_OFFSET_BITS=64 -Os -march=armv7-a -mfpu=neon -mfloat-abi=hard -march=armv7-a -mfpu=neon -mfloat-abi=hard -mthumb -Wa,-mimplicit-it=thumb -mthumb-interwork  conftest.c >&5
configure:7020: $? = 0
configure:7104: result: yes
configure:7117: checking for sys/types.h
configure:7117: arm-rockchip830-linux-uclibcgnueabihf-gcc -c -D_LARGEFILE_SOURCE -D_LARGEFILE64_SOURCE -D_FILE_OFFSET_BITS=64 -Os -march=armv7-a -mfpu=neon -mfloat-abi=hard -march=armv7-a -mfpu=neon -mfloat-abi=hard -mthumb -Wa,-mimplicit-it=thumb -mthumb-interwork  conftest.c >&5
configure:7117: $? = 0
configure:7117: result: yes
configure:7117: checking for sys/stat.h
configure:7117: arm-rockchip830-linux-uclibcgnueabihf-gcc -c -D_LARGEFILE_SOURCE -D_LARGEFILE64_SOURCE -D_FILE_OFFSET_BITS=64 -Os -march=armv7-a -mfpu=neon -mfloat-abi=hard -march=armv7-a -mfpu=neon -mfloat-abi=hard -mthumb -Wa,-mimplicit-it=thumb -mthumb-interwork  conftest.c >&5
configure:7117: $? = 0
configure:7117: result: yes
configure:7117: checking for stdlib.h
configure:7117: arm-rockchip830-linux-uclibcgnueabihf-gcc -c -D_LARGEFILE_SOURCE -D_LARGEFILE64_SOURCE -D_FILE_OFFSET_BITS=64 -Os -march=armv7-a -mfpu=neon -mfloat-abi=hard -march=armv7-a -mfpu=neon -mfloat-abi=hard -mthumb -Wa,-mimplicit-it=thumb -mthumb-interwork  conftest.c >&5
configure:7117: $? = 0
configure:7117: result: yes
configure:7117: checking for string.h
configure:7117: arm-rockchip830-linux-uclibcgnueabihf-gcc -c -D_LARGEFILE_SOURCE -D_LARGEFILE64_SOURCE -D_FILE_OFFSET_BITS=64 -Os -march=armv7-a -mfpu=neon -mfloat-abi=hard -march=armv7-a -mfpu=neon -mfloat-abi=hard -mthumb -Wa,-mimplicit-it=thumb -mthumb-interwork  conftest.c >&5
configure:7117: $? = 0
configure:7117: result: yes
configure:7117: checking for memory.h
configure:7117: arm-rockchip830-linux-uclibcgnueabihf-gcc -c -D_LARGEFILE_SOURCE -D_LARGEFILE64_SOURCE -D_FILE_OFFSET_BITS=64 -Os -march=armv7-a -mfpu=neon -mfloat-abi=hard -march=armv7-a -mfpu=neon -mfloat-abi=hard -mthumb -Wa,-mimplicit-it=thumb -mthumb-interwork  conftest.c >&5
configure:7117: $? = 0
configure:7117: result: yes
configure:7117: checking for strings.h
configure:7117: arm-rockchip830-linux-uclibcgnueabihf-gcc -c -D_LARGEFILE_SOURCE -D_LARGEFILE64_SOURCE -D_FILE_OFFSET_BITS=64 -Os -march=armv7-a -mfpu=neon -mfloat-abi=hard -march=armv7-a -mfpu=neon -mfloat-abi=hard -mthumb -Wa,-mimplicit-it=thumb -mthumb-interwork  conftest.c >&5
configure:7117: $? = 0
configure:7117: result: yes
configure:7117: checking for inttypes.h
configure:7117: arm-rockchip830-linux-uclibcgnueabihf-gcc -c -D_LARGEFILE_SOURCE -D_LARGEFILE64_SOURCE -D_FILE_OFFSET_BITS=64 -Os -march=armv7-a -mfpu=neon -mfloat-abi=hard -march=armv7-a -mfpu=neon -mfloat-abi=hard -mthumb -Wa,-mimplicit-it=thumb -mthumb-interwork  conftest.c >&5
configure:7117: $? = 0
configure:7117: result: yes
configure:7117: checking for stdint.h
configure:7117: arm-rockchip830-linux-uclibcgnueabihf-gcc -c -D_LARGEFILE_SOURCE -D_LARGEFILE64_SOURCE -D_FILE_OFFSET_BITS=64 -Os -march=armv7-a -mfpu=neon -mfloat-abi=hard -march=armv7-a -mfpu=neon -mfloat-abi=hard -mthumb -Wa,-mimplicit-it=thumb -mthumb-interwork  conftest.c >&5
configure:7117: $? = 0
configure:7117: result: yes
configure:7117: checking for unistd.h
configure:7117: arm-rockchip830-linux-uclibcgnueabihf-gcc -c -D_LARGEFILE_SOURCE -D_LARGEFILE64_SOURCE -D_FILE_OFFSET_BITS=64 -Os -march=armv7-a -mfpu=neon -mfloat-abi=hard -march=armv7-a -mfpu=neon -mfloat-abi=hard -mthumb -Wa,-mimplicit-it=thumb -mthumb-interwork  conftest.c >&5
configure:7117: $? = 0
configure:7117: result: yes
configure:7131: checking for dlfcn.h
configure:7131: arm-rockchip830-linux-uclibcgnueabihf-gcc -c -D_LARGEFILE_SOURCE -D_LARGEFILE64_SOURCE -D_FILE_OFFSET_BITS=64 -Os -march=armv7-a -mfpu=neon -mfloat-abi=hard -march=armv7-a -mfpu=neon -mfloat-abi=hard -mthumb -Wa,-mimplicit-it=thumb -mthumb-interwork  conftest.c >&5
configure:7131: $? = 0
configure:7131: result: yes
configure:7318: checking for objdir
configure:7333: result: .libs
configure:7604: checking if arm-rockchip830-linux-uclibcgnueabihf-gcc supports -fno-rtti -fno-exceptions
configure:7622: arm-rockchip830-linux-uclibcgnueabihf-gcc -c -D_LARGEFILE_SOURCE -D_LARGEFILE64_SOURCE -D_FILE_OFFSET_BITS=64 -Os -march=armv7-a -mfpu=neon -mfloat-abi=hard -march=armv7-a -mfpu=neon -mfloat-abi=hard -mthumb -Wa,-mimplicit-it=thumb -mthumb-interwork  -fno-rtti -fno-exceptions conftest.c >&5
cc1: warning: command line option '-fno-rtti' is valid for C++/ObjC++ but not for C
configure:7626: $? = 0
configure:7639: result: no
configure:7659: checking for arm-rockchip830-linux-uclibcgnueabihf-gcc option to produce PIC
configure:7945: result: -fPIC -DPIC
configure:7957: checking if arm-rockchip830-linux-uclibcgnueabihf-gcc PIC flag -fPIC -DPIC works
configure:7975: arm-rockchip830-linux-uclibcgnueabihf-gcc -c -D_LARGEFILE_SOURCE -D_LARGEFILE64_SOURCE -D_FILE_OFFSET_BITS=64 -Os -march=armv7-a -mfpu=neon -mfloat-abi=hard -march=armv7-a -mfpu=neon -mfloat-abi=hard -mthumb -Wa,-mimplicit-it=thumb -mthumb-interwork  -fPIC -DPIC -DPIC conftest.c >&5
configure:7979: $? = 0
configure:7992: result: yes
configure:8016: checking if arm-rockchip830-linux-uclibcgnueabihf-gcc static flag -static works
configure:8044: result: yes
configure:8059: checking if arm-rockchip830-linux-uclibcgnueabihf-gcc supports -c -o file.o
configure:8080: arm-rockchip830-linux-uclibcgnueabihf-gcc -c -D_LARGEFILE_SOURCE -D_LARGEFILE64_SOURCE -D_FILE_OFFSET_BITS=64 -Os -march=armv7-a -mfpu=neon -mfloat-abi=hard -march=armv7-a -mfpu=neon -mfloat-abi=hard -mthumb -Wa,-mimplicit-it=thumb -mthumb-interwork  -o out/conftest2.o conftest.c >&5
configure:8084: $? = 0
configure:8106: result: yes
configure:8114: checking if arm-rockchip830-linux-uclibcgnueabihf-gcc supports -c -o file.o
configure:8161: result: yes
configure:8194: checking whether the arm-rockchip830-linux-uclibcgnueabihf-gcc linker (/home/cro/Sdk/luckfox-pico/tools/linux/toolchain/arm-rockchip830-linux-uclibcgnueabihf/bin/../lib/gcc/arm-rockchip830-linux-uclibcgnueabihf/8.3.0/../../../../arm-rockchip830-linux-uclibcgnueabihf/bin/ld) supports shared libraries
configure:9274: result: yes
configure:9311: checking whether -lc should be explicitly linked in
configure:9319: arm-rockchip830-linux-uclibcgnueabihf-gcc -c -D_LARGEFILE_SOURCE -D_LARGEFILE64_SOURCE -D_FILE_OFFSET_BITS=64 -Os -march=armv7-a -mfpu=neon -mfloat-abi=hard -march=armv7-a -mfpu=neon -mfloat-abi=hard -mthumb -Wa,-mimplicit-it=thumb -mthumb-interwork  conftest.c >&5
configure:9322: $? = 0
configure:9337: arm-rockchip830-linux-uclibcgnueabihf-gcc -shared  -fPIC -DPIC conftest.o  -v -Wl,-soname -Wl,conftest -o conftest 2\>\&1 \| /usr/bin/grep  -lc  \>/dev/null 2\>\&1
configure:9340: $? = 0
configure:9354: result: no
configure:9519: checking dynamic linker characteristics
configure:9973: arm-rockchip830-linux-uclibcgnueabihf-gcc -o conftest -D_LARGEFILE_SOURCE -D_LARGEFILE64_SOURCE -D_FILE_OFFSET_BITS=64 -Os -march=armv7-a -mfpu=neon -mfloat-abi=hard -march=armv7-a -mfpu=neon -mfloat-abi=hard -mthumb -Wa,-mimplicit-it=thumb -mthumb-interwork   -D_LARGEFILE_SOURCE -D_LARGEFILE64_SOURCE -D_FILE_OFFSET_BITS=64 -Os -march=armv7-a -mfpu=neon -mfloat-abi=hard -march=armv7-a -mfpu=neon -mfloat-abi=hard -mthumb -Wa,-mimplicit-it=thumb -mthumb-interwork -Wl,-rpath -Wl,/foo conftest.c  >&5
configure:9973: $? = 0
configure:10195: result: GNU/Linux ld.so
configure:10302: checking how to hardcode library paths into programs
configure:10327: result: immediate
configure:10882: checking whether stripping libraries is possible
configure:10887: result: yes
configure:10922: checking if libtool supports shared libraries
configure:10924: result: yes
configure:10927: checking whether to build shared libraries
configure:10948: result: yes
configure:10951: checking whether to build static libraries
configure:10955: result: yes
configure:10998: checking how to run the C preprocessor
configure:11068: result: arm-rockchip830-linux-uclibcgnueabihf-gcc -E
configure:11088: arm-rockchip830-linux-uclibcgnueabihf-gcc -E  conftest.c
configure:11088: $? = 0
configure:11102: arm-rockchip830-linux-uclibcgnueabihf-gcc -E  conftest.c
conftest.c:23:10: fatal error: ac_nonexistent.h: No such file or directory
 #include <ac_nonexistent.h>
          ^~~~~~~~~~~~~~~~~~
compilation terminated.
configure:11102: $? = 1
configure: failed program was:
| /* confdefs.h */
| #define PACKAGE_NAME "zlib"
| #define PACKAGE_TARNAME "zlib"
| #define PACKAGE_VERSION "1.1.4"
| #define PACKAGE_STRING "zlib 1.1.4"
| #define PACKAGE_BUGREPORT ""
| #define PACKAGE_URL ""
| #define PACKAGE "zlib"
| #define VERSION "1.1.4"
| #define STDC_HEADERS 1
| #define HAVE_SYS_TYPES_H 1
| #define HAVE_SYS_STAT_H 1
| #define HAVE_STDLIB_H 1
| #define HAVE_STRING_H 1
| #define HAVE_MEMORY_H 1
| #define HAVE_STRINGS_H 1
| #define HAVE_INTTYPES_H 1
| #define HAVE_STDINT_H 1
| #define HAVE_UNISTD_H 1
| #define HAVE_DLFCN_H 1
| #define LT_OBJDIR ".libs/"
| /* end confdefs.h.  */
| #include <ac_nonexistent.h>
configure:11158: checking for stdlib.h
configure:11158: result: yes
configure:11158: checking for unistd.h
configure:11158: result: yes
configure:11158: checking for sys/param.h
configure:11158: arm-rockchip830-linux-uclibcgnueabihf-gcc -c -D_LARGEFILE_SOURCE -D_LARGEFILE64_SOURCE -D_FILE_OFFSET_BITS=64 -Os -march=armv7-a -mfpu=neon -mfloat-abi=hard -march=armv7-a -mfpu=neon -mfloat-abi=hard -mthumb -Wa,-mimplicit-it=thumb -mthumb-interwork  conftest.c >&5
configure:11158: $? = 0
configure:11158: result: yes
configure:11178: checking for getpagesize
configure:11178: arm-rockchip830-linux-uclibcgnueabihf-gcc -o conftest -D_LARGEFILE_SOURCE -D_LARGEFILE64_SOURCE -D_FILE_OFFSET_BITS=64 -Os -march=armv7-a -mfpu=neon -mfloat-abi=hard -march=armv7-a -mfpu=neon -mfloat-abi=hard -mthumb -Wa,-mimplicit-it=thumb -mthumb-interwork   -D_LARGEFILE_SOURCE -D_LARGEFILE64_SOURCE -D_FILE_OFFSET_BITS=64 -Os -march=armv7-a -mfpu=neon -mfloat-abi=hard -march=armv7-a -mfpu=neon -mfloat-abi=hard -mthumb -Wa,-mimplicit-it=thumb -mthumb-interwork conftest.c  >&5
configure:11178: $? = 0
configure:11178: result: yes
configure:11187: checking for working mmap
configure:11344: result: no
configure:11357: checking for memcpy
configure:11357: arm-rockchip830-linux-uclibcgnueabihf-gcc -o conftest -D_LARGEFILE_SOURCE -D_LARGEFILE64_SOURCE -D_FILE_OFFSET_BITS=64 -Os -march=armv7-a -mfpu=neon -mfloat-abi=hard -march=armv7-a -mfpu=neon -mfloat-abi=hard -mthumb -Wa,-mimplicit-it=thumb -mthumb-interwork   -D_LARGEFILE_SOURCE -D_LARGEFILE64_SOURCE -D_FILE_OFFSET_BITS=64 -Os -march=armv7-a -mfpu=neon -mfloat-abi=hard -march=armv7-a -mfpu=neon -mfloat-abi=hard -mthumb -Wa,-mimplicit-it=thumb -mthumb-interwork conftest.c  >&5
conftest.c:50:6: warning: conflicting types for built-in function 'memcpy' [-Wbuiltin-declaration-mismatch]
 char memcpy ();
      ^~~~~~
configure:11357: $? = 0
configure:11357: result: yes
configure:11357: checking for strerror
configure:11357: arm-rockchip830-linux-uclibcgnueabihf-gcc -o conftest -D_LARGEFILE_SOURCE -D_LARGEFILE64_SOURCE -D_FILE_OFFSET_BITS=64 -Os -march=armv7-a -mfpu=neon -mfloat-abi=hard -march=armv7-a -mfpu=neon -mfloat-abi=hard -mthumb -Wa,-mimplicit-it=thumb -mthumb-interwork   -D_LARGEFILE_SOURCE -D_LARGEFILE64_SOURCE -D_FILE_OFFSET_BITS=64 -Os -march=armv7-a -mfpu=neon -mfloat-abi=hard -march=armv7-a -mfpu=neon -mfloat-abi=hard -mthumb -Wa,-mimplicit-it=thumb -mthumb-interwork conftest.c  >&5
configure:11357: $? = 0
configure:11357: result: yes
configure:11422: checking for unistd.h
configure:11422: result: yes
configure:11536: updating cache ./config.cache
configure:11616: checking that generated files are newer than configure
configure:11622: result: done
configure:11653: creating ./config.status

## ---------------------- ##
## Running config.status. ##
## ---------------------- ##

This file was extended by zlib config.status 1.1.4, which was
generated by GNU Autoconf 2.69.  Invocation command line was

  CONFIG_FILES    = 
  CONFIG_HEADERS  = 
  CONFIG_LINKS    = 
  CONFIG_COMMANDS = 
  $ ./config.status 

on DESKTOP-RUMO6US

config.status:1021: creating Makefile
config.status:1193: executing depfiles commands
config.status:1193: executing libtool commands

## ---------------- ##
## Cache variables. ##
## ---------------- ##

ac_cv_build=x86_64-pc-linux-gnu
ac_cv_c_compiler_gnu=yes
ac_cv_env_CPPFLAGS_set=
ac_cv_env_CPPFLAGS_value=
ac_cv_env_CPP_set=
ac_cv_env_CPP_value=
ac_cv_env_build_alias_set=set
ac_cv_env_build_alias_value=x86_64-pc-linux-gnu
ac_cv_env_host_alias_set=set
ac_cv_env_host_alias_value=arm-rockchip830-linux-uclibcgnueabihf
ac_cv_env_target_alias_set=set
ac_cv_env_target_alias_value=arm-rockchip830-linux-uclibcgnueabihf
ac_cv_func_getpagesize=yes
ac_cv_func_memcpy=yes
ac_cv_func_mmap_fixed_mapped=no
ac_cv_func_strerror=yes
ac_cv_header_dlfcn_h=yes
ac_cv_header_inttypes_h=yes
ac_cv_header_memory_h=yes
ac_cv_header_stdc=yes
ac_cv_header_stdint_h=yes
ac_cv_header_stdlib_h=yes
ac_cv_header_string_h=yes
ac_cv_header_strings_h=yes
ac_cv_header_sys_param_h=yes
ac_cv_header_sys_stat_h=yes
ac_cv_header_sys_types_h=yes
ac_cv_header_unistd_h=yes
ac_cv_host=arm-rockchip830-linux-uclibcgnueabihf
ac_cv_objext=o
ac_cv_path_EGREP='/usr/bin/grep -E'
ac_cv_path_FGREP='/usr/bin/grep -F'
ac_cv_path_GREP=/usr/bin/grep
ac_cv_path_SED=/usr/bin/sed
ac_cv_path_mkdir=/usr/bin/mkdir
ac_cv_prog_AR=arm-rockchip830-linux-uclibcgnueabihf-ar
ac_cv_prog_AWK=gawk
ac_cv_prog_CC=arm-rockchip830-linux-uclibcgnueabihf-gcc
ac_cv_prog_CPP='arm-rockchip830-linux-uclibcgnueabihf-gcc -E'
ac_cv_prog_OBJDUMP=arm-rockchip830-linux-uclibcgnueabihf-objdump
ac_cv_prog_RANLIB=arm-rockchip830-linux-uclibcgnueabihf-ranlib
ac_cv_prog_STRIP=arm-rockchip830-linux-uclibcgnueabihf-strip
ac_cv_prog_cc_c89=
ac_cv_prog_cc_g=yes
ac_cv_prog_make_make_set=yes
ac_cv_target=arm-rockchip830-linux-uclibcgnueabihf
am_cv_CC_dependencies_compiler_type=none
am_cv_make_support_nested_variables=yes
am_cv_prog_cc_c_o=yes
lt_cv_archive_cmds_need_lc=no
lt_cv_deplibs_check_method=pass_all
lt_cv_file_magic_cmd='$MAGIC_CMD'
lt_cv_file_magic_test_file=
lt_cv_ld_reload_flag=-r
lt_cv_nm_interface='BSD nm'
lt_cv_objdir=.libs
lt_cv_path_LD=/home/cro/Sdk/luckfox-pico/tools/linux/toolchain/arm-rockchip830-linux-uclibcgnueabihf/bin/../lib/gcc/arm-rockchip830-linux-uclibcgnueabihf/8.3.0/../../../../arm-rockchip830-linux-uclibcgnueabihf/bin/ld
lt_cv_path_NM=arm-rockchip830-linux-uclibcgnueabihf-nm
lt_cv_prog_compiler_c_o=yes
lt_cv_prog_compiler_pic_works=yes
lt_cv_prog_compiler_rtti_exceptions=no
lt_cv_prog_compiler_static_works=yes
lt_cv_prog_gnu_ld=yes
lt_cv_shlibpath_overrides_runpath=no
lt_cv_sys_global_symbol_pipe='sed -n -e '\''s/^.*[	 ]\([ABCDGIRSTW][ABCDGIRSTW]*\)[	 ][	 ]*\([_A-Za-z][_A-Za-z0-9]*\)$/\1 \2 \2/p'\'''
lt_cv_sys_global_symbol_to_c_name_address='sed -n -e '\''s/^: \([^ ]*\) $/  {\"\1\", (void *) 0},/p'\'' -e '\''s/^[ABCDGIRSTW]* \([^ ]*\) \([^ ]*\)$/  {"\2", (void *) \&\2},/p'\'''
lt_cv_sys_global_symbol_to_c_name_address_lib_prefix='sed -n -e '\''s/^: \([^ ]*\) $/  {\"\1\", (void *) 0},/p'\'' -e '\''s/^[ABCDGIRSTW]* \([^ ]*\) \(lib[^ ]*\)$/  {"\2", (void *) \&\2},/p'\'' -e '\''s/^[ABCDGIRSTW]* \([^ ]*\) \([^ ]*\)$/  {"lib\2", (void *) \&\2},/p'\'''
lt_cv_sys_global_symbol_to_cdecl='sed -n -e '\''s/^T .* \(.*\)$/extern int \1();/p'\'' -e '\''s/^[ABCDGIRSTW]* .* \(.*\)$/extern char \1;/p'\'''
lt_cv_sys_max_cmd_len=1572864

## ----------------- ##
## Output variables. ##
## ----------------- ##

ACLOCAL='${SHELL} /home/cro/Sdk/luckfox-pico/sysdrv/tools/board/gdb/gdb-10.2/missing aclocal-1.15'
AMDEPBACKSLASH=''
AMDEP_FALSE=''
AMDEP_TRUE='#'
AMTAR='$${TAR-tar}'
AM_BACKSLASH='\'
AM_DEFAULT_V='$(AM_DEFAULT_VERBOSITY)'
AM_DEFAULT_VERBOSITY='1'
AM_V='$(V)'
AR='arm-rockchip830-linux-uclibcgnueabihf-ar'
AUTOCONF='${SHELL} /home/cro/Sdk/luckfox-pico/sysdrv/tools/board/gdb/gdb-10.2/missing autoconf'
AUTOHEADER='${SHELL} /home/cro/Sdk/luckfox-pico/sysdrv/tools/board/gdb/gdb-10.2/missing autoheader'
AUTOMAKE='${SHELL} /home/cro/Sdk/luckfox-pico/sysdrv/tools/board/gdb/gdb-10.2/missing automake-1.15'
AWK='gawk'
CC='arm-rockchip830-linux-uclibcgnueabihf-gcc'
CCDEPMODE='depmode=none'
CFLAGS='-D_LARGEFILE_SOURCE -D_LARGEFILE64_SOURCE -D_FILE_OFFSET_BITS=64 -Os -march=armv7-a -mfpu=neon -mfloat-abi=hard -march=armv7-a -mfpu=neon -mfloat-abi=hard -mthumb -Wa,-mimplicit-it=thumb -mthumb-interwork'
COMPPATH='.'
CPP='arm-rockchip830-linux-uclibcgnueabihf-gcc -E'
CPPFLAGS=''
CYGPATH_W='echo'
DEFS='-DPACKAGE_NAME=\"zlib\" -DPACKAGE_TARNAME=\"zlib\" -DPACKAGE_VERSION=\"1.1.4\" -DPACKAGE_STRING=\"zlib\ 1.1.4\" -DPACKAGE_BUGREPORT=\"\" -DPACKAGE_URL=\"\" -DPACKAGE=\"zlib\" -DVERSION=\"1.1.4\" -DSTDC_HEADERS=1 -DHAVE_SYS_TYPES_H=1 -DHAVE_SYS_STAT_H=1 -DHAVE_STDLIB_H=1 -DHAVE_STRING_H=1 -DHAVE_MEMORY_H=1 -DHAVE_STRINGS_H=1 -DHAVE_INTTYPES_H=1 -DHAVE_STDINT_H=1 -DHAVE_UNISTD_H=1 -DHAVE_DLFCN_H=1 -DLT_OBJDIR=\".libs/\" -DHAVE_STDLIB_H=1 -DHAVE_UNISTD_H=1 -DHAVE_SYS_PARAM_H=1 -DHAVE_GETPAGESIZE=1 -DHAVE_MEMCPY=1 -DHAVE_STRERROR=1 -DHAVE_UNISTD_H=1'
DEPDIR='.deps'
DSYMUTIL=''
DUMPBIN=''
ECHO_C=''
ECHO_N='-n'
ECHO_T=''
EGREP='/usr/bin/grep -E'
EXEEXT=''
FGREP='/usr/bin/grep -F'
GREP='/usr/bin/grep'
INSTALL_DATA='/usr/bin/install -c -m 644'
INSTALL_PROGRAM='/usr/bin/install -c'
INSTALL_SCRIPT='/usr/bin/install -c'
INSTALL_STRIP_PROGRAM='$(install_sh) -c -s'
LD='/home/cro/Sdk/luckfox-pico/tools/linux/toolchain/arm-rockchip830-linux-uclibcgnueabihf/bin/../lib/gcc/arm-rockchip830-linux-uclibcgnueabihf/8.3.0/../../../../arm-rockchip830-linux-uclibcgnueabihf/bin/ld'
LDFLAGS=' -D_LARGEFILE_SOURCE -D_LARGEFILE64_SOURCE -D_FILE_OFFSET_BITS=64 -Os -march=armv7-a -mfpu=neon -mfloat-abi=hard -march=armv7-a -mfpu=neon -mfloat-abi=hard -mthumb -Wa,-mimplicit-it=thumb -mthumb-interwork'
LIBOBJS=''
LIBS=''
LIBTOOL='$(SHELL) $(top_builddir)/libtool'
LIPO=''
LN_S='ln -s'
LTLIBOBJS=''
MAINT='#'
MAINTAINER_MODE_FALSE=''
MAINTAINER_MODE_TRUE='#'
MAKEINFO='makeinfo --split-size=5000000'
MKDIR_P='/usr/bin/mkdir -p'
NM='arm-rockchip830-linux-uclibcgnueabihf-nm'
NMEDIT=''
OBJDUMP='arm-rockchip830-linux-uclibcgnueabihf-objdump'
OBJEXT='o'
OTOOL64=''
OTOOL=''
PACKAGE='zlib'
PACKAGE_BUGREPORT=''
PACKAGE_NAME='zlib'
PACKAGE_STRING='zlib 1.1.4'
PACKAGE_TARNAME='zlib'
PACKAGE_URL=''
PACKAGE_VERSION='1.1.4'
PATH_SEPARATOR=':'
PICFLAG='-fPIC'
RANLIB='arm-rockchip830-linux-uclibcgnueabihf-ranlib'
SED='/usr/bin/sed'
SET_MAKE=''
SHELL='/bin/bash'
STRIP='arm-rockchip830-linux-uclibcgnueabihf-strip'
TARGET_LIBRARY_FALSE=''
TARGET_LIBRARY_TRUE='#'
VERSION='1.1.4'
ac_ct_CC=''
ac_ct_DUMPBIN=''
am__EXEEXT_FALSE=''
am__EXEEXT_TRUE='#'
am__fastdepCC_FALSE=''
am__fastdepCC_TRUE='#'
am__include='include'
am__isrc=''
am__leading_dot='.'
am__nodep=''
am__quote=''
am__tar='$${TAR-tar} chof - "$$tardir"'
am__untar='$${TAR-tar} xf -'
bindir='${exec_prefix}/bin'
build='x86_64-pc-linux-gnu'
build_alias='x86_64-pc-linux-gnu'
build_cpu='x86_64'
build_os='linux-gnu'
build_vendor='pc'
datadir='${datarootdir}'
datarootdir='${prefix}/share'
docdir='${datarootdir}/doc/${PACKAGE_TARNAME}'
dvidir='${docdir}'
exec_prefix='${prefix}'
host='arm-rockchip830-linux-uclibcgnueabihf'
host_alias='arm-rockchip830-linux-uclibcgnueabihf'
host_cpu='arm'
host_os='linux-uclibcgnueabihf'
host_vendor='rockchip830'
htmldir='${docdir}'
includedir='${prefix}/include'
infodir='${datarootdir}/info'
install_sh='${SHELL} /home/cro/Sdk/luckfox-pico/sysdrv/tools/board/gdb/gdb-10.2/install-sh'
libdir='${exec_prefix}/lib'
libexecdir='${exec_prefix}/libexec'
localedir='${datarootdir}/locale'
localstatedir='${prefix}/var'
mandir='${datarootdir}/man'
mkdir_p='$(MKDIR_P)'
mkinstalldirs='/home/cro/Sdk/luckfox-pico/sysdrv/tools/board/gdb/gdb-10.2/mkinstalldirs'
multi_basedir=''
oldincludedir='/usr/include'
pdfdir='${docdir}'
prefix='/home/cro/Sdk/luckfox-pico/sysdrv/tools/board/gdb/gdb-10.2/out'
program_transform_name='s,y,y,'
psdir='${docdir}'
sbindir='${exec_prefix}/sbin'
sharedstatedir='${prefix}/com'
sysconfdir='${prefix}/etc'
target='arm-rockchip830-linux-uclibcgnueabihf'
target_alias='arm-rockchip830-linux-uclibcgnueabihf'
target_all='libzgcj.la'
target_cpu='arm'
target_os='linux-uclibcgnueabihf'
target_vendor='rockchip830'
toolexecdir='$(libdir)/gcc-lib/$(target_alias)'
toolexeclibdir='$(libdir)'

## ----------- ##
## confdefs.h. ##
## ----------- ##

/* confdefs.h */
#define PACKAGE_NAME "zlib"
#define PACKAGE_TARNAME "zlib"
#define PACKAGE_VERSION "1.1.4"
#define PACKAGE_STRING "zlib 1.1.4"
#define PACKAGE_BUGREPORT ""
#define PACKAGE_URL ""
#define PACKAGE "zlib"
#define VERSION "1.1.4"
#define STDC_HEADERS 1
#define HAVE_SYS_TYPES_H 1
#define HAVE_SYS_STAT_H 1
#define HAVE_STDLIB_H 1
#define HAVE_STRING_H 1
#define HAVE_MEMORY_H 1
#define HAVE_STRINGS_H 1
#define HAVE_INTTYPES_H 1
#define HAVE_STDINT_H 1
#define HAVE_UNISTD_H 1
#define HAVE_DLFCN_H 1
#define LT_OBJDIR ".libs/"
#define HAVE_STDLIB_H 1
#define HAVE_UNISTD_H 1
#define HAVE_SYS_PARAM_H 1
#define HAVE_GETPAGESIZE 1
#define HAVE_MEMCPY 1
#define HAVE_STRERROR 1
#define HAVE_UNISTD_H 1

configure: exit 0
