This file contains any messages produced by compilers while
running configure, to aid debugging if configure makes a mistake.

It was created by libdecnumber configure  , which was
generated by GNU Autoconf 2.69.  Invocation command line was

  $ /home/cro/Sdk/luckfox-pico/sysdrv/tools/board/gdb/gdb-10.2/libdecnumber/configure --srcdir=.././libdecnumber --cache-file=./config.cache --prefix=/home/cro/Sdk/luckfox-pico/sysdrv/tools/board/gdb/gdb-10.2/out --disable-gtk-doc --disable-gtk-doc-html --disable-doc --disable-docs --disable-documentation --with-xmlto=no --with-fop=no --disable-dependency-tracking --enable-ipv6 --disable-nls --disable-static --enable-shared --without-uiout --disable-gdbtk --without-x --disable-sim --disable-binutils --disable-install-libbfd --disable-ld --disable-gas --enable-gdbserver --with-curses --without-included-gettext --disable-werror --enable-static --without-mpfr --disable-tui --without-python --without-lzma --with-expat --with-libexpat-prefix=/home/cro/Sdk/luckfox-pico/sysdrv/tools/board/gdb/expat-2.4.1/out --with-zlib --program-transform-name=s,y,y, --disable-option-checking --build=x86_64-pc-linux-gnu --host=arm-rockchip830-linux-uclibcgnueabihf --target=arm-rockchip830-linux-uclibcgnueabihf

## --------- ##
## Platform. ##
## --------- ##

hostname = DESKTOP-RUMO6US
uname -m = x86_64
uname -r = 5.15.153.1-microsoft-standard-WSL2
uname -s = Linux
uname -v = #1 SMP Fri Mar 29 23:14:13 UTC 2024

/usr/bin/uname -p = x86_64
/bin/uname -X     = unknown

/bin/arch              = x86_64
/usr/bin/arch -k       = unknown
/usr/convex/getsysinfo = unknown
/usr/bin/hostinfo      = unknown
/bin/machine           = unknown
/usr/bin/oslevel       = unknown
/bin/universe          = unknown

PATH: /home/cro/Sdk/luckfox-pico/sysdrv/tools/pc/toolkits
PATH: /home/cro/Sdk/luckfox-pico/sysdrv/tools/pc/uboot_tools
PATH: /home/cro/Sdk/luckfox-pico/sysdrv/out/bin/pc
PATH: /home/cro/Sdk/luckfox-pico/sysdrv/tools/pc/toolkits
PATH: /home/cro/Sdk/luckfox-pico/sysdrv/tools/pc/uboot_tools
PATH: /home/cro/Sdk/luckfox-pico/sysdrv/out/bin/pc
PATH: /home/cro/Sdk/luckfox-pico/tools/linux/toolchain/arm-rockchip830-linux-uclibcgnueabihf/bin
PATH: /home/cro/Sdk/luckfox-pico/output/out/sysdrv_out/pc
PATH: /home/cro/miniconda3/bin
PATH: /home/cro/miniconda3/condabin
PATH: /usr/local/sbin
PATH: /usr/local/bin
PATH: /usr/sbin
PATH: /usr/bin
PATH: /sbin
PATH: /bin
PATH: /usr/games
PATH: /usr/local/games
PATH: /usr/lib/wsl/lib
PATH: /home/cro/Sdk/luckfox-pico/tools/linux/toolchain/arm-rockchip830-linux-uclibcgnueabihf/bin
PATH: /opt/gcc-linaro-11.3.1-2022.06-x86_64_arm-linux-gnueabihf/bin
PATH: /home/cro/doc/clipboard-provider
PATH: /home/cro/Sdk/luckfox-pico/sysdrv/source/kernel/scripts/dtc


## ----------- ##
## Core tests. ##
## ----------- ##

configure:2183: creating cache ./config.cache
configure:2289: checking whether make sets $(MAKE)
configure:2311: result: yes
configure:2328: checking for arm-rockchip830-linux-uclibcgnueabihf-gcc
configure:2355: result: arm-rockchip830-linux-uclibcgnueabihf-gcc
configure:2624: checking for C compiler version
configure:2633: arm-rockchip830-linux-uclibcgnueabihf-gcc --version >&5
arm-rockchip830-linux-uclibcgnueabihf-gcc (crosstool-NG 1.24.0) 8.3.0
Copyright (C) 2018 Free Software Foundation, Inc.
This is free software; see the source for copying conditions.  There is NO
warranty; not even for MERCHANTABILITY or FITNESS FOR A PARTICULAR PURPOSE.

configure:2644: $? = 0
configure:2633: arm-rockchip830-linux-uclibcgnueabihf-gcc -v >&5
Using built-in specs.
COLLECT_GCC=arm-rockchip830-linux-uclibcgnueabihf-gcc
COLLECT_LTO_WRAPPER=/home/cro/Sdk/luckfox-pico/tools/linux/toolchain/arm-rockchip830-linux-uclibcgnueabihf/bin/../libexec/gcc/arm-rockchip830-linux-uclibcgnueabihf/8.3.0/lto-wrapper
Target: arm-rockchip830-linux-uclibcgnueabihf
Configured with: /opt/.build/arm-rockchip830-linux-uclibcgnueabihf/src/gcc/configure --build=x86_64-build_pc-linux-gnu --host=x86_64-build_pc-linux-gnu --target=arm-rockchip830-linux-uclibcgnueabihf --prefix=/opt/x-tool/arm-rockchip830-linux-uclibcgnueabihf --with-sysroot=/opt/x-tool/arm-rockchip830-linux-uclibcgnueabihf/arm-rockchip830-linux-uclibcgnueabihf/sysroot --enable-languages=c,c++ --with-arch=armv7-a --with-fpu=neon-vfpv4 --with-float=hard --with-pkgversion='crosstool-NG 1.24.0' --enable-__cxa_atexit --disable-libmudflap --disable-libgomp --disable-libssp --disable-libquadmath --disable-libquadmath-support --disable-libsanitizer --disable-libmpx --with-gmp=/opt/.build/arm-rockchip830-linux-uclibcgnueabihf/buildtools --with-mpfr=/opt/.build/arm-rockchip830-linux-uclibcgnueabihf/buildtools --with-mpc=/opt/.build/arm-rockchip830-linux-uclibcgnueabihf/buildtools --with-isl=/opt/.build/arm-rockchip830-linux-uclibcgnueabihf/buildtools --enable-lto --with-host-libstdcxx='-static-libgcc -Wl,-Bstatic,-lstdc++,-Bdynamic -lm' --enable-threads=posix --enable-target-optspace --enable-plugin --enable-gold --disable-nls --disable-multilib --with-local-prefix=/opt/x-tool/arm-rockchip830-linux-uclibcgnueabihf/arm-rockchip830-linux-uclibcgnueabihf/sysroot --enable-long-long
Thread model: posix
gcc version 8.3.0 (crosstool-NG 1.24.0) 
configure:2644: $? = 0
configure:2633: arm-rockchip830-linux-uclibcgnueabihf-gcc -V >&5
arm-rockchip830-linux-uclibcgnueabihf-gcc: error: unrecognized command line option '-V'
arm-rockchip830-linux-uclibcgnueabihf-gcc: fatal error: no input files
compilation terminated.
configure:2644: $? = 1
configure:2633: arm-rockchip830-linux-uclibcgnueabihf-gcc -qversion >&5
arm-rockchip830-linux-uclibcgnueabihf-gcc: error: unrecognized command line option '-qversion'; did you mean '--version'?
arm-rockchip830-linux-uclibcgnueabihf-gcc: fatal error: no input files
compilation terminated.
configure:2644: $? = 1
configure:2664: checking whether the C compiler works
configure:2686: arm-rockchip830-linux-uclibcgnueabihf-gcc -D_LARGEFILE_SOURCE -D_LARGEFILE64_SOURCE -D_FILE_OFFSET_BITS=64 -Os -march=armv7-a -mfpu=neon -mfloat-abi=hard -march=armv7-a -mfpu=neon -mfloat-abi=hard -mthumb -Wa,-mimplicit-it=thumb -mthumb-interwork   -D_LARGEFILE_SOURCE -D_LARGEFILE64_SOURCE -D_FILE_OFFSET_BITS=64 -Os -march=armv7-a -mfpu=neon -mfloat-abi=hard -march=armv7-a -mfpu=neon -mfloat-abi=hard -mthumb -Wa,-mimplicit-it=thumb -mthumb-interwork conftest.c  >&5
configure:2690: $? = 0
configure:2738: result: yes
configure:2741: checking for C compiler default output file name
configure:2743: result: a.out
configure:2749: checking for suffix of executables
configure:2756: arm-rockchip830-linux-uclibcgnueabihf-gcc -o conftest -D_LARGEFILE_SOURCE -D_LARGEFILE64_SOURCE -D_FILE_OFFSET_BITS=64 -Os -march=armv7-a -mfpu=neon -mfloat-abi=hard -march=armv7-a -mfpu=neon -mfloat-abi=hard -mthumb -Wa,-mimplicit-it=thumb -mthumb-interwork   -D_LARGEFILE_SOURCE -D_LARGEFILE64_SOURCE -D_FILE_OFFSET_BITS=64 -Os -march=armv7-a -mfpu=neon -mfloat-abi=hard -march=armv7-a -mfpu=neon -mfloat-abi=hard -mthumb -Wa,-mimplicit-it=thumb -mthumb-interwork conftest.c  >&5
configure:2760: $? = 0
configure:2782: result: 
configure:2804: checking whether we are cross compiling
configure:2842: result: yes
configure:2847: checking for suffix of object files
configure:2869: arm-rockchip830-linux-uclibcgnueabihf-gcc -c -D_LARGEFILE_SOURCE -D_LARGEFILE64_SOURCE -D_FILE_OFFSET_BITS=64 -Os -march=armv7-a -mfpu=neon -mfloat-abi=hard -march=armv7-a -mfpu=neon -mfloat-abi=hard -mthumb -Wa,-mimplicit-it=thumb -mthumb-interwork  conftest.c >&5
configure:2873: $? = 0
configure:2894: result: o
configure:2898: checking whether we are using the GNU C compiler
configure:2917: arm-rockchip830-linux-uclibcgnueabihf-gcc -c -D_LARGEFILE_SOURCE -D_LARGEFILE64_SOURCE -D_FILE_OFFSET_BITS=64 -Os -march=armv7-a -mfpu=neon -mfloat-abi=hard -march=armv7-a -mfpu=neon -mfloat-abi=hard -mthumb -Wa,-mimplicit-it=thumb -mthumb-interwork  conftest.c >&5
configure:2917: $? = 0
configure:2926: result: yes
configure:2935: checking whether arm-rockchip830-linux-uclibcgnueabihf-gcc accepts -g
configure:2955: arm-rockchip830-linux-uclibcgnueabihf-gcc -c -g  conftest.c >&5
configure:2955: $? = 0
configure:2996: result: yes
configure:3013: checking for arm-rockchip830-linux-uclibcgnueabihf-gcc option to accept ISO C89
configure:3076: arm-rockchip830-linux-uclibcgnueabihf-gcc  -c -D_LARGEFILE_SOURCE -D_LARGEFILE64_SOURCE -D_FILE_OFFSET_BITS=64 -Os -march=armv7-a -mfpu=neon -mfloat-abi=hard -march=armv7-a -mfpu=neon -mfloat-abi=hard -mthumb -Wa,-mimplicit-it=thumb -mthumb-interwork  conftest.c >&5
configure:3076: $? = 0
configure:3089: result: none needed
configure:3112: checking for arm-rockchip830-linux-uclibcgnueabihf-ranlib
configure:3139: result: arm-rockchip830-linux-uclibcgnueabihf-ranlib
configure:3207: checking for aclocal
configure:3223: found /usr/bin/aclocal
configure:3234: result: aclocal
configure:3250: checking for autoconf
configure:3266: found /usr/bin/autoconf
configure:3277: result: autoconf
configure:3293: checking for autoheader
configure:3309: found /usr/bin/autoheader
configure:3320: result: autoheader
configure:3356: checking whether arm-rockchip830-linux-uclibcgnueabihf-gcc supports -W
configure:3373: arm-rockchip830-linux-uclibcgnueabihf-gcc -c -W  conftest.c >&5
configure:3373: $? = 0
configure:3382: result: yes
configure:3356: checking whether arm-rockchip830-linux-uclibcgnueabihf-gcc supports -Wall
configure:3373: arm-rockchip830-linux-uclibcgnueabihf-gcc -c -Wall  conftest.c >&5
configure:3373: $? = 0
configure:3382: result: yes
configure:3356: checking whether arm-rockchip830-linux-uclibcgnueabihf-gcc supports -Wwrite-strings
configure:3373: arm-rockchip830-linux-uclibcgnueabihf-gcc -c -Wwrite-strings  conftest.c >&5
configure:3373: $? = 0
configure:3382: result: yes
configure:3356: checking whether arm-rockchip830-linux-uclibcgnueabihf-gcc supports -Wstrict-prototypes
configure:3373: arm-rockchip830-linux-uclibcgnueabihf-gcc -c -Wstrict-prototypes  conftest.c >&5
conftest.c:11:1: warning: function declaration isn't a prototype [-Wstrict-prototypes]
 main ()
 ^~~~
configure:3373: $? = 0
configure:3382: result: yes
configure:3356: checking whether arm-rockchip830-linux-uclibcgnueabihf-gcc supports -Wmissing-prototypes
configure:3373: arm-rockchip830-linux-uclibcgnueabihf-gcc -c -Wmissing-prototypes  conftest.c >&5
configure:3373: $? = 0
configure:3382: result: yes
configure:3356: checking whether arm-rockchip830-linux-uclibcgnueabihf-gcc supports -Wold-style-definition
configure:3373: arm-rockchip830-linux-uclibcgnueabihf-gcc -c -Wold-style-definition  conftest.c >&5
conftest.c: In function 'main':
conftest.c:11:1: warning: old-style function definition [-Wold-style-definition]
 main ()
 ^~~~
configure:3373: $? = 0
configure:3382: result: yes
configure:3356: checking whether arm-rockchip830-linux-uclibcgnueabihf-gcc supports -Wmissing-format-attribute
configure:3373: arm-rockchip830-linux-uclibcgnueabihf-gcc -c -Wmissing-format-attribute  conftest.c >&5
configure:3373: $? = 0
configure:3382: result: yes
configure:3356: checking whether arm-rockchip830-linux-uclibcgnueabihf-gcc supports -Wcast-qual
configure:3373: arm-rockchip830-linux-uclibcgnueabihf-gcc -c -Wcast-qual  conftest.c >&5
configure:3373: $? = 0
configure:3382: result: yes
configure:3406: checking whether arm-rockchip830-linux-uclibcgnueabihf-gcc supports -pedantic -Wlong-long
configure:3424: arm-rockchip830-linux-uclibcgnueabihf-gcc -c -pedantic -Wlong-long  conftest.c >&5
configure:3424: $? = 0
configure:3432: result: yes
configure:3464: checking whether arm-rockchip830-linux-uclibcgnueabihf-gcc supports -fno-lto
configure:3481: arm-rockchip830-linux-uclibcgnueabihf-gcc -c -fno-lto  conftest.c >&5
configure:3481: $? = 0
configure:3490: result: yes
configure:3539: checking how to run the C preprocessor
configure:3570: arm-rockchip830-linux-uclibcgnueabihf-gcc -E  conftest.c
configure:3570: $? = 0
configure:3584: arm-rockchip830-linux-uclibcgnueabihf-gcc -E  conftest.c
conftest.c:9:10: fatal error: ac_nonexistent.h: No such file or directory
 #include <ac_nonexistent.h>
          ^~~~~~~~~~~~~~~~~~
compilation terminated.
configure:3584: $? = 1
configure: failed program was:
| /* confdefs.h */
| #define PACKAGE_NAME "libdecnumber"
| #define PACKAGE_TARNAME "libdecnumber"
| #define PACKAGE_VERSION " "
| #define PACKAGE_STRING "libdecnumber  "
| #define PACKAGE_BUGREPORT "gcc-bugs@gcc.gnu.org"
| #define PACKAGE_URL ""
| /* end confdefs.h.  */
| #include <ac_nonexistent.h>
configure:3609: result: arm-rockchip830-linux-uclibcgnueabihf-gcc -E
configure:3629: arm-rockchip830-linux-uclibcgnueabihf-gcc -E  conftest.c
configure:3629: $? = 0
configure:3643: arm-rockchip830-linux-uclibcgnueabihf-gcc -E  conftest.c
conftest.c:9:10: fatal error: ac_nonexistent.h: No such file or directory
 #include <ac_nonexistent.h>
          ^~~~~~~~~~~~~~~~~~
compilation terminated.
configure:3643: $? = 1
configure: failed program was:
| /* confdefs.h */
| #define PACKAGE_NAME "libdecnumber"
| #define PACKAGE_TARNAME "libdecnumber"
| #define PACKAGE_VERSION " "
| #define PACKAGE_STRING "libdecnumber  "
| #define PACKAGE_BUGREPORT "gcc-bugs@gcc.gnu.org"
| #define PACKAGE_URL ""
| /* end confdefs.h.  */
| #include <ac_nonexistent.h>
configure:3672: checking for grep that handles long lines and -e
configure:3730: result: /usr/bin/grep
configure:3735: checking for egrep
configure:3797: result: /usr/bin/grep -E
configure:3802: checking for ANSI C header files
configure:3822: arm-rockchip830-linux-uclibcgnueabihf-gcc -c -D_LARGEFILE_SOURCE -D_LARGEFILE64_SOURCE -D_FILE_OFFSET_BITS=64 -Os -march=armv7-a -mfpu=neon -mfloat-abi=hard -march=armv7-a -mfpu=neon -mfloat-abi=hard -mthumb -Wa,-mimplicit-it=thumb -mthumb-interwork  conftest.c >&5
configure:3822: $? = 0
configure:3906: result: yes
configure:3919: checking for sys/types.h
configure:3919: arm-rockchip830-linux-uclibcgnueabihf-gcc -c -D_LARGEFILE_SOURCE -D_LARGEFILE64_SOURCE -D_FILE_OFFSET_BITS=64 -Os -march=armv7-a -mfpu=neon -mfloat-abi=hard -march=armv7-a -mfpu=neon -mfloat-abi=hard -mthumb -Wa,-mimplicit-it=thumb -mthumb-interwork  conftest.c >&5
configure:3919: $? = 0
configure:3919: result: yes
configure:3919: checking for sys/stat.h
configure:3919: arm-rockchip830-linux-uclibcgnueabihf-gcc -c -D_LARGEFILE_SOURCE -D_LARGEFILE64_SOURCE -D_FILE_OFFSET_BITS=64 -Os -march=armv7-a -mfpu=neon -mfloat-abi=hard -march=armv7-a -mfpu=neon -mfloat-abi=hard -mthumb -Wa,-mimplicit-it=thumb -mthumb-interwork  conftest.c >&5
configure:3919: $? = 0
configure:3919: result: yes
configure:3919: checking for stdlib.h
configure:3919: arm-rockchip830-linux-uclibcgnueabihf-gcc -c -D_LARGEFILE_SOURCE -D_LARGEFILE64_SOURCE -D_FILE_OFFSET_BITS=64 -Os -march=armv7-a -mfpu=neon -mfloat-abi=hard -march=armv7-a -mfpu=neon -mfloat-abi=hard -mthumb -Wa,-mimplicit-it=thumb -mthumb-interwork  conftest.c >&5
configure:3919: $? = 0
configure:3919: result: yes
configure:3919: checking for string.h
configure:3919: arm-rockchip830-linux-uclibcgnueabihf-gcc -c -D_LARGEFILE_SOURCE -D_LARGEFILE64_SOURCE -D_FILE_OFFSET_BITS=64 -Os -march=armv7-a -mfpu=neon -mfloat-abi=hard -march=armv7-a -mfpu=neon -mfloat-abi=hard -mthumb -Wa,-mimplicit-it=thumb -mthumb-interwork  conftest.c >&5
configure:3919: $? = 0
configure:3919: result: yes
configure:3919: checking for memory.h
configure:3919: arm-rockchip830-linux-uclibcgnueabihf-gcc -c -D_LARGEFILE_SOURCE -D_LARGEFILE64_SOURCE -D_FILE_OFFSET_BITS=64 -Os -march=armv7-a -mfpu=neon -mfloat-abi=hard -march=armv7-a -mfpu=neon -mfloat-abi=hard -mthumb -Wa,-mimplicit-it=thumb -mthumb-interwork  conftest.c >&5
configure:3919: $? = 0
configure:3919: result: yes
configure:3919: checking for strings.h
configure:3919: arm-rockchip830-linux-uclibcgnueabihf-gcc -c -D_LARGEFILE_SOURCE -D_LARGEFILE64_SOURCE -D_FILE_OFFSET_BITS=64 -Os -march=armv7-a -mfpu=neon -mfloat-abi=hard -march=armv7-a -mfpu=neon -mfloat-abi=hard -mthumb -Wa,-mimplicit-it=thumb -mthumb-interwork  conftest.c >&5
configure:3919: $? = 0
configure:3919: result: yes
configure:3919: checking for inttypes.h
configure:3919: arm-rockchip830-linux-uclibcgnueabihf-gcc -c -D_LARGEFILE_SOURCE -D_LARGEFILE64_SOURCE -D_FILE_OFFSET_BITS=64 -Os -march=armv7-a -mfpu=neon -mfloat-abi=hard -march=armv7-a -mfpu=neon -mfloat-abi=hard -mthumb -Wa,-mimplicit-it=thumb -mthumb-interwork  conftest.c >&5
configure:3919: $? = 0
configure:3919: result: yes
configure:3919: checking for stdint.h
configure:3919: arm-rockchip830-linux-uclibcgnueabihf-gcc -c -D_LARGEFILE_SOURCE -D_LARGEFILE64_SOURCE -D_FILE_OFFSET_BITS=64 -Os -march=armv7-a -mfpu=neon -mfloat-abi=hard -march=armv7-a -mfpu=neon -mfloat-abi=hard -mthumb -Wa,-mimplicit-it=thumb -mthumb-interwork  conftest.c >&5
configure:3919: $? = 0
configure:3919: result: yes
configure:3919: checking for unistd.h
configure:3919: arm-rockchip830-linux-uclibcgnueabihf-gcc -c -D_LARGEFILE_SOURCE -D_LARGEFILE64_SOURCE -D_FILE_OFFSET_BITS=64 -Os -march=armv7-a -mfpu=neon -mfloat-abi=hard -march=armv7-a -mfpu=neon -mfloat-abi=hard -mthumb -Wa,-mimplicit-it=thumb -mthumb-interwork  conftest.c >&5
configure:3919: $? = 0
configure:3919: result: yes
configure:3934: checking ctype.h usability
configure:3934: arm-rockchip830-linux-uclibcgnueabihf-gcc -c -D_LARGEFILE_SOURCE -D_LARGEFILE64_SOURCE -D_FILE_OFFSET_BITS=64 -Os -march=armv7-a -mfpu=neon -mfloat-abi=hard -march=armv7-a -mfpu=neon -mfloat-abi=hard -mthumb -Wa,-mimplicit-it=thumb -mthumb-interwork  conftest.c >&5
configure:3934: $? = 0
configure:3934: result: yes
configure:3934: checking ctype.h presence
configure:3934: arm-rockchip830-linux-uclibcgnueabihf-gcc -E  conftest.c
configure:3934: $? = 0
configure:3934: result: yes
configure:3934: checking for ctype.h
configure:3934: result: yes
configure:3934: checking stddef.h usability
configure:3934: arm-rockchip830-linux-uclibcgnueabihf-gcc -c -D_LARGEFILE_SOURCE -D_LARGEFILE64_SOURCE -D_FILE_OFFSET_BITS=64 -Os -march=armv7-a -mfpu=neon -mfloat-abi=hard -march=armv7-a -mfpu=neon -mfloat-abi=hard -mthumb -Wa,-mimplicit-it=thumb -mthumb-interwork  conftest.c >&5
configure:3934: $? = 0
configure:3934: result: yes
configure:3934: checking stddef.h presence
configure:3934: arm-rockchip830-linux-uclibcgnueabihf-gcc -E  conftest.c
configure:3934: $? = 0
configure:3934: result: yes
configure:3934: checking for stddef.h
configure:3934: result: yes
configure:3934: checking for string.h
configure:3934: result: yes
configure:3934: checking stdio.h usability
configure:3934: arm-rockchip830-linux-uclibcgnueabihf-gcc -c -D_LARGEFILE_SOURCE -D_LARGEFILE64_SOURCE -D_FILE_OFFSET_BITS=64 -Os -march=armv7-a -mfpu=neon -mfloat-abi=hard -march=armv7-a -mfpu=neon -mfloat-abi=hard -mthumb -Wa,-mimplicit-it=thumb -mthumb-interwork  conftest.c >&5
configure:3934: $? = 0
configure:3934: result: yes
configure:3934: checking stdio.h presence
configure:3934: arm-rockchip830-linux-uclibcgnueabihf-gcc -E  conftest.c
configure:3934: $? = 0
configure:3934: result: yes
configure:3934: checking for stdio.h
configure:3934: result: yes
configure:3957: checking for uintmax_t
configure:3957: arm-rockchip830-linux-uclibcgnueabihf-gcc -c -D_LARGEFILE_SOURCE -D_LARGEFILE64_SOURCE -D_FILE_OFFSET_BITS=64 -Os -march=armv7-a -mfpu=neon -mfloat-abi=hard -march=armv7-a -mfpu=neon -mfloat-abi=hard -mthumb -Wa,-mimplicit-it=thumb -mthumb-interwork  conftest.c >&5
configure:3957: $? = 0
configure:3957: arm-rockchip830-linux-uclibcgnueabihf-gcc -c -D_LARGEFILE_SOURCE -D_LARGEFILE64_SOURCE -D_FILE_OFFSET_BITS=64 -Os -march=armv7-a -mfpu=neon -mfloat-abi=hard -march=armv7-a -mfpu=neon -mfloat-abi=hard -mthumb -Wa,-mimplicit-it=thumb -mthumb-interwork  conftest.c >&5
conftest.c: In function 'main':
conftest.c:29:24: error: expected expression before ')' token
 if (sizeof ((uintmax_t)))
                        ^
configure:3957: $? = 1
configure: failed program was:
| /* confdefs.h */
| #define PACKAGE_NAME "libdecnumber"
| #define PACKAGE_TARNAME "libdecnumber"
| #define PACKAGE_VERSION " "
| #define PACKAGE_STRING "libdecnumber  "
| #define PACKAGE_BUGREPORT "gcc-bugs@gcc.gnu.org"
| #define PACKAGE_URL ""
| #define STDC_HEADERS 1
| #define HAVE_SYS_TYPES_H 1
| #define HAVE_SYS_STAT_H 1
| #define HAVE_STDLIB_H 1
| #define HAVE_STRING_H 1
| #define HAVE_MEMORY_H 1
| #define HAVE_STRINGS_H 1
| #define HAVE_INTTYPES_H 1
| #define HAVE_STDINT_H 1
| #define HAVE_UNISTD_H 1
| #define HAVE_CTYPE_H 1
| #define HAVE_STDDEF_H 1
| #define HAVE_STRING_H 1
| #define HAVE_STDIO_H 1
| /* end confdefs.h.  */
| #include <sys/types.h>
| #include <stdint.h>
| 
| int
| main ()
| {
| if (sizeof ((uintmax_t)))
| 	    return 0;
|   ;
|   return 0;
| }
configure:3957: result: yes
configure:3966: checking for uintptr_t
configure:3966: arm-rockchip830-linux-uclibcgnueabihf-gcc -c -D_LARGEFILE_SOURCE -D_LARGEFILE64_SOURCE -D_FILE_OFFSET_BITS=64 -Os -march=armv7-a -mfpu=neon -mfloat-abi=hard -march=armv7-a -mfpu=neon -mfloat-abi=hard -mthumb -Wa,-mimplicit-it=thumb -mthumb-interwork  conftest.c >&5
configure:3966: $? = 0
configure:3966: arm-rockchip830-linux-uclibcgnueabihf-gcc -c -D_LARGEFILE_SOURCE -D_LARGEFILE64_SOURCE -D_FILE_OFFSET_BITS=64 -Os -march=armv7-a -mfpu=neon -mfloat-abi=hard -march=armv7-a -mfpu=neon -mfloat-abi=hard -mthumb -Wa,-mimplicit-it=thumb -mthumb-interwork  conftest.c >&5
conftest.c: In function 'main':
conftest.c:29:24: error: expected expression before ')' token
 if (sizeof ((uintptr_t)))
                        ^
configure:3966: $? = 1
configure: failed program was:
| /* confdefs.h */
| #define PACKAGE_NAME "libdecnumber"
| #define PACKAGE_TARNAME "libdecnumber"
| #define PACKAGE_VERSION " "
| #define PACKAGE_STRING "libdecnumber  "
| #define PACKAGE_BUGREPORT "gcc-bugs@gcc.gnu.org"
| #define PACKAGE_URL ""
| #define STDC_HEADERS 1
| #define HAVE_SYS_TYPES_H 1
| #define HAVE_SYS_STAT_H 1
| #define HAVE_STDLIB_H 1
| #define HAVE_STRING_H 1
| #define HAVE_MEMORY_H 1
| #define HAVE_STRINGS_H 1
| #define HAVE_INTTYPES_H 1
| #define HAVE_STDINT_H 1
| #define HAVE_UNISTD_H 1
| #define HAVE_CTYPE_H 1
| #define HAVE_STDDEF_H 1
| #define HAVE_STRING_H 1
| #define HAVE_STDIO_H 1
| /* end confdefs.h.  */
| #include <sys/types.h>
| #include <stdint.h>
| 
| int
| main ()
| {
| if (sizeof ((uintptr_t)))
| 	    return 0;
|   ;
|   return 0;
| }
configure:3966: result: yes
configure:3975: checking for int_least32_t
configure:3975: arm-rockchip830-linux-uclibcgnueabihf-gcc -c -D_LARGEFILE_SOURCE -D_LARGEFILE64_SOURCE -D_FILE_OFFSET_BITS=64 -Os -march=armv7-a -mfpu=neon -mfloat-abi=hard -march=armv7-a -mfpu=neon -mfloat-abi=hard -mthumb -Wa,-mimplicit-it=thumb -mthumb-interwork  conftest.c >&5
configure:3975: $? = 0
configure:3975: arm-rockchip830-linux-uclibcgnueabihf-gcc -c -D_LARGEFILE_SOURCE -D_LARGEFILE64_SOURCE -D_FILE_OFFSET_BITS=64 -Os -march=armv7-a -mfpu=neon -mfloat-abi=hard -march=armv7-a -mfpu=neon -mfloat-abi=hard -mthumb -Wa,-mimplicit-it=thumb -mthumb-interwork  conftest.c >&5
conftest.c: In function 'main':
conftest.c:29:28: error: expected expression before ')' token
 if (sizeof ((int_least32_t)))
                            ^
configure:3975: $? = 1
configure: failed program was:
| /* confdefs.h */
| #define PACKAGE_NAME "libdecnumber"
| #define PACKAGE_TARNAME "libdecnumber"
| #define PACKAGE_VERSION " "
| #define PACKAGE_STRING "libdecnumber  "
| #define PACKAGE_BUGREPORT "gcc-bugs@gcc.gnu.org"
| #define PACKAGE_URL ""
| #define STDC_HEADERS 1
| #define HAVE_SYS_TYPES_H 1
| #define HAVE_SYS_STAT_H 1
| #define HAVE_STDLIB_H 1
| #define HAVE_STRING_H 1
| #define HAVE_MEMORY_H 1
| #define HAVE_STRINGS_H 1
| #define HAVE_INTTYPES_H 1
| #define HAVE_STDINT_H 1
| #define HAVE_UNISTD_H 1
| #define HAVE_CTYPE_H 1
| #define HAVE_STDDEF_H 1
| #define HAVE_STRING_H 1
| #define HAVE_STDIO_H 1
| /* end confdefs.h.  */
| #include <sys/types.h>
| #include <stdint.h>
| 
| int
| main ()
| {
| if (sizeof ((int_least32_t)))
| 	    return 0;
|   ;
|   return 0;
| }
configure:3975: result: yes
configure:3984: checking for int_fast32_t
configure:3984: arm-rockchip830-linux-uclibcgnueabihf-gcc -c -D_LARGEFILE_SOURCE -D_LARGEFILE64_SOURCE -D_FILE_OFFSET_BITS=64 -Os -march=armv7-a -mfpu=neon -mfloat-abi=hard -march=armv7-a -mfpu=neon -mfloat-abi=hard -mthumb -Wa,-mimplicit-it=thumb -mthumb-interwork  conftest.c >&5
configure:3984: $? = 0
configure:3984: arm-rockchip830-linux-uclibcgnueabihf-gcc -c -D_LARGEFILE_SOURCE -D_LARGEFILE64_SOURCE -D_FILE_OFFSET_BITS=64 -Os -march=armv7-a -mfpu=neon -mfloat-abi=hard -march=armv7-a -mfpu=neon -mfloat-abi=hard -mthumb -Wa,-mimplicit-it=thumb -mthumb-interwork  conftest.c >&5
conftest.c: In function 'main':
conftest.c:29:27: error: expected expression before ')' token
 if (sizeof ((int_fast32_t)))
                           ^
configure:3984: $? = 1
configure: failed program was:
| /* confdefs.h */
| #define PACKAGE_NAME "libdecnumber"
| #define PACKAGE_TARNAME "libdecnumber"
| #define PACKAGE_VERSION " "
| #define PACKAGE_STRING "libdecnumber  "
| #define PACKAGE_BUGREPORT "gcc-bugs@gcc.gnu.org"
| #define PACKAGE_URL ""
| #define STDC_HEADERS 1
| #define HAVE_SYS_TYPES_H 1
| #define HAVE_SYS_STAT_H 1
| #define HAVE_STDLIB_H 1
| #define HAVE_STRING_H 1
| #define HAVE_MEMORY_H 1
| #define HAVE_STRINGS_H 1
| #define HAVE_INTTYPES_H 1
| #define HAVE_STDINT_H 1
| #define HAVE_UNISTD_H 1
| #define HAVE_CTYPE_H 1
| #define HAVE_STDDEF_H 1
| #define HAVE_STRING_H 1
| #define HAVE_STDIO_H 1
| /* end confdefs.h.  */
| #include <sys/types.h>
| #include <stdint.h>
| 
| int
| main ()
| {
| if (sizeof ((int_fast32_t)))
| 	    return 0;
|   ;
|   return 0;
| }
configure:3984: result: yes
configure:3993: checking for uint64_t
configure:3993: arm-rockchip830-linux-uclibcgnueabihf-gcc -c -D_LARGEFILE_SOURCE -D_LARGEFILE64_SOURCE -D_FILE_OFFSET_BITS=64 -Os -march=armv7-a -mfpu=neon -mfloat-abi=hard -march=armv7-a -mfpu=neon -mfloat-abi=hard -mthumb -Wa,-mimplicit-it=thumb -mthumb-interwork  conftest.c >&5
configure:3993: $? = 0
configure:3993: arm-rockchip830-linux-uclibcgnueabihf-gcc -c -D_LARGEFILE_SOURCE -D_LARGEFILE64_SOURCE -D_FILE_OFFSET_BITS=64 -Os -march=armv7-a -mfpu=neon -mfloat-abi=hard -march=armv7-a -mfpu=neon -mfloat-abi=hard -mthumb -Wa,-mimplicit-it=thumb -mthumb-interwork  conftest.c >&5
conftest.c: In function 'main':
conftest.c:29:23: error: expected expression before ')' token
 if (sizeof ((uint64_t)))
                       ^
configure:3993: $? = 1
configure: failed program was:
| /* confdefs.h */
| #define PACKAGE_NAME "libdecnumber"
| #define PACKAGE_TARNAME "libdecnumber"
| #define PACKAGE_VERSION " "
| #define PACKAGE_STRING "libdecnumber  "
| #define PACKAGE_BUGREPORT "gcc-bugs@gcc.gnu.org"
| #define PACKAGE_URL ""
| #define STDC_HEADERS 1
| #define HAVE_SYS_TYPES_H 1
| #define HAVE_SYS_STAT_H 1
| #define HAVE_STDLIB_H 1
| #define HAVE_STRING_H 1
| #define HAVE_MEMORY_H 1
| #define HAVE_STRINGS_H 1
| #define HAVE_INTTYPES_H 1
| #define HAVE_STDINT_H 1
| #define HAVE_UNISTD_H 1
| #define HAVE_CTYPE_H 1
| #define HAVE_STDDEF_H 1
| #define HAVE_STRING_H 1
| #define HAVE_STDIO_H 1
| /* end confdefs.h.  */
| #include <sys/types.h>
| #include <stdint.h>
| 
| int
| main ()
| {
| if (sizeof ((uint64_t)))
| 	    return 0;
|   ;
|   return 0;
| }
configure:3993: result: yes
configure:4074: checking what to include in gstdint.h
configure:4102: result: stdint.h (already complete)
configure:4347: checking for an ANSI C-conforming const
configure:4413: arm-rockchip830-linux-uclibcgnueabihf-gcc -c -D_LARGEFILE_SOURCE -D_LARGEFILE64_SOURCE -D_FILE_OFFSET_BITS=64 -Os -march=armv7-a -mfpu=neon -mfloat-abi=hard -march=armv7-a -mfpu=neon -mfloat-abi=hard -mthumb -Wa,-mimplicit-it=thumb -mthumb-interwork  conftest.c >&5
configure:4413: $? = 0
configure:4420: result: yes
configure:4428: checking for off_t
configure:4428: arm-rockchip830-linux-uclibcgnueabihf-gcc -c -D_LARGEFILE_SOURCE -D_LARGEFILE64_SOURCE -D_FILE_OFFSET_BITS=64 -Os -march=armv7-a -mfpu=neon -mfloat-abi=hard -march=armv7-a -mfpu=neon -mfloat-abi=hard -mthumb -Wa,-mimplicit-it=thumb -mthumb-interwork  conftest.c >&5
configure:4428: $? = 0
configure:4428: arm-rockchip830-linux-uclibcgnueabihf-gcc -c -D_LARGEFILE_SOURCE -D_LARGEFILE64_SOURCE -D_FILE_OFFSET_BITS=64 -Os -march=armv7-a -mfpu=neon -mfloat-abi=hard -march=armv7-a -mfpu=neon -mfloat-abi=hard -mthumb -Wa,-mimplicit-it=thumb -mthumb-interwork  conftest.c >&5
conftest.c: In function 'main':
conftest.c:59:20: error: expected expression before ')' token
 if (sizeof ((off_t)))
                    ^
configure:4428: $? = 1
configure: failed program was:
| /* confdefs.h */
| #define PACKAGE_NAME "libdecnumber"
| #define PACKAGE_TARNAME "libdecnumber"
| #define PACKAGE_VERSION " "
| #define PACKAGE_STRING "libdecnumber  "
| #define PACKAGE_BUGREPORT "gcc-bugs@gcc.gnu.org"
| #define PACKAGE_URL ""
| #define STDC_HEADERS 1
| #define HAVE_SYS_TYPES_H 1
| #define HAVE_SYS_STAT_H 1
| #define HAVE_STDLIB_H 1
| #define HAVE_STRING_H 1
| #define HAVE_MEMORY_H 1
| #define HAVE_STRINGS_H 1
| #define HAVE_INTTYPES_H 1
| #define HAVE_STDINT_H 1
| #define HAVE_UNISTD_H 1
| #define HAVE_CTYPE_H 1
| #define HAVE_STDDEF_H 1
| #define HAVE_STRING_H 1
| #define HAVE_STDIO_H 1
| /* end confdefs.h.  */
| #include <stdio.h>
| #ifdef HAVE_SYS_TYPES_H
| # include <sys/types.h>
| #endif
| #ifdef HAVE_SYS_STAT_H
| # include <sys/stat.h>
| #endif
| #ifdef STDC_HEADERS
| # include <stdlib.h>
| # include <stddef.h>
| #else
| # ifdef HAVE_STDLIB_H
| #  include <stdlib.h>
| # endif
| #endif
| #ifdef HAVE_STRING_H
| # if !defined STDC_HEADERS && defined HAVE_MEMORY_H
| #  include <memory.h>
| # endif
| # include <string.h>
| #endif
| #ifdef HAVE_STRINGS_H
| # include <strings.h>
| #endif
| #ifdef HAVE_INTTYPES_H
| # include <inttypes.h>
| #endif
| #ifdef HAVE_STDINT_H
| # include <stdint.h>
| #endif
| #ifdef HAVE_UNISTD_H
| # include <unistd.h>
| #endif
| int
| main ()
| {
| if (sizeof ((off_t)))
| 	    return 0;
|   ;
|   return 0;
| }
configure:4428: result: yes
configure:4443: checking size of int
configure:4448: arm-rockchip830-linux-uclibcgnueabihf-gcc -c -D_LARGEFILE_SOURCE -D_LARGEFILE64_SOURCE -D_FILE_OFFSET_BITS=64 -Os -march=armv7-a -mfpu=neon -mfloat-abi=hard -march=armv7-a -mfpu=neon -mfloat-abi=hard -mthumb -Wa,-mimplicit-it=thumb -mthumb-interwork  conftest.c >&5
configure:4448: $? = 0
configure:4448: arm-rockchip830-linux-uclibcgnueabihf-gcc -c -D_LARGEFILE_SOURCE -D_LARGEFILE64_SOURCE -D_FILE_OFFSET_BITS=64 -Os -march=armv7-a -mfpu=neon -mfloat-abi=hard -march=armv7-a -mfpu=neon -mfloat-abi=hard -mthumb -Wa,-mimplicit-it=thumb -mthumb-interwork  conftest.c >&5
conftest.c: In function 'main':
conftest.c:59:12: error: size of array 'test_array' is negative
 static int test_array [1 - 2 * !(((long int) (sizeof (int))) <= 0)];
            ^~~~~~~~~~
configure:4448: $? = 1
configure: failed program was:
| /* confdefs.h */
| #define PACKAGE_NAME "libdecnumber"
| #define PACKAGE_TARNAME "libdecnumber"
| #define PACKAGE_VERSION " "
| #define PACKAGE_STRING "libdecnumber  "
| #define PACKAGE_BUGREPORT "gcc-bugs@gcc.gnu.org"
| #define PACKAGE_URL ""
| #define STDC_HEADERS 1
| #define HAVE_SYS_TYPES_H 1
| #define HAVE_SYS_STAT_H 1
| #define HAVE_STDLIB_H 1
| #define HAVE_STRING_H 1
| #define HAVE_MEMORY_H 1
| #define HAVE_STRINGS_H 1
| #define HAVE_INTTYPES_H 1
| #define HAVE_STDINT_H 1
| #define HAVE_UNISTD_H 1
| #define HAVE_CTYPE_H 1
| #define HAVE_STDDEF_H 1
| #define HAVE_STRING_H 1
| #define HAVE_STDIO_H 1
| /* end confdefs.h.  */
| #include <stdio.h>
| #ifdef HAVE_SYS_TYPES_H
| # include <sys/types.h>
| #endif
| #ifdef HAVE_SYS_STAT_H
| # include <sys/stat.h>
| #endif
| #ifdef STDC_HEADERS
| # include <stdlib.h>
| # include <stddef.h>
| #else
| # ifdef HAVE_STDLIB_H
| #  include <stdlib.h>
| # endif
| #endif
| #ifdef HAVE_STRING_H
| # if !defined STDC_HEADERS && defined HAVE_MEMORY_H
| #  include <memory.h>
| # endif
| # include <string.h>
| #endif
| #ifdef HAVE_STRINGS_H
| # include <strings.h>
| #endif
| #ifdef HAVE_INTTYPES_H
| # include <inttypes.h>
| #endif
| #ifdef HAVE_STDINT_H
| # include <stdint.h>
| #endif
| #ifdef HAVE_UNISTD_H
| # include <unistd.h>
| #endif
| int
| main ()
| {
| static int test_array [1 - 2 * !(((long int) (sizeof (int))) <= 0)];
| test_array [0] = 0;
| return test_array [0];
| 
|   ;
|   return 0;
| }
configure:4448: arm-rockchip830-linux-uclibcgnueabihf-gcc -c -D_LARGEFILE_SOURCE -D_LARGEFILE64_SOURCE -D_FILE_OFFSET_BITS=64 -Os -march=armv7-a -mfpu=neon -mfloat-abi=hard -march=armv7-a -mfpu=neon -mfloat-abi=hard -mthumb -Wa,-mimplicit-it=thumb -mthumb-interwork  conftest.c >&5
conftest.c: In function 'main':
conftest.c:59:12: error: size of array 'test_array' is negative
 static int test_array [1 - 2 * !(((long int) (sizeof (int))) <= 1)];
            ^~~~~~~~~~
configure:4448: $? = 1
configure: failed program was:
| /* confdefs.h */
| #define PACKAGE_NAME "libdecnumber"
| #define PACKAGE_TARNAME "libdecnumber"
| #define PACKAGE_VERSION " "
| #define PACKAGE_STRING "libdecnumber  "
| #define PACKAGE_BUGREPORT "gcc-bugs@gcc.gnu.org"
| #define PACKAGE_URL ""
| #define STDC_HEADERS 1
| #define HAVE_SYS_TYPES_H 1
| #define HAVE_SYS_STAT_H 1
| #define HAVE_STDLIB_H 1
| #define HAVE_STRING_H 1
| #define HAVE_MEMORY_H 1
| #define HAVE_STRINGS_H 1
| #define HAVE_INTTYPES_H 1
| #define HAVE_STDINT_H 1
| #define HAVE_UNISTD_H 1
| #define HAVE_CTYPE_H 1
| #define HAVE_STDDEF_H 1
| #define HAVE_STRING_H 1
| #define HAVE_STDIO_H 1
| /* end confdefs.h.  */
| #include <stdio.h>
| #ifdef HAVE_SYS_TYPES_H
| # include <sys/types.h>
| #endif
| #ifdef HAVE_SYS_STAT_H
| # include <sys/stat.h>
| #endif
| #ifdef STDC_HEADERS
| # include <stdlib.h>
| # include <stddef.h>
| #else
| # ifdef HAVE_STDLIB_H
| #  include <stdlib.h>
| # endif
| #endif
| #ifdef HAVE_STRING_H
| # if !defined STDC_HEADERS && defined HAVE_MEMORY_H
| #  include <memory.h>
| # endif
| # include <string.h>
| #endif
| #ifdef HAVE_STRINGS_H
| # include <strings.h>
| #endif
| #ifdef HAVE_INTTYPES_H
| # include <inttypes.h>
| #endif
| #ifdef HAVE_STDINT_H
| # include <stdint.h>
| #endif
| #ifdef HAVE_UNISTD_H
| # include <unistd.h>
| #endif
| int
| main ()
| {
| static int test_array [1 - 2 * !(((long int) (sizeof (int))) <= 1)];
| test_array [0] = 0;
| return test_array [0];
| 
|   ;
|   return 0;
| }
configure:4448: arm-rockchip830-linux-uclibcgnueabihf-gcc -c -D_LARGEFILE_SOURCE -D_LARGEFILE64_SOURCE -D_FILE_OFFSET_BITS=64 -Os -march=armv7-a -mfpu=neon -mfloat-abi=hard -march=armv7-a -mfpu=neon -mfloat-abi=hard -mthumb -Wa,-mimplicit-it=thumb -mthumb-interwork  conftest.c >&5
conftest.c: In function 'main':
conftest.c:59:12: error: size of array 'test_array' is negative
 static int test_array [1 - 2 * !(((long int) (sizeof (int))) <= 3)];
            ^~~~~~~~~~
configure:4448: $? = 1
configure: failed program was:
| /* confdefs.h */
| #define PACKAGE_NAME "libdecnumber"
| #define PACKAGE_TARNAME "libdecnumber"
| #define PACKAGE_VERSION " "
| #define PACKAGE_STRING "libdecnumber  "
| #define PACKAGE_BUGREPORT "gcc-bugs@gcc.gnu.org"
| #define PACKAGE_URL ""
| #define STDC_HEADERS 1
| #define HAVE_SYS_TYPES_H 1
| #define HAVE_SYS_STAT_H 1
| #define HAVE_STDLIB_H 1
| #define HAVE_STRING_H 1
| #define HAVE_MEMORY_H 1
| #define HAVE_STRINGS_H 1
| #define HAVE_INTTYPES_H 1
| #define HAVE_STDINT_H 1
| #define HAVE_UNISTD_H 1
| #define HAVE_CTYPE_H 1
| #define HAVE_STDDEF_H 1
| #define HAVE_STRING_H 1
| #define HAVE_STDIO_H 1
| /* end confdefs.h.  */
| #include <stdio.h>
| #ifdef HAVE_SYS_TYPES_H
| # include <sys/types.h>
| #endif
| #ifdef HAVE_SYS_STAT_H
| # include <sys/stat.h>
| #endif
| #ifdef STDC_HEADERS
| # include <stdlib.h>
| # include <stddef.h>
| #else
| # ifdef HAVE_STDLIB_H
| #  include <stdlib.h>
| # endif
| #endif
| #ifdef HAVE_STRING_H
| # if !defined STDC_HEADERS && defined HAVE_MEMORY_H
| #  include <memory.h>
| # endif
| # include <string.h>
| #endif
| #ifdef HAVE_STRINGS_H
| # include <strings.h>
| #endif
| #ifdef HAVE_INTTYPES_H
| # include <inttypes.h>
| #endif
| #ifdef HAVE_STDINT_H
| # include <stdint.h>
| #endif
| #ifdef HAVE_UNISTD_H
| # include <unistd.h>
| #endif
| int
| main ()
| {
| static int test_array [1 - 2 * !(((long int) (sizeof (int))) <= 3)];
| test_array [0] = 0;
| return test_array [0];
| 
|   ;
|   return 0;
| }
configure:4448: arm-rockchip830-linux-uclibcgnueabihf-gcc -c -D_LARGEFILE_SOURCE -D_LARGEFILE64_SOURCE -D_FILE_OFFSET_BITS=64 -Os -march=armv7-a -mfpu=neon -mfloat-abi=hard -march=armv7-a -mfpu=neon -mfloat-abi=hard -mthumb -Wa,-mimplicit-it=thumb -mthumb-interwork  conftest.c >&5
configure:4448: $? = 0
configure:4448: arm-rockchip830-linux-uclibcgnueabihf-gcc -c -D_LARGEFILE_SOURCE -D_LARGEFILE64_SOURCE -D_FILE_OFFSET_BITS=64 -Os -march=armv7-a -mfpu=neon -mfloat-abi=hard -march=armv7-a -mfpu=neon -mfloat-abi=hard -mthumb -Wa,-mimplicit-it=thumb -mthumb-interwork  conftest.c >&5
configure:4448: $? = 0
configure:4448: arm-rockchip830-linux-uclibcgnueabihf-gcc -c -D_LARGEFILE_SOURCE -D_LARGEFILE64_SOURCE -D_FILE_OFFSET_BITS=64 -Os -march=armv7-a -mfpu=neon -mfloat-abi=hard -march=armv7-a -mfpu=neon -mfloat-abi=hard -mthumb -Wa,-mimplicit-it=thumb -mthumb-interwork  conftest.c >&5
configure:4448: $? = 0
configure:4462: result: 4
configure:4476: checking size of long
configure:4481: arm-rockchip830-linux-uclibcgnueabihf-gcc -c -D_LARGEFILE_SOURCE -D_LARGEFILE64_SOURCE -D_FILE_OFFSET_BITS=64 -Os -march=armv7-a -mfpu=neon -mfloat-abi=hard -march=armv7-a -mfpu=neon -mfloat-abi=hard -mthumb -Wa,-mimplicit-it=thumb -mthumb-interwork  conftest.c >&5
configure:4481: $? = 0
configure:4481: arm-rockchip830-linux-uclibcgnueabihf-gcc -c -D_LARGEFILE_SOURCE -D_LARGEFILE64_SOURCE -D_FILE_OFFSET_BITS=64 -Os -march=armv7-a -mfpu=neon -mfloat-abi=hard -march=armv7-a -mfpu=neon -mfloat-abi=hard -mthumb -Wa,-mimplicit-it=thumb -mthumb-interwork  conftest.c >&5
conftest.c: In function 'main':
conftest.c:60:12: error: size of array 'test_array' is negative
 static int test_array [1 - 2 * !(((long int) (sizeof (long))) <= 0)];
            ^~~~~~~~~~
configure:4481: $? = 1
configure: failed program was:
| /* confdefs.h */
| #define PACKAGE_NAME "libdecnumber"
| #define PACKAGE_TARNAME "libdecnumber"
| #define PACKAGE_VERSION " "
| #define PACKAGE_STRING "libdecnumber  "
| #define PACKAGE_BUGREPORT "gcc-bugs@gcc.gnu.org"
| #define PACKAGE_URL ""
| #define STDC_HEADERS 1
| #define HAVE_SYS_TYPES_H 1
| #define HAVE_SYS_STAT_H 1
| #define HAVE_STDLIB_H 1
| #define HAVE_STRING_H 1
| #define HAVE_MEMORY_H 1
| #define HAVE_STRINGS_H 1
| #define HAVE_INTTYPES_H 1
| #define HAVE_STDINT_H 1
| #define HAVE_UNISTD_H 1
| #define HAVE_CTYPE_H 1
| #define HAVE_STDDEF_H 1
| #define HAVE_STRING_H 1
| #define HAVE_STDIO_H 1
| #define SIZEOF_INT 4
| /* end confdefs.h.  */
| #include <stdio.h>
| #ifdef HAVE_SYS_TYPES_H
| # include <sys/types.h>
| #endif
| #ifdef HAVE_SYS_STAT_H
| # include <sys/stat.h>
| #endif
| #ifdef STDC_HEADERS
| # include <stdlib.h>
| # include <stddef.h>
| #else
| # ifdef HAVE_STDLIB_H
| #  include <stdlib.h>
| # endif
| #endif
| #ifdef HAVE_STRING_H
| # if !defined STDC_HEADERS && defined HAVE_MEMORY_H
| #  include <memory.h>
| # endif
| # include <string.h>
| #endif
| #ifdef HAVE_STRINGS_H
| # include <strings.h>
| #endif
| #ifdef HAVE_INTTYPES_H
| # include <inttypes.h>
| #endif
| #ifdef HAVE_STDINT_H
| # include <stdint.h>
| #endif
| #ifdef HAVE_UNISTD_H
| # include <unistd.h>
| #endif
| int
| main ()
| {
| static int test_array [1 - 2 * !(((long int) (sizeof (long))) <= 0)];
| test_array [0] = 0;
| return test_array [0];
| 
|   ;
|   return 0;
| }
configure:4481: arm-rockchip830-linux-uclibcgnueabihf-gcc -c -D_LARGEFILE_SOURCE -D_LARGEFILE64_SOURCE -D_FILE_OFFSET_BITS=64 -Os -march=armv7-a -mfpu=neon -mfloat-abi=hard -march=armv7-a -mfpu=neon -mfloat-abi=hard -mthumb -Wa,-mimplicit-it=thumb -mthumb-interwork  conftest.c >&5
conftest.c: In function 'main':
conftest.c:60:12: error: size of array 'test_array' is negative
 static int test_array [1 - 2 * !(((long int) (sizeof (long))) <= 1)];
            ^~~~~~~~~~
configure:4481: $? = 1
configure: failed program was:
| /* confdefs.h */
| #define PACKAGE_NAME "libdecnumber"
| #define PACKAGE_TARNAME "libdecnumber"
| #define PACKAGE_VERSION " "
| #define PACKAGE_STRING "libdecnumber  "
| #define PACKAGE_BUGREPORT "gcc-bugs@gcc.gnu.org"
| #define PACKAGE_URL ""
| #define STDC_HEADERS 1
| #define HAVE_SYS_TYPES_H 1
| #define HAVE_SYS_STAT_H 1
| #define HAVE_STDLIB_H 1
| #define HAVE_STRING_H 1
| #define HAVE_MEMORY_H 1
| #define HAVE_STRINGS_H 1
| #define HAVE_INTTYPES_H 1
| #define HAVE_STDINT_H 1
| #define HAVE_UNISTD_H 1
| #define HAVE_CTYPE_H 1
| #define HAVE_STDDEF_H 1
| #define HAVE_STRING_H 1
| #define HAVE_STDIO_H 1
| #define SIZEOF_INT 4
| /* end confdefs.h.  */
| #include <stdio.h>
| #ifdef HAVE_SYS_TYPES_H
| # include <sys/types.h>
| #endif
| #ifdef HAVE_SYS_STAT_H
| # include <sys/stat.h>
| #endif
| #ifdef STDC_HEADERS
| # include <stdlib.h>
| # include <stddef.h>
| #else
| # ifdef HAVE_STDLIB_H
| #  include <stdlib.h>
| # endif
| #endif
| #ifdef HAVE_STRING_H
| # if !defined STDC_HEADERS && defined HAVE_MEMORY_H
| #  include <memory.h>
| # endif
| # include <string.h>
| #endif
| #ifdef HAVE_STRINGS_H
| # include <strings.h>
| #endif
| #ifdef HAVE_INTTYPES_H
| # include <inttypes.h>
| #endif
| #ifdef HAVE_STDINT_H
| # include <stdint.h>
| #endif
| #ifdef HAVE_UNISTD_H
| # include <unistd.h>
| #endif
| int
| main ()
| {
| static int test_array [1 - 2 * !(((long int) (sizeof (long))) <= 1)];
| test_array [0] = 0;
| return test_array [0];
| 
|   ;
|   return 0;
| }
configure:4481: arm-rockchip830-linux-uclibcgnueabihf-gcc -c -D_LARGEFILE_SOURCE -D_LARGEFILE64_SOURCE -D_FILE_OFFSET_BITS=64 -Os -march=armv7-a -mfpu=neon -mfloat-abi=hard -march=armv7-a -mfpu=neon -mfloat-abi=hard -mthumb -Wa,-mimplicit-it=thumb -mthumb-interwork  conftest.c >&5
conftest.c: In function 'main':
conftest.c:60:12: error: size of array 'test_array' is negative
 static int test_array [1 - 2 * !(((long int) (sizeof (long))) <= 3)];
            ^~~~~~~~~~
configure:4481: $? = 1
configure: failed program was:
| /* confdefs.h */
| #define PACKAGE_NAME "libdecnumber"
| #define PACKAGE_TARNAME "libdecnumber"
| #define PACKAGE_VERSION " "
| #define PACKAGE_STRING "libdecnumber  "
| #define PACKAGE_BUGREPORT "gcc-bugs@gcc.gnu.org"
| #define PACKAGE_URL ""
| #define STDC_HEADERS 1
| #define HAVE_SYS_TYPES_H 1
| #define HAVE_SYS_STAT_H 1
| #define HAVE_STDLIB_H 1
| #define HAVE_STRING_H 1
| #define HAVE_MEMORY_H 1
| #define HAVE_STRINGS_H 1
| #define HAVE_INTTYPES_H 1
| #define HAVE_STDINT_H 1
| #define HAVE_UNISTD_H 1
| #define HAVE_CTYPE_H 1
| #define HAVE_STDDEF_H 1
| #define HAVE_STRING_H 1
| #define HAVE_STDIO_H 1
| #define SIZEOF_INT 4
| /* end confdefs.h.  */
| #include <stdio.h>
| #ifdef HAVE_SYS_TYPES_H
| # include <sys/types.h>
| #endif
| #ifdef HAVE_SYS_STAT_H
| # include <sys/stat.h>
| #endif
| #ifdef STDC_HEADERS
| # include <stdlib.h>
| # include <stddef.h>
| #else
| # ifdef HAVE_STDLIB_H
| #  include <stdlib.h>
| # endif
| #endif
| #ifdef HAVE_STRING_H
| # if !defined STDC_HEADERS && defined HAVE_MEMORY_H
| #  include <memory.h>
| # endif
| # include <string.h>
| #endif
| #ifdef HAVE_STRINGS_H
| # include <strings.h>
| #endif
| #ifdef HAVE_INTTYPES_H
| # include <inttypes.h>
| #endif
| #ifdef HAVE_STDINT_H
| # include <stdint.h>
| #endif
| #ifdef HAVE_UNISTD_H
| # include <unistd.h>
| #endif
| int
| main ()
| {
| static int test_array [1 - 2 * !(((long int) (sizeof (long))) <= 3)];
| test_array [0] = 0;
| return test_array [0];
| 
|   ;
|   return 0;
| }
configure:4481: arm-rockchip830-linux-uclibcgnueabihf-gcc -c -D_LARGEFILE_SOURCE -D_LARGEFILE64_SOURCE -D_FILE_OFFSET_BITS=64 -Os -march=armv7-a -mfpu=neon -mfloat-abi=hard -march=armv7-a -mfpu=neon -mfloat-abi=hard -mthumb -Wa,-mimplicit-it=thumb -mthumb-interwork  conftest.c >&5
configure:4481: $? = 0
configure:4481: arm-rockchip830-linux-uclibcgnueabihf-gcc -c -D_LARGEFILE_SOURCE -D_LARGEFILE64_SOURCE -D_FILE_OFFSET_BITS=64 -Os -march=armv7-a -mfpu=neon -mfloat-abi=hard -march=armv7-a -mfpu=neon -mfloat-abi=hard -mthumb -Wa,-mimplicit-it=thumb -mthumb-interwork  conftest.c >&5
configure:4481: $? = 0
configure:4481: arm-rockchip830-linux-uclibcgnueabihf-gcc -c -D_LARGEFILE_SOURCE -D_LARGEFILE64_SOURCE -D_FILE_OFFSET_BITS=64 -Os -march=armv7-a -mfpu=neon -mfloat-abi=hard -march=armv7-a -mfpu=neon -mfloat-abi=hard -mthumb -Wa,-mimplicit-it=thumb -mthumb-interwork  conftest.c >&5
configure:4481: $? = 0
configure:4495: result: 4
configure:4507: checking for ANSI C header files
configure:4611: result: yes
configure:4639: checking build system type
configure:4653: result: x86_64-pc-linux-gnu
configure:4673: checking host system type
configure:4686: result: arm-rockchip830-linux-uclibcgnueabihf
configure:4706: checking target system type
configure:4719: result: arm-rockchip830-linux-uclibcgnueabihf
configure:4748: checking for decimal floating point
configure:4771: WARNING: decimal float is not supported for this target, ignored
configure:4813: result: dpd
configure:4818: checking whether byte ordering is bigendian
configure:4833: arm-rockchip830-linux-uclibcgnueabihf-gcc -c -D_LARGEFILE_SOURCE -D_LARGEFILE64_SOURCE -D_FILE_OFFSET_BITS=64 -Os -march=armv7-a -mfpu=neon -mfloat-abi=hard -march=armv7-a -mfpu=neon -mfloat-abi=hard -mthumb -Wa,-mimplicit-it=thumb -mthumb-interwork  conftest.c >&5
conftest.c:27:9: error: unknown type name 'not'
         not a universal capable compiler
         ^~~
conftest.c:27:15: error: expected '=', ',', ';', 'asm' or '__attribute__' before 'universal'
         not a universal capable compiler
               ^~~~~~~~~
conftest.c:27:15: error: unknown type name 'universal'
configure:4833: $? = 1
configure: failed program was:
| /* confdefs.h */
| #define PACKAGE_NAME "libdecnumber"
| #define PACKAGE_TARNAME "libdecnumber"
| #define PACKAGE_VERSION " "
| #define PACKAGE_STRING "libdecnumber  "
| #define PACKAGE_BUGREPORT "gcc-bugs@gcc.gnu.org"
| #define PACKAGE_URL ""
| #define STDC_HEADERS 1
| #define HAVE_SYS_TYPES_H 1
| #define HAVE_SYS_STAT_H 1
| #define HAVE_STDLIB_H 1
| #define HAVE_STRING_H 1
| #define HAVE_MEMORY_H 1
| #define HAVE_STRINGS_H 1
| #define HAVE_INTTYPES_H 1
| #define HAVE_STDINT_H 1
| #define HAVE_UNISTD_H 1
| #define HAVE_CTYPE_H 1
| #define HAVE_STDDEF_H 1
| #define HAVE_STRING_H 1
| #define HAVE_STDIO_H 1
| #define SIZEOF_INT 4
| #define SIZEOF_LONG 4
| #define STDC_HEADERS 1
| /* end confdefs.h.  */
| #ifndef __APPLE_CC__
| 	       not a universal capable compiler
| 	     #endif
| 	     typedef int dummy;
| 
configure:4878: arm-rockchip830-linux-uclibcgnueabihf-gcc -c -D_LARGEFILE_SOURCE -D_LARGEFILE64_SOURCE -D_FILE_OFFSET_BITS=64 -Os -march=armv7-a -mfpu=neon -mfloat-abi=hard -march=armv7-a -mfpu=neon -mfloat-abi=hard -mthumb -Wa,-mimplicit-it=thumb -mthumb-interwork  conftest.c >&5
configure:4878: $? = 0
configure:4896: arm-rockchip830-linux-uclibcgnueabihf-gcc -c -D_LARGEFILE_SOURCE -D_LARGEFILE64_SOURCE -D_FILE_OFFSET_BITS=64 -Os -march=armv7-a -mfpu=neon -mfloat-abi=hard -march=armv7-a -mfpu=neon -mfloat-abi=hard -mthumb -Wa,-mimplicit-it=thumb -mthumb-interwork  conftest.c >&5
conftest.c: In function 'main':
conftest.c:33:4: error: unknown type name 'not'; did you mean 'ino_t'?
    not big endian
    ^~~
    ino_t
conftest.c:33:12: error: expected '=', ',', ';', 'asm' or '__attribute__' before 'endian'
    not big endian
            ^~~~~~
configure:4896: $? = 1
configure: failed program was:
| /* confdefs.h */
| #define PACKAGE_NAME "libdecnumber"
| #define PACKAGE_TARNAME "libdecnumber"
| #define PACKAGE_VERSION " "
| #define PACKAGE_STRING "libdecnumber  "
| #define PACKAGE_BUGREPORT "gcc-bugs@gcc.gnu.org"
| #define PACKAGE_URL ""
| #define STDC_HEADERS 1
| #define HAVE_SYS_TYPES_H 1
| #define HAVE_SYS_STAT_H 1
| #define HAVE_STDLIB_H 1
| #define HAVE_STRING_H 1
| #define HAVE_MEMORY_H 1
| #define HAVE_STRINGS_H 1
| #define HAVE_INTTYPES_H 1
| #define HAVE_STDINT_H 1
| #define HAVE_UNISTD_H 1
| #define HAVE_CTYPE_H 1
| #define HAVE_STDDEF_H 1
| #define HAVE_STRING_H 1
| #define HAVE_STDIO_H 1
| #define SIZEOF_INT 4
| #define SIZEOF_LONG 4
| #define STDC_HEADERS 1
| /* end confdefs.h.  */
| #include <sys/types.h>
| 		#include <sys/param.h>
| 
| int
| main ()
| {
| #if BYTE_ORDER != BIG_ENDIAN
| 		 not big endian
| 		#endif
| 
|   ;
|   return 0;
| }
configure:5024: result: no
configure:5116: updating cache ./config.cache
configure:5166: creating ./config.status

## ---------------------- ##
## Running config.status. ##
## ---------------------- ##

This file was extended by libdecnumber config.status  , which was
generated by GNU Autoconf 2.69.  Invocation command line was

  CONFIG_FILES    = 
  CONFIG_HEADERS  = 
  CONFIG_LINKS    = 
  CONFIG_COMMANDS = 
  $ ./config.status 

on DESKTOP-RUMO6US

config.status:859: creating Makefile
config.status:859: creating config.h
config.status:1043: executing gstdint.h commands

## ---------------- ##
## Cache variables. ##
## ---------------- ##

ac_cv_build=x86_64-pc-linux-gnu
ac_cv_c_bigendian=no
ac_cv_c_compiler_gnu=yes
ac_cv_c_const=yes
ac_cv_env_CC_set=set
ac_cv_env_CC_value=arm-rockchip830-linux-uclibcgnueabihf-gcc
ac_cv_env_CFLAGS_set=set
ac_cv_env_CFLAGS_value='-D_LARGEFILE_SOURCE -D_LARGEFILE64_SOURCE -D_FILE_OFFSET_BITS=64 -Os -march=armv7-a -mfpu=neon -mfloat-abi=hard -march=armv7-a -mfpu=neon -mfloat-abi=hard -mthumb -Wa,-mimplicit-it=thumb -mthumb-interwork'
ac_cv_env_CPPFLAGS_set=
ac_cv_env_CPPFLAGS_value=
ac_cv_env_CPP_set=
ac_cv_env_CPP_value=
ac_cv_env_LDFLAGS_set=set
ac_cv_env_LDFLAGS_value=' -D_LARGEFILE_SOURCE -D_LARGEFILE64_SOURCE -D_FILE_OFFSET_BITS=64 -Os -march=armv7-a -mfpu=neon -mfloat-abi=hard -march=armv7-a -mfpu=neon -mfloat-abi=hard -mthumb -Wa,-mimplicit-it=thumb -mthumb-interwork'
ac_cv_env_LIBS_set=
ac_cv_env_LIBS_value=
ac_cv_env_build_alias_set=set
ac_cv_env_build_alias_value=x86_64-pc-linux-gnu
ac_cv_env_host_alias_set=set
ac_cv_env_host_alias_value=arm-rockchip830-linux-uclibcgnueabihf
ac_cv_env_target_alias_set=set
ac_cv_env_target_alias_value=arm-rockchip830-linux-uclibcgnueabihf
ac_cv_header_ctype_h=yes
ac_cv_header_inttypes_h=yes
ac_cv_header_memory_h=yes
ac_cv_header_stdc=yes
ac_cv_header_stddef_h=yes
ac_cv_header_stdint_h=yes
ac_cv_header_stdio_h=yes
ac_cv_header_stdlib_h=yes
ac_cv_header_string_h=yes
ac_cv_header_strings_h=yes
ac_cv_header_sys_stat_h=yes
ac_cv_header_sys_types_h=yes
ac_cv_header_unistd_h=yes
ac_cv_host=arm-rockchip830-linux-uclibcgnueabihf
ac_cv_objext=o
ac_cv_path_EGREP='/usr/bin/grep -E'
ac_cv_path_GREP=/usr/bin/grep
ac_cv_prog_ACLOCAL=aclocal
ac_cv_prog_AUTOCONF=autoconf
ac_cv_prog_AUTOHEADER=autoheader
ac_cv_prog_CC=arm-rockchip830-linux-uclibcgnueabihf-gcc
ac_cv_prog_CPP='arm-rockchip830-linux-uclibcgnueabihf-gcc -E'
ac_cv_prog_RANLIB=arm-rockchip830-linux-uclibcgnueabihf-ranlib
ac_cv_prog_cc_c89=
ac_cv_prog_cc_g=yes
ac_cv_prog_make_make_set=yes
ac_cv_sizeof_int=4
ac_cv_sizeof_long=4
ac_cv_target=arm-rockchip830-linux-uclibcgnueabihf
ac_cv_type_int_fast32_t=yes
ac_cv_type_int_least32_t=yes
ac_cv_type_off_t=yes
ac_cv_type_u_int64_t=no
ac_cv_type_uint64_t=yes
ac_cv_type_uintmax_t=yes
ac_cv_type_uintptr_t=yes
acx_cv_header_stdint=stdint.h
acx_cv_header_stdint_kind='(already complete)'
acx_cv_prog_cc_pedantic__Wlong_long=yes
acx_cv_prog_cc_warning__W=yes
acx_cv_prog_cc_warning__Wall=yes
acx_cv_prog_cc_warning__Wcast_qual=yes
acx_cv_prog_cc_warning__Wmissing_format_attribute=yes
acx_cv_prog_cc_warning__Wmissing_prototypes=yes
acx_cv_prog_cc_warning__Wold_style_definition=yes
acx_cv_prog_cc_warning__Wstrict_prototypes=yes
acx_cv_prog_cc_warning__Wwrite_strings=yes
acx_cv_prog_cc_warning__fno_lto=yes

## ----------------- ##
## Output variables. ##
## ----------------- ##

ACLOCAL='aclocal'
ADDITIONAL_OBJS=''
AUTOCONF='autoconf'
AUTOHEADER='autoheader'
CC='arm-rockchip830-linux-uclibcgnueabihf-gcc'
CFLAGS='-D_LARGEFILE_SOURCE -D_LARGEFILE64_SOURCE -D_FILE_OFFSET_BITS=64 -Os -march=armv7-a -mfpu=neon -mfloat-abi=hard -march=armv7-a -mfpu=neon -mfloat-abi=hard -mthumb -Wa,-mimplicit-it=thumb -mthumb-interwork'
CPP='arm-rockchip830-linux-uclibcgnueabihf-gcc -E'
CPPFLAGS=''
DEFS='-DHAVE_CONFIG_H'
ECHO_C=''
ECHO_N='-n'
ECHO_T=''
EGREP='/usr/bin/grep -E'
EXEEXT=''
GREP='/usr/bin/grep'
LDFLAGS=' -D_LARGEFILE_SOURCE -D_LARGEFILE64_SOURCE -D_FILE_OFFSET_BITS=64 -Os -march=armv7-a -mfpu=neon -mfloat-abi=hard -march=armv7-a -mfpu=neon -mfloat-abi=hard -mthumb -Wa,-mimplicit-it=thumb -mthumb-interwork'
LIBOBJS=''
LIBS=''
LTLIBOBJS=''
MAINT='#'
OBJEXT='o'
PACKAGE_BUGREPORT='gcc-bugs@gcc.gnu.org'
PACKAGE_NAME='libdecnumber'
PACKAGE_STRING='libdecnumber  '
PACKAGE_TARNAME='libdecnumber'
PACKAGE_URL=''
PACKAGE_VERSION=' '
PATH_SEPARATOR=':'
PICFLAG=''
RANLIB='arm-rockchip830-linux-uclibcgnueabihf-ranlib'
SET_MAKE=''
SHELL='/bin/bash'
WARN_CFLAGS='-W -Wall -Wwrite-strings -Wstrict-prototypes -Wmissing-prototypes -Wold-style-definition -Wmissing-format-attribute -Wcast-qual'
WARN_PEDANTIC='-pedantic -Wno-long-long'
WERROR=''
ac_ct_CC=''
bindir='${exec_prefix}/bin'
build='x86_64-pc-linux-gnu'
build_alias='x86_64-pc-linux-gnu'
build_cpu='x86_64'
build_os='linux-gnu'
build_vendor='pc'
datadir='${datarootdir}'
datarootdir='${prefix}/share'
docdir='${datarootdir}/doc/${PACKAGE_TARNAME}'
dvidir='${docdir}'
enable_decimal_float='dpd'
exec_prefix='${prefix}'
host='arm-rockchip830-linux-uclibcgnueabihf'
host_alias='arm-rockchip830-linux-uclibcgnueabihf'
host_cpu='arm'
host_os='linux-uclibcgnueabihf'
host_vendor='rockchip830'
htmldir='${docdir}'
includedir='${prefix}/include'
infodir='${datarootdir}/info'
libdir='${exec_prefix}/lib'
libexecdir='${exec_prefix}/libexec'
localedir='${datarootdir}/locale'
localstatedir='${prefix}/var'
mandir='${datarootdir}/man'
nolto_flags='-fno-lto'
oldincludedir='/usr/include'
pdfdir='${docdir}'
prefix='/home/cro/Sdk/luckfox-pico/sysdrv/tools/board/gdb/gdb-10.2/out'
program_transform_name='s,y,y,'
psdir='${docdir}'
sbindir='${exec_prefix}/sbin'
sharedstatedir='${prefix}/com'
sysconfdir='${prefix}/etc'
target='arm-rockchip830-linux-uclibcgnueabihf'
target_alias='arm-rockchip830-linux-uclibcgnueabihf'
target_cpu='arm'
target_os='linux-uclibcgnueabihf'
target_vendor='rockchip830'

## ----------- ##
## confdefs.h. ##
## ----------- ##

/* confdefs.h */
#define PACKAGE_NAME "libdecnumber"
#define PACKAGE_TARNAME "libdecnumber"
#define PACKAGE_VERSION " "
#define PACKAGE_STRING "libdecnumber  "
#define PACKAGE_BUGREPORT "gcc-bugs@gcc.gnu.org"
#define PACKAGE_URL ""
#define STDC_HEADERS 1
#define HAVE_SYS_TYPES_H 1
#define HAVE_SYS_STAT_H 1
#define HAVE_STDLIB_H 1
#define HAVE_STRING_H 1
#define HAVE_MEMORY_H 1
#define HAVE_STRINGS_H 1
#define HAVE_INTTYPES_H 1
#define HAVE_STDINT_H 1
#define HAVE_UNISTD_H 1
#define HAVE_CTYPE_H 1
#define HAVE_STDDEF_H 1
#define HAVE_STRING_H 1
#define HAVE_STDIO_H 1
#define SIZEOF_INT 4
#define SIZEOF_LONG 4
#define STDC_HEADERS 1

configure: exit 0
